[2024-05-18 13:12:21] local.ERROR: SQLSTATE[42S02]: Base table or view not found: 1146 Table 'sscdb.log_auths' doesn't exist (SQL: insert into `log_auths` (`account_type`, `session_id`, `user_id`, `action_type`, `logged_in_at`, `account_input`, `logged_out_at`, `user_agent`, `duration`, `ip_address`, `error_code`, `result`, `updated_at`, `created_at`) values (SYSTEM, SYSTEM-664846BC22EA9, ?, LOGIN, 2024-05-18 13:12:12, tranminh, ?, ?, 0, 127.0.0.1, 401, FAILED, 2024-05-18 13:12:12, 2024-05-18 13:12:12)) {"exception":"[object] (Illuminate\\Database\\QueryException(code: 42S02): SQLSTATE[42S02]: Base table or view not found: 1146 Table 'sscdb.log_auths' doesn't exist (SQL: insert into `log_auths` (`account_type`, `session_id`, `user_id`, `action_type`, `logged_in_at`, `account_input`, `logged_out_at`, `user_agent`, `duration`, `ip_address`, `error_code`, `result`, `updated_at`, `created_at`) values (SYSTEM, SYSTEM-664846BC22EA9, ?, LOGIN, 2024-05-18 13:12:12, tranminh, ?, ?, 0, 127.0.0.1, 401, FAILED, 2024-05-18 13:12:12, 2024-05-18 13:12:12)) at D:\\OneDrive\\Code Work\\laravel\\api-ssc.edu\\vendor\\laravel\\framework\\src\\Illuminate\\Database\\Connection.php:671)
[stacktrace]
#0 D:\\OneDrive\\Code Work\\laravel\\api-ssc.edu\\vendor\\laravel\\framework\\src\\Illuminate\\Database\\Connection.php(631): Illuminate\\Database\\Connection->runQueryCallback('insert into `lo...', Array, Object(Closure))
#1 D:\\OneDrive\\Code Work\\laravel\\api-ssc.edu\\vendor\\laravel\\framework\\src\\Illuminate\\Database\\Connection.php(465): Illuminate\\Database\\Connection->run('insert into `lo...', Array, Object(Closure))
#2 D:\\OneDrive\\Code Work\\laravel\\api-ssc.edu\\vendor\\laravel\\framework\\src\\Illuminate\\Database\\Connection.php(417): Illuminate\\Database\\Connection->statement('insert into `lo...', Array)
#3 D:\\OneDrive\\Code Work\\laravel\\api-ssc.edu\\vendor\\laravel\\framework\\src\\Illuminate\\Database\\Query\\Processors\\Processor.php(32): Illuminate\\Database\\Connection->insert('insert into `lo...', Array)
#4 D:\\OneDrive\\Code Work\\laravel\\api-ssc.edu\\vendor\\laravel\\framework\\src\\Illuminate\\Database\\Query\\Builder.php(2839): Illuminate\\Database\\Query\\Processors\\Processor->processInsertGetId(Object(Illuminate\\Database\\Query\\Builder), 'insert into `lo...', Array, 'id')
#5 D:\\OneDrive\\Code Work\\laravel\\api-ssc.edu\\vendor\\laravel\\framework\\src\\Illuminate\\Database\\Eloquent\\Builder.php(1422): Illuminate\\Database\\Query\\Builder->insertGetId(Array, 'id')
#6 D:\\OneDrive\\Code Work\\laravel\\api-ssc.edu\\vendor\\laravel\\framework\\src\\Illuminate\\Database\\Eloquent\\Model.php(902): Illuminate\\Database\\Eloquent\\Builder->__call('insertGetId', Array)
#7 D:\\OneDrive\\Code Work\\laravel\\api-ssc.edu\\vendor\\laravel\\framework\\src\\Illuminate\\Database\\Eloquent\\Model.php(867): Illuminate\\Database\\Eloquent\\Model->insertAndSetId(Object(Illuminate\\Database\\Eloquent\\Builder), Array)
#8 D:\\OneDrive\\Code Work\\laravel\\api-ssc.edu\\vendor\\laravel\\framework\\src\\Illuminate\\Database\\Eloquent\\Model.php(730): Illuminate\\Database\\Eloquent\\Model->performInsert(Object(Illuminate\\Database\\Eloquent\\Builder))
#9 D:\\OneDrive\\Code Work\\laravel\\api-ssc.edu\\vendor\\laravel\\framework\\src\\Illuminate\\Database\\Eloquent\\Builder.php(776): Illuminate\\Database\\Eloquent\\Model->save()
#10 D:\\OneDrive\\Code Work\\laravel\\api-ssc.edu\\vendor\\laravel\\framework\\src\\Illuminate\\Support\\helpers.php(433): Illuminate\\Database\\Eloquent\\Builder->Illuminate\\Database\\Eloquent\\{closure}(Object(App\\Models\\LogAuth))
#11 D:\\OneDrive\\Code Work\\laravel\\api-ssc.edu\\vendor\\laravel\\framework\\src\\Illuminate\\Database\\Eloquent\\Builder.php(777): tap(Object(App\\Models\\LogAuth), Object(Closure))
#12 D:\\OneDrive\\Code Work\\laravel\\api-ssc.edu\\vendor\\laravel\\framework\\src\\Illuminate\\Support\\Traits\\ForwardsCalls.php(23): Illuminate\\Database\\Eloquent\\Builder->create(Array)
#13 D:\\OneDrive\\Code Work\\laravel\\api-ssc.edu\\vendor\\laravel\\framework\\src\\Illuminate\\Database\\Eloquent\\Model.php(1736): Illuminate\\Database\\Eloquent\\Model->forwardCallTo(Object(Illuminate\\Database\\Eloquent\\Builder), 'create', Array)
#14 D:\\OneDrive\\Code Work\\laravel\\api-ssc.edu\\vendor\\laravel\\framework\\src\\Illuminate\\Database\\Eloquent\\Model.php(1748): Illuminate\\Database\\Eloquent\\Model->__call('create', Array)
#15 D:\\OneDrive\\Code Work\\laravel\\api-ssc.edu\\app\\Listeners\\SessionLogListener.php(32): Illuminate\\Database\\Eloquent\\Model::__callStatic('create', Array)
#16 D:\\OneDrive\\Code Work\\laravel\\api-ssc.edu\\vendor\\laravel\\framework\\src\\Illuminate\\Events\\Dispatcher.php(401): App\\Listeners\\SessionLogListener->handle(Object(App\\Events\\SessionLogEvent))
#17 D:\\OneDrive\\Code Work\\laravel\\api-ssc.edu\\vendor\\laravel\\framework\\src\\Illuminate\\Events\\Dispatcher.php(226): Illuminate\\Events\\Dispatcher->Illuminate\\Events\\{closure}('App\\\\Events\\\\Sess...', Array)
#18 D:\\OneDrive\\Code Work\\laravel\\api-ssc.edu\\vendor\\laravel\\framework\\src\\Illuminate\\Foundation\\helpers.php(476): Illuminate\\Events\\Dispatcher->dispatch('App\\\\Events\\\\Sess...')
#19 D:\\OneDrive\\Code Work\\laravel\\api-ssc.edu\\app\\Http\\Controllers\\Api\\AuthController.php(65): event(Object(App\\Events\\SessionLogEvent))
#20 D:\\OneDrive\\Code Work\\laravel\\api-ssc.edu\\vendor\\laravel\\framework\\src\\Illuminate\\Routing\\Controller.php(54): App\\Http\\Controllers\\Api\\AuthController->login(Object(App\\Http\\Requests\\Auth\\LoginRequest))
#21 D:\\OneDrive\\Code Work\\laravel\\api-ssc.edu\\vendor\\laravel\\framework\\src\\Illuminate\\Routing\\ControllerDispatcher.php(45): Illuminate\\Routing\\Controller->callAction('login', Array)
#22 D:\\OneDrive\\Code Work\\laravel\\api-ssc.edu\\vendor\\laravel\\framework\\src\\Illuminate\\Routing\\Route.php(239): Illuminate\\Routing\\ControllerDispatcher->dispatch(Object(Illuminate\\Routing\\Route), Object(App\\Http\\Controllers\\Api\\AuthController), 'login')
#23 D:\\OneDrive\\Code Work\\laravel\\api-ssc.edu\\vendor\\laravel\\framework\\src\\Illuminate\\Routing\\Route.php(196): Illuminate\\Routing\\Route->runController()
#24 D:\\OneDrive\\Code Work\\laravel\\api-ssc.edu\\vendor\\laravel\\framework\\src\\Illuminate\\Routing\\Router.php(685): Illuminate\\Routing\\Route->run()
#25 D:\\OneDrive\\Code Work\\laravel\\api-ssc.edu\\vendor\\laravel\\framework\\src\\Illuminate\\Pipeline\\Pipeline.php(128): Illuminate\\Routing\\Router->Illuminate\\Routing\\{closure}(Object(Illuminate\\Http\\Request))
#26 D:\\OneDrive\\Code Work\\laravel\\api-ssc.edu\\vendor\\laravel\\framework\\src\\Illuminate\\Routing\\Middleware\\SubstituteBindings.php(41): Illuminate\\Pipeline\\Pipeline->Illuminate\\Pipeline\\{closure}(Object(Illuminate\\Http\\Request))
#27 D:\\OneDrive\\Code Work\\laravel\\api-ssc.edu\\vendor\\laravel\\framework\\src\\Illuminate\\Pipeline\\Pipeline.php(167): Illuminate\\Routing\\Middleware\\SubstituteBindings->handle(Object(Illuminate\\Http\\Request), Object(Closure))
#28 D:\\OneDrive\\Code Work\\laravel\\api-ssc.edu\\vendor\\laravel\\framework\\src\\Illuminate\\Routing\\Middleware\\ThrottleRequests.php(59): Illuminate\\Pipeline\\Pipeline->Illuminate\\Pipeline\\{closure}(Object(Illuminate\\Http\\Request))
#29 D:\\OneDrive\\Code Work\\laravel\\api-ssc.edu\\vendor\\laravel\\framework\\src\\Illuminate\\Pipeline\\Pipeline.php(167): Illuminate\\Routing\\Middleware\\ThrottleRequests->handle(Object(Illuminate\\Http\\Request), Object(Closure), 60, '1')
#30 D:\\OneDrive\\Code Work\\laravel\\api-ssc.edu\\vendor\\laravel\\framework\\src\\Illuminate\\Pipeline\\Pipeline.php(103): Illuminate\\Pipeline\\Pipeline->Illuminate\\Pipeline\\{closure}(Object(Illuminate\\Http\\Request))
#31 D:\\OneDrive\\Code Work\\laravel\\api-ssc.edu\\vendor\\laravel\\framework\\src\\Illuminate\\Routing\\Router.php(687): Illuminate\\Pipeline\\Pipeline->then(Object(Closure))
#32 D:\\OneDrive\\Code Work\\laravel\\api-ssc.edu\\vendor\\laravel\\framework\\src\\Illuminate\\Routing\\Router.php(662): Illuminate\\Routing\\Router->runRouteWithinStack(Object(Illuminate\\Routing\\Route), Object(Illuminate\\Http\\Request))
#33 D:\\OneDrive\\Code Work\\laravel\\api-ssc.edu\\vendor\\laravel\\framework\\src\\Illuminate\\Routing\\Router.php(628): Illuminate\\Routing\\Router->runRoute(Object(Illuminate\\Http\\Request), Object(Illuminate\\Routing\\Route))
#34 D:\\OneDrive\\Code Work\\laravel\\api-ssc.edu\\vendor\\laravel\\framework\\src\\Illuminate\\Routing\\Router.php(617): Illuminate\\Routing\\Router->dispatchToRoute(Object(Illuminate\\Http\\Request))
#35 D:\\OneDrive\\Code Work\\laravel\\api-ssc.edu\\vendor\\laravel\\framework\\src\\Illuminate\\Foundation\\Http\\Kernel.php(165): Illuminate\\Routing\\Router->dispatch(Object(Illuminate\\Http\\Request))
#36 D:\\OneDrive\\Code Work\\laravel\\api-ssc.edu\\vendor\\laravel\\framework\\src\\Illuminate\\Pipeline\\Pipeline.php(128): Illuminate\\Foundation\\Http\\Kernel->Illuminate\\Foundation\\Http\\{closure}(Object(Illuminate\\Http\\Request))
#37 D:\\OneDrive\\Code Work\\laravel\\api-ssc.edu\\app\\Http\\Middleware\\FilterParams.php(37): Illuminate\\Pipeline\\Pipeline->Illuminate\\Pipeline\\{closure}(Object(Illuminate\\Http\\Request))
#38 D:\\OneDrive\\Code Work\\laravel\\api-ssc.edu\\vendor\\laravel\\framework\\src\\Illuminate\\Pipeline\\Pipeline.php(167): App\\Http\\Middleware\\FilterParams->handle(Object(Illuminate\\Http\\Request), Object(Closure))
#39 D:\\OneDrive\\Code Work\\laravel\\api-ssc.edu\\app\\Http\\Middleware\\FilterOtp.php(44): Illuminate\\Pipeline\\Pipeline->Illuminate\\Pipeline\\{closure}(Object(Illuminate\\Http\\Request))
#40 D:\\OneDrive\\Code Work\\laravel\\api-ssc.edu\\vendor\\laravel\\framework\\src\\Illuminate\\Pipeline\\Pipeline.php(167): App\\Http\\Middleware\\FilterOtp->handle(Object(Illuminate\\Http\\Request), Object(Closure))
#41 D:\\OneDrive\\Code Work\\laravel\\api-ssc.edu\\app\\Http\\Middleware\\FilterPassword.php(72): Illuminate\\Pipeline\\Pipeline->Illuminate\\Pipeline\\{closure}(Object(Illuminate\\Http\\Request))
#42 D:\\OneDrive\\Code Work\\laravel\\api-ssc.edu\\vendor\\laravel\\framework\\src\\Illuminate\\Pipeline\\Pipeline.php(167): App\\Http\\Middleware\\FilterPassword->handle(Object(Illuminate\\Http\\Request), Object(Closure))
#43 D:\\OneDrive\\Code Work\\laravel\\api-ssc.edu\\vendor\\laravel\\framework\\src\\Illuminate\\Foundation\\Http\\Middleware\\TransformsRequest.php(21): Illuminate\\Pipeline\\Pipeline->Illuminate\\Pipeline\\{closure}(Object(Illuminate\\Http\\Request))
#44 D:\\OneDrive\\Code Work\\laravel\\api-ssc.edu\\vendor\\laravel\\framework\\src\\Illuminate\\Pipeline\\Pipeline.php(167): Illuminate\\Foundation\\Http\\Middleware\\TransformsRequest->handle(Object(Illuminate\\Http\\Request), Object(Closure))
#45 D:\\OneDrive\\Code Work\\laravel\\api-ssc.edu\\vendor\\laravel\\framework\\src\\Illuminate\\Foundation\\Http\\Middleware\\TransformsRequest.php(21): Illuminate\\Pipeline\\Pipeline->Illuminate\\Pipeline\\{closure}(Object(Illuminate\\Http\\Request))
#46 D:\\OneDrive\\Code Work\\laravel\\api-ssc.edu\\vendor\\laravel\\framework\\src\\Illuminate\\Pipeline\\Pipeline.php(167): Illuminate\\Foundation\\Http\\Middleware\\TransformsRequest->handle(Object(Illuminate\\Http\\Request), Object(Closure))
#47 D:\\OneDrive\\Code Work\\laravel\\api-ssc.edu\\vendor\\laravel\\framework\\src\\Illuminate\\Foundation\\Http\\Middleware\\ValidatePostSize.php(27): Illuminate\\Pipeline\\Pipeline->Illuminate\\Pipeline\\{closure}(Object(Illuminate\\Http\\Request))
#48 D:\\OneDrive\\Code Work\\laravel\\api-ssc.edu\\vendor\\laravel\\framework\\src\\Illuminate\\Pipeline\\Pipeline.php(167): Illuminate\\Foundation\\Http\\Middleware\\ValidatePostSize->handle(Object(Illuminate\\Http\\Request), Object(Closure))
#49 D:\\OneDrive\\Code Work\\laravel\\api-ssc.edu\\vendor\\laravel\\framework\\src\\Illuminate\\Foundation\\Http\\Middleware\\CheckForMaintenanceMode.php(63): Illuminate\\Pipeline\\Pipeline->Illuminate\\Pipeline\\{closure}(Object(Illuminate\\Http\\Request))
#50 D:\\OneDrive\\Code Work\\laravel\\api-ssc.edu\\app\\Http\\Middleware\\CheckForMaintenanceMode.php(29): Illuminate\\Foundation\\Http\\Middleware\\CheckForMaintenanceMode->handle(Object(Illuminate\\Http\\Request), Object(Closure))
#51 D:\\OneDrive\\Code Work\\laravel\\api-ssc.edu\\vendor\\laravel\\framework\\src\\Illuminate\\Pipeline\\Pipeline.php(167): App\\Http\\Middleware\\CheckForMaintenanceMode->handle(Object(Illuminate\\Http\\Request), Object(Closure))
#52 D:\\OneDrive\\Code Work\\laravel\\api-ssc.edu\\vendor\\fruitcake\\laravel-cors\\src\\HandleCors.php(52): Illuminate\\Pipeline\\Pipeline->Illuminate\\Pipeline\\{closure}(Object(Illuminate\\Http\\Request))
#53 D:\\OneDrive\\Code Work\\laravel\\api-ssc.edu\\vendor\\laravel\\framework\\src\\Illuminate\\Pipeline\\Pipeline.php(167): Fruitcake\\Cors\\HandleCors->handle(Object(Illuminate\\Http\\Request), Object(Closure))
#54 D:\\OneDrive\\Code Work\\laravel\\api-ssc.edu\\vendor\\fideloper\\proxy\\src\\TrustProxies.php(57): Illuminate\\Pipeline\\Pipeline->Illuminate\\Pipeline\\{closure}(Object(Illuminate\\Http\\Request))
#55 D:\\OneDrive\\Code Work\\laravel\\api-ssc.edu\\vendor\\laravel\\framework\\src\\Illuminate\\Pipeline\\Pipeline.php(167): Fideloper\\Proxy\\TrustProxies->handle(Object(Illuminate\\Http\\Request), Object(Closure))
#56 D:\\OneDrive\\Code Work\\laravel\\api-ssc.edu\\vendor\\laravel\\framework\\src\\Illuminate\\Pipeline\\Pipeline.php(103): Illuminate\\Pipeline\\Pipeline->Illuminate\\Pipeline\\{closure}(Object(Illuminate\\Http\\Request))
#57 D:\\OneDrive\\Code Work\\laravel\\api-ssc.edu\\vendor\\laravel\\framework\\src\\Illuminate\\Foundation\\Http\\Kernel.php(140): Illuminate\\Pipeline\\Pipeline->then(Object(Closure))
#58 D:\\OneDrive\\Code Work\\laravel\\api-ssc.edu\\vendor\\laravel\\framework\\src\\Illuminate\\Foundation\\Http\\Kernel.php(109): Illuminate\\Foundation\\Http\\Kernel->sendRequestThroughRouter(Object(Illuminate\\Http\\Request))
#59 D:\\OneDrive\\Code Work\\laravel\\api-ssc.edu\\public\\index.php(55): Illuminate\\Foundation\\Http\\Kernel->handle(Object(Illuminate\\Http\\Request))
#60 D:\\OneDrive\\Code Work\\laravel\\api-ssc.edu\\server.php(21): require_once('D:\\\\OneDrive\\\\Cod...')
#61 {main}

[previous exception] [object] (PDOException(code: 42S02): SQLSTATE[42S02]: Base table or view not found: 1146 Table 'sscdb.log_auths' doesn't exist at D:\\OneDrive\\Code Work\\laravel\\api-ssc.edu\\vendor\\laravel\\framework\\src\\Illuminate\\Database\\Connection.php:458)
[stacktrace]
#0 D:\\OneDrive\\Code Work\\laravel\\api-ssc.edu\\vendor\\laravel\\framework\\src\\Illuminate\\Database\\Connection.php(458): PDO->prepare('insert into `lo...')
#1 D:\\OneDrive\\Code Work\\laravel\\api-ssc.edu\\vendor\\laravel\\framework\\src\\Illuminate\\Database\\Connection.php(664): Illuminate\\Database\\Connection->Illuminate\\Database\\{closure}('insert into `lo...', Array)
#2 D:\\OneDrive\\Code Work\\laravel\\api-ssc.edu\\vendor\\laravel\\framework\\src\\Illuminate\\Database\\Connection.php(631): Illuminate\\Database\\Connection->runQueryCallback('insert into `lo...', Array, Object(Closure))
#3 D:\\OneDrive\\Code Work\\laravel\\api-ssc.edu\\vendor\\laravel\\framework\\src\\Illuminate\\Database\\Connection.php(465): Illuminate\\Database\\Connection->run('insert into `lo...', Array, Object(Closure))
#4 D:\\OneDrive\\Code Work\\laravel\\api-ssc.edu\\vendor\\laravel\\framework\\src\\Illuminate\\Database\\Connection.php(417): Illuminate\\Database\\Connection->statement('insert into `lo...', Array)
#5 D:\\OneDrive\\Code Work\\laravel\\api-ssc.edu\\vendor\\laravel\\framework\\src\\Illuminate\\Database\\Query\\Processors\\Processor.php(32): Illuminate\\Database\\Connection->insert('insert into `lo...', Array)
#6 D:\\OneDrive\\Code Work\\laravel\\api-ssc.edu\\vendor\\laravel\\framework\\src\\Illuminate\\Database\\Query\\Builder.php(2839): Illuminate\\Database\\Query\\Processors\\Processor->processInsertGetId(Object(Illuminate\\Database\\Query\\Builder), 'insert into `lo...', Array, 'id')
#7 D:\\OneDrive\\Code Work\\laravel\\api-ssc.edu\\vendor\\laravel\\framework\\src\\Illuminate\\Database\\Eloquent\\Builder.php(1422): Illuminate\\Database\\Query\\Builder->insertGetId(Array, 'id')
#8 D:\\OneDrive\\Code Work\\laravel\\api-ssc.edu\\vendor\\laravel\\framework\\src\\Illuminate\\Database\\Eloquent\\Model.php(902): Illuminate\\Database\\Eloquent\\Builder->__call('insertGetId', Array)
#9 D:\\OneDrive\\Code Work\\laravel\\api-ssc.edu\\vendor\\laravel\\framework\\src\\Illuminate\\Database\\Eloquent\\Model.php(867): Illuminate\\Database\\Eloquent\\Model->insertAndSetId(Object(Illuminate\\Database\\Eloquent\\Builder), Array)
#10 D:\\OneDrive\\Code Work\\laravel\\api-ssc.edu\\vendor\\laravel\\framework\\src\\Illuminate\\Database\\Eloquent\\Model.php(730): Illuminate\\Database\\Eloquent\\Model->performInsert(Object(Illuminate\\Database\\Eloquent\\Builder))
#11 D:\\OneDrive\\Code Work\\laravel\\api-ssc.edu\\vendor\\laravel\\framework\\src\\Illuminate\\Database\\Eloquent\\Builder.php(776): Illuminate\\Database\\Eloquent\\Model->save()
#12 D:\\OneDrive\\Code Work\\laravel\\api-ssc.edu\\vendor\\laravel\\framework\\src\\Illuminate\\Support\\helpers.php(433): Illuminate\\Database\\Eloquent\\Builder->Illuminate\\Database\\Eloquent\\{closure}(Object(App\\Models\\LogAuth))
#13 D:\\OneDrive\\Code Work\\laravel\\api-ssc.edu\\vendor\\laravel\\framework\\src\\Illuminate\\Database\\Eloquent\\Builder.php(777): tap(Object(App\\Models\\LogAuth), Object(Closure))
#14 D:\\OneDrive\\Code Work\\laravel\\api-ssc.edu\\vendor\\laravel\\framework\\src\\Illuminate\\Support\\Traits\\ForwardsCalls.php(23): Illuminate\\Database\\Eloquent\\Builder->create(Array)
#15 D:\\OneDrive\\Code Work\\laravel\\api-ssc.edu\\vendor\\laravel\\framework\\src\\Illuminate\\Database\\Eloquent\\Model.php(1736): Illuminate\\Database\\Eloquent\\Model->forwardCallTo(Object(Illuminate\\Database\\Eloquent\\Builder), 'create', Array)
#16 D:\\OneDrive\\Code Work\\laravel\\api-ssc.edu\\vendor\\laravel\\framework\\src\\Illuminate\\Database\\Eloquent\\Model.php(1748): Illuminate\\Database\\Eloquent\\Model->__call('create', Array)
#17 D:\\OneDrive\\Code Work\\laravel\\api-ssc.edu\\app\\Listeners\\SessionLogListener.php(32): Illuminate\\Database\\Eloquent\\Model::__callStatic('create', Array)
#18 D:\\OneDrive\\Code Work\\laravel\\api-ssc.edu\\vendor\\laravel\\framework\\src\\Illuminate\\Events\\Dispatcher.php(401): App\\Listeners\\SessionLogListener->handle(Object(App\\Events\\SessionLogEvent))
#19 D:\\OneDrive\\Code Work\\laravel\\api-ssc.edu\\vendor\\laravel\\framework\\src\\Illuminate\\Events\\Dispatcher.php(226): Illuminate\\Events\\Dispatcher->Illuminate\\Events\\{closure}('App\\\\Events\\\\Sess...', Array)
#20 D:\\OneDrive\\Code Work\\laravel\\api-ssc.edu\\vendor\\laravel\\framework\\src\\Illuminate\\Foundation\\helpers.php(476): Illuminate\\Events\\Dispatcher->dispatch('App\\\\Events\\\\Sess...')
#21 D:\\OneDrive\\Code Work\\laravel\\api-ssc.edu\\app\\Http\\Controllers\\Api\\AuthController.php(65): event(Object(App\\Events\\SessionLogEvent))
#22 D:\\OneDrive\\Code Work\\laravel\\api-ssc.edu\\vendor\\laravel\\framework\\src\\Illuminate\\Routing\\Controller.php(54): App\\Http\\Controllers\\Api\\AuthController->login(Object(App\\Http\\Requests\\Auth\\LoginRequest))
#23 D:\\OneDrive\\Code Work\\laravel\\api-ssc.edu\\vendor\\laravel\\framework\\src\\Illuminate\\Routing\\ControllerDispatcher.php(45): Illuminate\\Routing\\Controller->callAction('login', Array)
#24 D:\\OneDrive\\Code Work\\laravel\\api-ssc.edu\\vendor\\laravel\\framework\\src\\Illuminate\\Routing\\Route.php(239): Illuminate\\Routing\\ControllerDispatcher->dispatch(Object(Illuminate\\Routing\\Route), Object(App\\Http\\Controllers\\Api\\AuthController), 'login')
#25 D:\\OneDrive\\Code Work\\laravel\\api-ssc.edu\\vendor\\laravel\\framework\\src\\Illuminate\\Routing\\Route.php(196): Illuminate\\Routing\\Route->runController()
#26 D:\\OneDrive\\Code Work\\laravel\\api-ssc.edu\\vendor\\laravel\\framework\\src\\Illuminate\\Routing\\Router.php(685): Illuminate\\Routing\\Route->run()
#27 D:\\OneDrive\\Code Work\\laravel\\api-ssc.edu\\vendor\\laravel\\framework\\src\\Illuminate\\Pipeline\\Pipeline.php(128): Illuminate\\Routing\\Router->Illuminate\\Routing\\{closure}(Object(Illuminate\\Http\\Request))
#28 D:\\OneDrive\\Code Work\\laravel\\api-ssc.edu\\vendor\\laravel\\framework\\src\\Illuminate\\Routing\\Middleware\\SubstituteBindings.php(41): Illuminate\\Pipeline\\Pipeline->Illuminate\\Pipeline\\{closure}(Object(Illuminate\\Http\\Request))
#29 D:\\OneDrive\\Code Work\\laravel\\api-ssc.edu\\vendor\\laravel\\framework\\src\\Illuminate\\Pipeline\\Pipeline.php(167): Illuminate\\Routing\\Middleware\\SubstituteBindings->handle(Object(Illuminate\\Http\\Request), Object(Closure))
#30 D:\\OneDrive\\Code Work\\laravel\\api-ssc.edu\\vendor\\laravel\\framework\\src\\Illuminate\\Routing\\Middleware\\ThrottleRequests.php(59): Illuminate\\Pipeline\\Pipeline->Illuminate\\Pipeline\\{closure}(Object(Illuminate\\Http\\Request))
#31 D:\\OneDrive\\Code Work\\laravel\\api-ssc.edu\\vendor\\laravel\\framework\\src\\Illuminate\\Pipeline\\Pipeline.php(167): Illuminate\\Routing\\Middleware\\ThrottleRequests->handle(Object(Illuminate\\Http\\Request), Object(Closure), 60, '1')
#32 D:\\OneDrive\\Code Work\\laravel\\api-ssc.edu\\vendor\\laravel\\framework\\src\\Illuminate\\Pipeline\\Pipeline.php(103): Illuminate\\Pipeline\\Pipeline->Illuminate\\Pipeline\\{closure}(Object(Illuminate\\Http\\Request))
#33 D:\\OneDrive\\Code Work\\laravel\\api-ssc.edu\\vendor\\laravel\\framework\\src\\Illuminate\\Routing\\Router.php(687): Illuminate\\Pipeline\\Pipeline->then(Object(Closure))
#34 D:\\OneDrive\\Code Work\\laravel\\api-ssc.edu\\vendor\\laravel\\framework\\src\\Illuminate\\Routing\\Router.php(662): Illuminate\\Routing\\Router->runRouteWithinStack(Object(Illuminate\\Routing\\Route), Object(Illuminate\\Http\\Request))
#35 D:\\OneDrive\\Code Work\\laravel\\api-ssc.edu\\vendor\\laravel\\framework\\src\\Illuminate\\Routing\\Router.php(628): Illuminate\\Routing\\Router->runRoute(Object(Illuminate\\Http\\Request), Object(Illuminate\\Routing\\Route))
#36 D:\\OneDrive\\Code Work\\laravel\\api-ssc.edu\\vendor\\laravel\\framework\\src\\Illuminate\\Routing\\Router.php(617): Illuminate\\Routing\\Router->dispatchToRoute(Object(Illuminate\\Http\\Request))
#37 D:\\OneDrive\\Code Work\\laravel\\api-ssc.edu\\vendor\\laravel\\framework\\src\\Illuminate\\Foundation\\Http\\Kernel.php(165): Illuminate\\Routing\\Router->dispatch(Object(Illuminate\\Http\\Request))
#38 D:\\OneDrive\\Code Work\\laravel\\api-ssc.edu\\vendor\\laravel\\framework\\src\\Illuminate\\Pipeline\\Pipeline.php(128): Illuminate\\Foundation\\Http\\Kernel->Illuminate\\Foundation\\Http\\{closure}(Object(Illuminate\\Http\\Request))
#39 D:\\OneDrive\\Code Work\\laravel\\api-ssc.edu\\app\\Http\\Middleware\\FilterParams.php(37): Illuminate\\Pipeline\\Pipeline->Illuminate\\Pipeline\\{closure}(Object(Illuminate\\Http\\Request))
#40 D:\\OneDrive\\Code Work\\laravel\\api-ssc.edu\\vendor\\laravel\\framework\\src\\Illuminate\\Pipeline\\Pipeline.php(167): App\\Http\\Middleware\\FilterParams->handle(Object(Illuminate\\Http\\Request), Object(Closure))
#41 D:\\OneDrive\\Code Work\\laravel\\api-ssc.edu\\app\\Http\\Middleware\\FilterOtp.php(44): Illuminate\\Pipeline\\Pipeline->Illuminate\\Pipeline\\{closure}(Object(Illuminate\\Http\\Request))
#42 D:\\OneDrive\\Code Work\\laravel\\api-ssc.edu\\vendor\\laravel\\framework\\src\\Illuminate\\Pipeline\\Pipeline.php(167): App\\Http\\Middleware\\FilterOtp->handle(Object(Illuminate\\Http\\Request), Object(Closure))
#43 D:\\OneDrive\\Code Work\\laravel\\api-ssc.edu\\app\\Http\\Middleware\\FilterPassword.php(72): Illuminate\\Pipeline\\Pipeline->Illuminate\\Pipeline\\{closure}(Object(Illuminate\\Http\\Request))
#44 D:\\OneDrive\\Code Work\\laravel\\api-ssc.edu\\vendor\\laravel\\framework\\src\\Illuminate\\Pipeline\\Pipeline.php(167): App\\Http\\Middleware\\FilterPassword->handle(Object(Illuminate\\Http\\Request), Object(Closure))
#45 D:\\OneDrive\\Code Work\\laravel\\api-ssc.edu\\vendor\\laravel\\framework\\src\\Illuminate\\Foundation\\Http\\Middleware\\TransformsRequest.php(21): Illuminate\\Pipeline\\Pipeline->Illuminate\\Pipeline\\{closure}(Object(Illuminate\\Http\\Request))
#46 D:\\OneDrive\\Code Work\\laravel\\api-ssc.edu\\vendor\\laravel\\framework\\src\\Illuminate\\Pipeline\\Pipeline.php(167): Illuminate\\Foundation\\Http\\Middleware\\TransformsRequest->handle(Object(Illuminate\\Http\\Request), Object(Closure))
#47 D:\\OneDrive\\Code Work\\laravel\\api-ssc.edu\\vendor\\laravel\\framework\\src\\Illuminate\\Foundation\\Http\\Middleware\\TransformsRequest.php(21): Illuminate\\Pipeline\\Pipeline->Illuminate\\Pipeline\\{closure}(Object(Illuminate\\Http\\Request))
#48 D:\\OneDrive\\Code Work\\laravel\\api-ssc.edu\\vendor\\laravel\\framework\\src\\Illuminate\\Pipeline\\Pipeline.php(167): Illuminate\\Foundation\\Http\\Middleware\\TransformsRequest->handle(Object(Illuminate\\Http\\Request), Object(Closure))
#49 D:\\OneDrive\\Code Work\\laravel\\api-ssc.edu\\vendor\\laravel\\framework\\src\\Illuminate\\Foundation\\Http\\Middleware\\ValidatePostSize.php(27): Illuminate\\Pipeline\\Pipeline->Illuminate\\Pipeline\\{closure}(Object(Illuminate\\Http\\Request))
#50 D:\\OneDrive\\Code Work\\laravel\\api-ssc.edu\\vendor\\laravel\\framework\\src\\Illuminate\\Pipeline\\Pipeline.php(167): Illuminate\\Foundation\\Http\\Middleware\\ValidatePostSize->handle(Object(Illuminate\\Http\\Request), Object(Closure))
#51 D:\\OneDrive\\Code Work\\laravel\\api-ssc.edu\\vendor\\laravel\\framework\\src\\Illuminate\\Foundation\\Http\\Middleware\\CheckForMaintenanceMode.php(63): Illuminate\\Pipeline\\Pipeline->Illuminate\\Pipeline\\{closure}(Object(Illuminate\\Http\\Request))
#52 D:\\OneDrive\\Code Work\\laravel\\api-ssc.edu\\app\\Http\\Middleware\\CheckForMaintenanceMode.php(29): Illuminate\\Foundation\\Http\\Middleware\\CheckForMaintenanceMode->handle(Object(Illuminate\\Http\\Request), Object(Closure))
#53 D:\\OneDrive\\Code Work\\laravel\\api-ssc.edu\\vendor\\laravel\\framework\\src\\Illuminate\\Pipeline\\Pipeline.php(167): App\\Http\\Middleware\\CheckForMaintenanceMode->handle(Object(Illuminate\\Http\\Request), Object(Closure))
#54 D:\\OneDrive\\Code Work\\laravel\\api-ssc.edu\\vendor\\fruitcake\\laravel-cors\\src\\HandleCors.php(52): Illuminate\\Pipeline\\Pipeline->Illuminate\\Pipeline\\{closure}(Object(Illuminate\\Http\\Request))
#55 D:\\OneDrive\\Code Work\\laravel\\api-ssc.edu\\vendor\\laravel\\framework\\src\\Illuminate\\Pipeline\\Pipeline.php(167): Fruitcake\\Cors\\HandleCors->handle(Object(Illuminate\\Http\\Request), Object(Closure))
#56 D:\\OneDrive\\Code Work\\laravel\\api-ssc.edu\\vendor\\fideloper\\proxy\\src\\TrustProxies.php(57): Illuminate\\Pipeline\\Pipeline->Illuminate\\Pipeline\\{closure}(Object(Illuminate\\Http\\Request))
#57 D:\\OneDrive\\Code Work\\laravel\\api-ssc.edu\\vendor\\laravel\\framework\\src\\Illuminate\\Pipeline\\Pipeline.php(167): Fideloper\\Proxy\\TrustProxies->handle(Object(Illuminate\\Http\\Request), Object(Closure))
#58 D:\\OneDrive\\Code Work\\laravel\\api-ssc.edu\\vendor\\laravel\\framework\\src\\Illuminate\\Pipeline\\Pipeline.php(103): Illuminate\\Pipeline\\Pipeline->Illuminate\\Pipeline\\{closure}(Object(Illuminate\\Http\\Request))
#59 D:\\OneDrive\\Code Work\\laravel\\api-ssc.edu\\vendor\\laravel\\framework\\src\\Illuminate\\Foundation\\Http\\Kernel.php(140): Illuminate\\Pipeline\\Pipeline->then(Object(Closure))
#60 D:\\OneDrive\\Code Work\\laravel\\api-ssc.edu\\vendor\\laravel\\framework\\src\\Illuminate\\Foundation\\Http\\Kernel.php(109): Illuminate\\Foundation\\Http\\Kernel->sendRequestThroughRouter(Object(Illuminate\\Http\\Request))
#61 D:\\OneDrive\\Code Work\\laravel\\api-ssc.edu\\public\\index.php(55): Illuminate\\Foundation\\Http\\Kernel->handle(Object(Illuminate\\Http\\Request))
#62 D:\\OneDrive\\Code Work\\laravel\\api-ssc.edu\\server.php(21): require_once('D:\\\\OneDrive\\\\Cod...')
#63 {main}
"} 
[2024-05-18 14:43:45] local.ERROR: include(D:\OneDrive\Code Work\laravel\work\quanly-giaodich\vendor\laravel\framework\src\Illuminate\Foundation\Console\StubPublishCommand.php): failed to open stream: Resource temporarily unavailable {"exception":"[object] (ErrorException(code: 0): include(D:\\OneDrive\\Code Work\\laravel\\work\\quanly-giaodich\\vendor\\laravel\\framework\\src\\Illuminate\\Foundation\\Console\\StubPublishCommand.php): failed to open stream: Resource temporarily unavailable at D:\\OneDrive\\Code Work\\laravel\\work\\quanly-giaodich\\vendor\\composer\\ClassLoader.php:582)
[stacktrace]
#0 D:\\OneDrive\\Code Work\\laravel\\work\\quanly-giaodich\\vendor\\composer\\ClassLoader.php(582): Illuminate\\Foundation\\Bootstrap\\HandleExceptions->handleError(2, 'include(D:\\\\OneD...', 'D:\\\\OneDrive\\\\Cod...', 582, Array)
#1 D:\\OneDrive\\Code Work\\laravel\\work\\quanly-giaodich\\vendor\\composer\\ClassLoader.php(582): include()
#2 D:\\OneDrive\\Code Work\\laravel\\work\\quanly-giaodich\\vendor\\composer\\ClassLoader.php(433): Composer\\Autoload\\{closure}('D:\\\\OneDrive\\\\Cod...')
#3 [internal function]: Composer\\Autoload\\ClassLoader->loadClass('Illuminate\\\\Foun...')
#4 D:\\OneDrive\\Code Work\\laravel\\work\\quanly-giaodich\\vendor\\laravel\\framework\\src\\Illuminate\\Foundation\\Providers\\ArtisanServiceProvider.php(881): spl_autoload_call('Illuminate\\\\Foun...')
#5 D:\\OneDrive\\Code Work\\laravel\\work\\quanly-giaodich\\vendor\\laravel\\framework\\src\\Illuminate\\Container\\Container.php(805): Illuminate\\Foundation\\Providers\\ArtisanServiceProvider->Illuminate\\Foundation\\Providers\\{closure}(Object(Illuminate\\Foundation\\Application), Array)
#6 D:\\OneDrive\\Code Work\\laravel\\work\\quanly-giaodich\\vendor\\laravel\\framework\\src\\Illuminate\\Container\\Container.php(691): Illuminate\\Container\\Container->build(Object(Closure))
#7 D:\\OneDrive\\Code Work\\laravel\\work\\quanly-giaodich\\vendor\\laravel\\framework\\src\\Illuminate\\Foundation\\Application.php(796): Illuminate\\Container\\Container->resolve('command.stub.pu...', Array, true)
#8 D:\\OneDrive\\Code Work\\laravel\\work\\quanly-giaodich\\vendor\\laravel\\framework\\src\\Illuminate\\Container\\Container.php(637): Illuminate\\Foundation\\Application->resolve('command.stub.pu...', Array)
#9 D:\\OneDrive\\Code Work\\laravel\\work\\quanly-giaodich\\vendor\\laravel\\framework\\src\\Illuminate\\Foundation\\Application.php(781): Illuminate\\Container\\Container->make('command.stub.pu...', Array)
#10 D:\\OneDrive\\Code Work\\laravel\\work\\quanly-giaodich\\vendor\\laravel\\framework\\src\\Illuminate\\Console\\Application.php(261): Illuminate\\Foundation\\Application->make('command.stub.pu...')
#11 D:\\OneDrive\\Code Work\\laravel\\work\\quanly-giaodich\\vendor\\laravel\\framework\\src\\Illuminate\\Console\\Application.php(275): Illuminate\\Console\\Application->resolve('command.stub.pu...')
#12 D:\\OneDrive\\Code Work\\laravel\\work\\quanly-giaodich\\vendor\\laravel\\framework\\src\\Illuminate\\Support\\ServiceProvider.php(333): Illuminate\\Console\\Application->resolveCommands(Array)
#13 D:\\OneDrive\\Code Work\\laravel\\work\\quanly-giaodich\\vendor\\laravel\\framework\\src\\Illuminate\\Console\\Application.php(152): Illuminate\\Support\\ServiceProvider->Illuminate\\Support\\{closure}(Object(Illuminate\\Console\\Application))
#14 D:\\OneDrive\\Code Work\\laravel\\work\\quanly-giaodich\\vendor\\laravel\\framework\\src\\Illuminate\\Console\\Application.php(75): Illuminate\\Console\\Application->bootstrap()
#15 D:\\OneDrive\\Code Work\\laravel\\work\\quanly-giaodich\\vendor\\laravel\\framework\\src\\Illuminate\\Foundation\\Console\\Kernel.php(330): Illuminate\\Console\\Application->__construct(Object(Illuminate\\Foundation\\Application), Object(Illuminate\\Events\\Dispatcher), '7.30.6')
#16 D:\\OneDrive\\Code Work\\laravel\\work\\quanly-giaodich\\vendor\\laravel\\framework\\src\\Illuminate\\Foundation\\Console\\Kernel.php(129): Illuminate\\Foundation\\Console\\Kernel->getArtisan()
#17 Command line code(1): Illuminate\\Foundation\\Console\\Kernel->handle(Object(Symfony\\Component\\Console\\Input\\ArgvInput), Object(Symfony\\Component\\Console\\Output\\ConsoleOutput))
#18 {main}
"} 
[2024-05-18 21:04:21] local.ERROR: Cannot declare class App\Models\Department, because the name is already in use {"exception":"[object] (Symfony\\Component\\ErrorHandler\\Error\\FatalError(code: 0): Cannot declare class App\\Models\\Department, because the name is already in use at D:\\OneDrive\\Code Work\\laravel\\work\\quanly-giaodich\\app\\Models\\Transactions.php:8)
[stacktrace]
#0 {main}
"} 
[2024-05-18 21:05:10] local.ERROR: Cannot declare class App\Models\Department, because the name is already in use {"exception":"[object] (Symfony\\Component\\ErrorHandler\\Error\\FatalError(code: 0): Cannot declare class App\\Models\\Department, because the name is already in use at D:\\OneDrive\\Code Work\\laravel\\work\\quanly-giaodich\\app\\Models\\Transactions.php:8)
[stacktrace]
#0 {main}
"} 
[2024-05-18 21:05:21] local.ERROR: Cannot declare class App\Models\Department, because the name is already in use {"exception":"[object] (Symfony\\Component\\ErrorHandler\\Error\\FatalError(code: 0): Cannot declare class App\\Models\\Department, because the name is already in use at D:\\OneDrive\\Code Work\\laravel\\work\\quanly-giaodich\\app\\Models\\Transactions.php:8)
[stacktrace]
#0 {main}
"} 
[2024-05-18 21:06:10] local.ERROR: Cannot declare class App\Models\Department, because the name is already in use {"exception":"[object] (Symfony\\Component\\ErrorHandler\\Error\\FatalError(code: 0): Cannot declare class App\\Models\\Department, because the name is already in use at D:\\OneDrive\\Code Work\\laravel\\work\\quanly-giaodich\\app\\Models\\Transactions.php:8)
[stacktrace]
#0 {main}
"} 
[2024-05-18 21:07:10] local.ERROR: Cannot declare class App\Models\Department, because the name is already in use {"exception":"[object] (Symfony\\Component\\ErrorHandler\\Error\\FatalError(code: 0): Cannot declare class App\\Models\\Department, because the name is already in use at D:\\OneDrive\\Code Work\\laravel\\work\\quanly-giaodich\\app\\Models\\Transactions.php:8)
[stacktrace]
#0 {main}
"} 
[2024-05-18 21:08:10] local.ERROR: Cannot declare class App\Models\Department, because the name is already in use {"exception":"[object] (Symfony\\Component\\ErrorHandler\\Error\\FatalError(code: 0): Cannot declare class App\\Models\\Department, because the name is already in use at D:\\OneDrive\\Code Work\\laravel\\work\\quanly-giaodich\\app\\Models\\Transactions.php:8)
[stacktrace]
#0 {main}
"} 
[2024-05-18 21:09:10] local.ERROR: Cannot declare class App\Models\Department, because the name is already in use {"exception":"[object] (Symfony\\Component\\ErrorHandler\\Error\\FatalError(code: 0): Cannot declare class App\\Models\\Department, because the name is already in use at D:\\OneDrive\\Code Work\\laravel\\work\\quanly-giaodich\\app\\Models\\Transactions.php:8)
[stacktrace]
#0 {main}
"} 
[2024-05-18 21:10:10] local.ERROR: Cannot declare class App\Models\Department, because the name is already in use {"exception":"[object] (Symfony\\Component\\ErrorHandler\\Error\\FatalError(code: 0): Cannot declare class App\\Models\\Department, because the name is already in use at D:\\OneDrive\\Code Work\\laravel\\work\\quanly-giaodich\\app\\Models\\Transactions.php:8)
[stacktrace]
#0 {main}
"} 
[2024-05-18 21:11:08] local.ERROR: Cannot declare class App\Models\Department, because the name is already in use {"exception":"[object] (Symfony\\Component\\ErrorHandler\\Error\\FatalError(code: 0): Cannot declare class App\\Models\\Department, because the name is already in use at D:\\OneDrive\\Code Work\\laravel\\work\\quanly-giaodich\\app\\Models\\Transactions.php:8)
[stacktrace]
#0 {main}
"} 
[2024-05-18 21:11:10] local.ERROR: Cannot declare class App\Models\Department, because the name is already in use {"exception":"[object] (Symfony\\Component\\ErrorHandler\\Error\\FatalError(code: 0): Cannot declare class App\\Models\\Department, because the name is already in use at D:\\OneDrive\\Code Work\\laravel\\work\\quanly-giaodich\\app\\Models\\Transactions.php:8)
[stacktrace]
#0 {main}
"} 
[2024-05-18 21:11:28] local.ERROR: Cannot declare class App\Models\Department, because the name is already in use {"exception":"[object] (Symfony\\Component\\ErrorHandler\\Error\\FatalError(code: 0): Cannot declare class App\\Models\\Department, because the name is already in use at D:\\OneDrive\\Code Work\\laravel\\work\\quanly-giaodich\\app\\Models\\Transactions.php:8)
[stacktrace]
#0 {main}
"} 
[2024-05-18 21:11:40] local.ERROR: Cannot declare class App\Models\Department, because the name is already in use {"exception":"[object] (Symfony\\Component\\ErrorHandler\\Error\\FatalError(code: 0): Cannot declare class App\\Models\\Department, because the name is already in use at D:\\OneDrive\\Code Work\\laravel\\work\\quanly-giaodich\\app\\Models\\Transactions.php:8)
[stacktrace]
#0 {main}
"} 
[2024-05-18 21:12:10] local.ERROR: Cannot declare class App\Models\Department, because the name is already in use {"exception":"[object] (Symfony\\Component\\ErrorHandler\\Error\\FatalError(code: 0): Cannot declare class App\\Models\\Department, because the name is already in use at D:\\OneDrive\\Code Work\\laravel\\work\\quanly-giaodich\\app\\Models\\Transactions.php:8)
[stacktrace]
#0 {main}
"} 
[2024-05-18 21:12:22] local.ERROR: Cannot declare class App\Models\Department, because the name is already in use {"exception":"[object] (Symfony\\Component\\ErrorHandler\\Error\\FatalError(code: 0): Cannot declare class App\\Models\\Department, because the name is already in use at D:\\OneDrive\\Code Work\\laravel\\work\\quanly-giaodich\\app\\Models\\Transactions.php:8)
[stacktrace]
#0 {main}
"} 
[2024-05-18 21:12:28] local.ERROR: Cannot declare class App\Models\Department, because the name is already in use {"exception":"[object] (Symfony\\Component\\ErrorHandler\\Error\\FatalError(code: 0): Cannot declare class App\\Models\\Department, because the name is already in use at D:\\OneDrive\\Code Work\\laravel\\work\\quanly-giaodich\\app\\Models\\Transactions.php:8)
[stacktrace]
#0 {main}
"} 
[2024-05-18 21:12:49] local.ERROR: Cannot declare class App\Models\Department, because the name is already in use {"exception":"[object] (Symfony\\Component\\ErrorHandler\\Error\\FatalError(code: 0): Cannot declare class App\\Models\\Department, because the name is already in use at D:\\OneDrive\\Code Work\\laravel\\work\\quanly-giaodich\\app\\Models\\Transactions.php:8)
[stacktrace]
#0 {main}
"} 
[2024-05-18 21:13:10] local.ERROR: Cannot declare class App\Models\Department, because the name is already in use {"exception":"[object] (Symfony\\Component\\ErrorHandler\\Error\\FatalError(code: 0): Cannot declare class App\\Models\\Department, because the name is already in use at D:\\OneDrive\\Code Work\\laravel\\work\\quanly-giaodich\\app\\Models\\Transactions.php:8)
[stacktrace]
#0 {main}
"} 
[2024-05-18 21:13:11] local.ERROR: Cannot declare class App\Models\Department, because the name is already in use {"exception":"[object] (Symfony\\Component\\ErrorHandler\\Error\\FatalError(code: 0): Cannot declare class App\\Models\\Department, because the name is already in use at D:\\OneDrive\\Code Work\\laravel\\work\\quanly-giaodich\\app\\Models\\Transactions.php:8)
[stacktrace]
#0 {main}
"} 
[2024-05-18 21:13:18] local.ERROR: Cannot declare class App\Models\Department, because the name is already in use {"exception":"[object] (Symfony\\Component\\ErrorHandler\\Error\\FatalError(code: 0): Cannot declare class App\\Models\\Department, because the name is already in use at D:\\OneDrive\\Code Work\\laravel\\work\\quanly-giaodich\\app\\Models\\Transactions.php:8)
[stacktrace]
#0 {main}
"} 
[2024-05-18 21:13:32] local.ERROR: Cannot declare class App\Models\Department, because the name is already in use {"exception":"[object] (Symfony\\Component\\ErrorHandler\\Error\\FatalError(code: 0): Cannot declare class App\\Models\\Department, because the name is already in use at D:\\OneDrive\\Code Work\\laravel\\work\\quanly-giaodich\\app\\Models\\Transactions.php:8)
[stacktrace]
#0 {main}
"} 
[2024-05-18 21:14:10] local.ERROR: Cannot declare class App\Models\Department, because the name is already in use {"exception":"[object] (Symfony\\Component\\ErrorHandler\\Error\\FatalError(code: 0): Cannot declare class App\\Models\\Department, because the name is already in use at D:\\OneDrive\\Code Work\\laravel\\work\\quanly-giaodich\\app\\Models\\Transactions.php:8)
[stacktrace]
#0 {main}
"} 
[2024-05-18 21:14:10] local.ERROR: Cannot declare class App\Models\Department, because the name is already in use {"exception":"[object] (Symfony\\Component\\ErrorHandler\\Error\\FatalError(code: 0): Cannot declare class App\\Models\\Department, because the name is already in use at D:\\OneDrive\\Code Work\\laravel\\work\\quanly-giaodich\\app\\Models\\Transactions.php:8)
[stacktrace]
#0 {main}
"} 
[2024-05-18 21:14:33] local.ERROR: Cannot declare class App\Models\Department, because the name is already in use {"exception":"[object] (Symfony\\Component\\ErrorHandler\\Error\\FatalError(code: 0): Cannot declare class App\\Models\\Department, because the name is already in use at D:\\OneDrive\\Code Work\\laravel\\work\\quanly-giaodich\\app\\Models\\Transactions.php:8)
[stacktrace]
#0 {main}
"} 
[2024-05-18 21:14:51] local.ERROR: Cannot declare class App\Models\Department, because the name is already in use {"exception":"[object] (Symfony\\Component\\ErrorHandler\\Error\\FatalError(code: 0): Cannot declare class App\\Models\\Department, because the name is already in use at D:\\OneDrive\\Code Work\\laravel\\work\\quanly-giaodich\\app\\Models\\Transactions.php:8)
[stacktrace]
#0 {main}
"} 
[2024-05-18 21:15:10] local.ERROR: Cannot declare class App\Models\Department, because the name is already in use {"exception":"[object] (Symfony\\Component\\ErrorHandler\\Error\\FatalError(code: 0): Cannot declare class App\\Models\\Department, because the name is already in use at D:\\OneDrive\\Code Work\\laravel\\work\\quanly-giaodich\\app\\Models\\Transactions.php:8)
[stacktrace]
#0 {main}
"} 
[2024-05-18 21:15:18] local.ERROR: Cannot declare class App\Models\Department, because the name is already in use {"exception":"[object] (Symfony\\Component\\ErrorHandler\\Error\\FatalError(code: 0): Cannot declare class App\\Models\\Department, because the name is already in use at D:\\OneDrive\\Code Work\\laravel\\work\\quanly-giaodich\\app\\Models\\Transactions.php:8)
[stacktrace]
#0 {main}
"} 
[2024-05-18 21:15:30] local.ERROR: Cannot declare class App\Models\Department, because the name is already in use {"exception":"[object] (Symfony\\Component\\ErrorHandler\\Error\\FatalError(code: 0): Cannot declare class App\\Models\\Department, because the name is already in use at D:\\OneDrive\\Code Work\\laravel\\work\\quanly-giaodich\\app\\Models\\Transactions.php:8)
[stacktrace]
#0 {main}
"} 
[2024-05-18 21:15:44] local.ERROR: Cannot declare class App\Models\Department, because the name is already in use {"exception":"[object] (Symfony\\Component\\ErrorHandler\\Error\\FatalError(code: 0): Cannot declare class App\\Models\\Department, because the name is already in use at D:\\OneDrive\\Code Work\\laravel\\work\\quanly-giaodich\\app\\Models\\Transactions.php:8)
[stacktrace]
#0 {main}
"} 
[2024-05-18 21:15:57] local.ERROR: Cannot declare class App\Models\Department, because the name is already in use {"exception":"[object] (Symfony\\Component\\ErrorHandler\\Error\\FatalError(code: 0): Cannot declare class App\\Models\\Department, because the name is already in use at D:\\OneDrive\\Code Work\\laravel\\work\\quanly-giaodich\\app\\Models\\Transactions.php:8)
[stacktrace]
#0 {main}
"} 
[2024-05-18 21:16:07] local.ERROR: Cannot declare class App\Models\Department, because the name is already in use {"exception":"[object] (Symfony\\Component\\ErrorHandler\\Error\\FatalError(code: 0): Cannot declare class App\\Models\\Department, because the name is already in use at D:\\OneDrive\\Code Work\\laravel\\work\\quanly-giaodich\\app\\Models\\Transactions.php:8)
[stacktrace]
#0 {main}
"} 
[2024-05-18 21:16:10] local.ERROR: Cannot declare class App\Models\Department, because the name is already in use {"exception":"[object] (Symfony\\Component\\ErrorHandler\\Error\\FatalError(code: 0): Cannot declare class App\\Models\\Department, because the name is already in use at D:\\OneDrive\\Code Work\\laravel\\work\\quanly-giaodich\\app\\Models\\Transactions.php:8)
[stacktrace]
#0 {main}
"} 
[2024-05-18 21:16:29] local.ERROR: Cannot declare class App\Models\Department, because the name is already in use {"exception":"[object] (Symfony\\Component\\ErrorHandler\\Error\\FatalError(code: 0): Cannot declare class App\\Models\\Department, because the name is already in use at D:\\OneDrive\\Code Work\\laravel\\work\\quanly-giaodich\\app\\Models\\Transactions.php:8)
[stacktrace]
#0 {main}
"} 
[2024-05-18 21:16:35] local.ERROR: Cannot declare class App\Models\Department, because the name is already in use {"exception":"[object] (Symfony\\Component\\ErrorHandler\\Error\\FatalError(code: 0): Cannot declare class App\\Models\\Department, because the name is already in use at D:\\OneDrive\\Code Work\\laravel\\work\\quanly-giaodich\\app\\Models\\Transactions.php:8)
[stacktrace]
#0 {main}
"} 
[2024-05-18 21:16:43] local.ERROR: Cannot declare class App\Models\Department, because the name is already in use {"exception":"[object] (Symfony\\Component\\ErrorHandler\\Error\\FatalError(code: 0): Cannot declare class App\\Models\\Department, because the name is already in use at D:\\OneDrive\\Code Work\\laravel\\work\\quanly-giaodich\\app\\Models\\Transactions.php:8)
[stacktrace]
#0 {main}
"} 
[2024-05-18 21:17:10] local.ERROR: Cannot declare class App\Models\Department, because the name is already in use {"exception":"[object] (Symfony\\Component\\ErrorHandler\\Error\\FatalError(code: 0): Cannot declare class App\\Models\\Department, because the name is already in use at D:\\OneDrive\\Code Work\\laravel\\work\\quanly-giaodich\\app\\Models\\Transactions.php:8)
[stacktrace]
#0 {main}
"} 
[2024-05-18 21:17:12] local.ERROR: Cannot declare class App\Models\Department, because the name is already in use {"exception":"[object] (Symfony\\Component\\ErrorHandler\\Error\\FatalError(code: 0): Cannot declare class App\\Models\\Department, because the name is already in use at D:\\OneDrive\\Code Work\\laravel\\work\\quanly-giaodich\\app\\Models\\Transactions.php:8)
[stacktrace]
#0 {main}
"} 
[2024-05-18 21:17:29] local.ERROR: Cannot declare class App\Models\Department, because the name is already in use {"exception":"[object] (Symfony\\Component\\ErrorHandler\\Error\\FatalError(code: 0): Cannot declare class App\\Models\\Department, because the name is already in use at D:\\OneDrive\\Code Work\\laravel\\work\\quanly-giaodich\\app\\Models\\Transactions.php:8)
[stacktrace]
#0 {main}
"} 
[2024-05-18 21:17:38] local.ERROR: Cannot declare class App\Models\Department, because the name is already in use {"exception":"[object] (Symfony\\Component\\ErrorHandler\\Error\\FatalError(code: 0): Cannot declare class App\\Models\\Department, because the name is already in use at D:\\OneDrive\\Code Work\\laravel\\work\\quanly-giaodich\\app\\Models\\Transactions.php:8)
[stacktrace]
#0 {main}
"} 
[2024-05-18 21:17:47] local.ERROR: Cannot declare class App\Models\Department, because the name is already in use {"exception":"[object] (Symfony\\Component\\ErrorHandler\\Error\\FatalError(code: 0): Cannot declare class App\\Models\\Department, because the name is already in use at D:\\OneDrive\\Code Work\\laravel\\work\\quanly-giaodich\\app\\Models\\Transactions.php:8)
[stacktrace]
#0 {main}
"} 
[2024-05-18 21:17:54] local.ERROR: Cannot declare class App\Models\Department, because the name is already in use {"exception":"[object] (Symfony\\Component\\ErrorHandler\\Error\\FatalError(code: 0): Cannot declare class App\\Models\\Department, because the name is already in use at D:\\OneDrive\\Code Work\\laravel\\work\\quanly-giaodich\\app\\Models\\Transactions.php:8)
[stacktrace]
#0 {main}
"} 
[2024-05-18 21:18:08] local.ERROR: Cannot declare class App\Models\Department, because the name is already in use {"exception":"[object] (Symfony\\Component\\ErrorHandler\\Error\\FatalError(code: 0): Cannot declare class App\\Models\\Department, because the name is already in use at D:\\OneDrive\\Code Work\\laravel\\work\\quanly-giaodich\\app\\Models\\Transactions.php:8)
[stacktrace]
#0 {main}
"} 
[2024-05-18 21:18:10] local.ERROR: Cannot declare class App\Models\Department, because the name is already in use {"exception":"[object] (Symfony\\Component\\ErrorHandler\\Error\\FatalError(code: 0): Cannot declare class App\\Models\\Department, because the name is already in use at D:\\OneDrive\\Code Work\\laravel\\work\\quanly-giaodich\\app\\Models\\Transactions.php:8)
[stacktrace]
#0 {main}
"} 
[2024-05-18 21:19:10] local.ERROR: Cannot declare class App\Models\Department, because the name is already in use {"exception":"[object] (Symfony\\Component\\ErrorHandler\\Error\\FatalError(code: 0): Cannot declare class App\\Models\\Department, because the name is already in use at D:\\OneDrive\\Code Work\\laravel\\work\\quanly-giaodich\\app\\Models\\Transactions.php:8)
[stacktrace]
#0 {main}
"} 
[2024-05-18 21:19:10] local.ERROR: Cannot declare class App\Models\Department, because the name is already in use {"exception":"[object] (Symfony\\Component\\ErrorHandler\\Error\\FatalError(code: 0): Cannot declare class App\\Models\\Department, because the name is already in use at D:\\OneDrive\\Code Work\\laravel\\work\\quanly-giaodich\\app\\Models\\Transactions.php:8)
[stacktrace]
#0 {main}
"} 
[2024-05-18 21:19:16] local.ERROR: Cannot declare class App\Models\Department, because the name is already in use {"exception":"[object] (Symfony\\Component\\ErrorHandler\\Error\\FatalError(code: 0): Cannot declare class App\\Models\\Department, because the name is already in use at D:\\OneDrive\\Code Work\\laravel\\work\\quanly-giaodich\\app\\Models\\Transactions.php:8)
[stacktrace]
#0 {main}
"} 
[2024-05-18 21:19:21] local.ERROR: Cannot declare class App\Models\Department, because the name is already in use {"exception":"[object] (Symfony\\Component\\ErrorHandler\\Error\\FatalError(code: 0): Cannot declare class App\\Models\\Department, because the name is already in use at D:\\OneDrive\\Code Work\\laravel\\work\\quanly-giaodich\\app\\Models\\Transactions.php:8)
[stacktrace]
#0 {main}
"} 
[2024-05-18 21:19:37] local.ERROR: Cannot declare class App\Models\Pos, because the name is already in use {"exception":"[object] (Symfony\\Component\\ErrorHandler\\Error\\FatalError(code: 0): Cannot declare class App\\Models\\Pos, because the name is already in use at D:\\OneDrive\\Code Work\\laravel\\work\\quanly-giaodich\\app\\Models\\Pos.php:8)
[stacktrace]
#0 {main}
"} 
[2024-05-18 21:19:44] local.ERROR: Cannot declare class App\Models\Department, because the name is already in use {"exception":"[object] (Symfony\\Component\\ErrorHandler\\Error\\FatalError(code: 0): Cannot declare class App\\Models\\Department, because the name is already in use at D:\\OneDrive\\Code Work\\laravel\\work\\quanly-giaodich\\app\\Models\\Transactions.php:8)
[stacktrace]
#0 {main}
"} 
[2024-05-18 21:20:10] local.ERROR: Cannot declare class App\Models\Department, because the name is already in use {"exception":"[object] (Symfony\\Component\\ErrorHandler\\Error\\FatalError(code: 0): Cannot declare class App\\Models\\Department, because the name is already in use at D:\\OneDrive\\Code Work\\laravel\\work\\quanly-giaodich\\app\\Models\\Transactions.php:8)
[stacktrace]
#0 {main}
"} 
[2024-05-18 21:20:29] local.ERROR: Cannot declare class App\Models\Department, because the name is already in use {"exception":"[object] (Symfony\\Component\\ErrorHandler\\Error\\FatalError(code: 0): Cannot declare class App\\Models\\Department, because the name is already in use at D:\\OneDrive\\Code Work\\laravel\\work\\quanly-giaodich\\app\\Models\\Transactions.php:8)
[stacktrace]
#0 {main}
"} 
[2024-05-18 21:21:10] local.ERROR: Cannot declare class App\Models\Department, because the name is already in use {"exception":"[object] (Symfony\\Component\\ErrorHandler\\Error\\FatalError(code: 0): Cannot declare class App\\Models\\Department, because the name is already in use at D:\\OneDrive\\Code Work\\laravel\\work\\quanly-giaodich\\app\\Models\\Transactions.php:8)
[stacktrace]
#0 {main}
"} 
[2024-05-18 21:22:10] local.ERROR: Cannot declare class App\Models\Department, because the name is already in use {"exception":"[object] (Symfony\\Component\\ErrorHandler\\Error\\FatalError(code: 0): Cannot declare class App\\Models\\Department, because the name is already in use at D:\\OneDrive\\Code Work\\laravel\\work\\quanly-giaodich\\app\\Models\\Transactions.php:8)
[stacktrace]
#0 {main}
"} 
[2024-05-18 21:22:59] local.ERROR: Cannot declare class App\Models\Department, because the name is already in use {"exception":"[object] (Symfony\\Component\\ErrorHandler\\Error\\FatalError(code: 0): Cannot declare class App\\Models\\Department, because the name is already in use at D:\\OneDrive\\Code Work\\laravel\\work\\quanly-giaodich\\app\\Models\\Transactions.php:8)
[stacktrace]
#0 {main}
"} 
[2024-05-18 21:23:06] local.ERROR: Cannot declare class App\Models\Department, because the name is already in use {"exception":"[object] (Symfony\\Component\\ErrorHandler\\Error\\FatalError(code: 0): Cannot declare class App\\Models\\Department, because the name is already in use at D:\\OneDrive\\Code Work\\laravel\\work\\quanly-giaodich\\app\\Models\\Transactions.php:8)
[stacktrace]
#0 {main}
"} 
[2024-05-18 21:23:10] local.ERROR: Cannot declare class App\Models\Department, because the name is already in use {"exception":"[object] (Symfony\\Component\\ErrorHandler\\Error\\FatalError(code: 0): Cannot declare class App\\Models\\Department, because the name is already in use at D:\\OneDrive\\Code Work\\laravel\\work\\quanly-giaodich\\app\\Models\\Transactions.php:8)
[stacktrace]
#0 {main}
"} 
[2024-05-18 21:23:12] local.ERROR: Cannot declare class App\Models\Department, because the name is already in use {"exception":"[object] (Symfony\\Component\\ErrorHandler\\Error\\FatalError(code: 0): Cannot declare class App\\Models\\Department, because the name is already in use at D:\\OneDrive\\Code Work\\laravel\\work\\quanly-giaodich\\app\\Models\\Transactions.php:8)
[stacktrace]
#0 {main}
"} 
[2024-05-18 21:23:38] local.ERROR: Cannot declare class App\Models\Department, because the name is already in use {"exception":"[object] (Symfony\\Component\\ErrorHandler\\Error\\FatalError(code: 0): Cannot declare class App\\Models\\Department, because the name is already in use at D:\\OneDrive\\Code Work\\laravel\\work\\quanly-giaodich\\app\\Models\\Transactions.php:8)
[stacktrace]
#0 {main}
"} 
[2024-05-18 21:23:50] local.ERROR: Cannot declare class App\Models\Department, because the name is already in use {"exception":"[object] (Symfony\\Component\\ErrorHandler\\Error\\FatalError(code: 0): Cannot declare class App\\Models\\Department, because the name is already in use at D:\\OneDrive\\Code Work\\laravel\\work\\quanly-giaodich\\app\\Models\\Transactions.php:8)
[stacktrace]
#0 {main}
"} 
[2024-05-18 21:24:01] local.ERROR: Cannot declare class App\Models\Department, because the name is already in use {"exception":"[object] (Symfony\\Component\\ErrorHandler\\Error\\FatalError(code: 0): Cannot declare class App\\Models\\Department, because the name is already in use at D:\\OneDrive\\Code Work\\laravel\\work\\quanly-giaodich\\app\\Models\\Transactions.php:8)
[stacktrace]
#0 {main}
"} 
[2024-05-18 21:24:10] local.ERROR: Cannot declare class App\Models\Department, because the name is already in use {"exception":"[object] (Symfony\\Component\\ErrorHandler\\Error\\FatalError(code: 0): Cannot declare class App\\Models\\Department, because the name is already in use at D:\\OneDrive\\Code Work\\laravel\\work\\quanly-giaodich\\app\\Models\\Transactions.php:8)
[stacktrace]
#0 {main}
"} 
[2024-05-18 21:24:15] local.ERROR: Cannot declare class App\Models\Department, because the name is already in use {"exception":"[object] (Symfony\\Component\\ErrorHandler\\Error\\FatalError(code: 0): Cannot declare class App\\Models\\Department, because the name is already in use at D:\\OneDrive\\Code Work\\laravel\\work\\quanly-giaodich\\app\\Models\\Transactions.php:8)
[stacktrace]
#0 {main}
"} 
[2024-05-18 21:24:41] local.ERROR: Cannot declare class App\Models\Department, because the name is already in use {"exception":"[object] (Symfony\\Component\\ErrorHandler\\Error\\FatalError(code: 0): Cannot declare class App\\Models\\Department, because the name is already in use at D:\\OneDrive\\Code Work\\laravel\\work\\quanly-giaodich\\app\\Models\\Transactions.php:8)
[stacktrace]
#0 {main}
"} 
[2024-05-18 21:25:10] local.ERROR: Cannot declare class App\Models\Department, because the name is already in use {"exception":"[object] (Symfony\\Component\\ErrorHandler\\Error\\FatalError(code: 0): Cannot declare class App\\Models\\Department, because the name is already in use at D:\\OneDrive\\Code Work\\laravel\\work\\quanly-giaodich\\app\\Models\\Transactions.php:8)
[stacktrace]
#0 {main}
"} 
[2024-05-18 21:25:18] local.ERROR: Cannot declare class App\Models\Department, because the name is already in use {"exception":"[object] (Symfony\\Component\\ErrorHandler\\Error\\FatalError(code: 0): Cannot declare class App\\Models\\Department, because the name is already in use at D:\\OneDrive\\Code Work\\laravel\\work\\quanly-giaodich\\app\\Models\\Transactions.php:8)
[stacktrace]
#0 {main}
"} 
[2024-05-18 21:25:36] local.ERROR: Cannot declare class App\Models\Department, because the name is already in use {"exception":"[object] (Symfony\\Component\\ErrorHandler\\Error\\FatalError(code: 0): Cannot declare class App\\Models\\Department, because the name is already in use at D:\\OneDrive\\Code Work\\laravel\\work\\quanly-giaodich\\app\\Models\\Transactions.php:8)
[stacktrace]
#0 {main}
"} 
[2024-05-18 21:25:50] local.ERROR: Cannot declare class App\Models\Department, because the name is already in use {"exception":"[object] (Symfony\\Component\\ErrorHandler\\Error\\FatalError(code: 0): Cannot declare class App\\Models\\Department, because the name is already in use at D:\\OneDrive\\Code Work\\laravel\\work\\quanly-giaodich\\app\\Models\\Transactions.php:8)
[stacktrace]
#0 {main}
"} 
[2024-05-18 21:26:10] local.ERROR: Cannot declare class App\Models\Department, because the name is already in use {"exception":"[object] (Symfony\\Component\\ErrorHandler\\Error\\FatalError(code: 0): Cannot declare class App\\Models\\Department, because the name is already in use at D:\\OneDrive\\Code Work\\laravel\\work\\quanly-giaodich\\app\\Models\\Transactions.php:8)
[stacktrace]
#0 {main}
"} 
[2024-05-18 21:26:19] local.ERROR: Cannot declare class App\Models\Bank, because the name is already in use {"exception":"[object] (Symfony\\Component\\ErrorHandler\\Error\\FatalError(code: 0): Cannot declare class App\\Models\\Bank, because the name is already in use at D:\\OneDrive\\Code Work\\laravel\\work\\quanly-giaodich\\app\\Models\\Categories.php:8)
[stacktrace]
#0 {main}
"} 
[2024-05-18 21:26:28] local.ERROR: Cannot declare class App\Models\Department, because the name is already in use {"exception":"[object] (Symfony\\Component\\ErrorHandler\\Error\\FatalError(code: 0): Cannot declare class App\\Models\\Department, because the name is already in use at D:\\OneDrive\\Code Work\\laravel\\work\\quanly-giaodich\\app\\Models\\Transactions.php:8)
[stacktrace]
#0 {main}
"} 
[2024-05-18 21:26:33] local.ERROR: Cannot declare class App\Models\Department, because the name is already in use {"exception":"[object] (Symfony\\Component\\ErrorHandler\\Error\\FatalError(code: 0): Cannot declare class App\\Models\\Department, because the name is already in use at D:\\OneDrive\\Code Work\\laravel\\work\\quanly-giaodich\\app\\Models\\Transactions.php:8)
[stacktrace]
#0 {main}
"} 
[2024-05-18 21:26:53] local.ERROR: Cannot declare class App\Models\Department, because the name is already in use {"exception":"[object] (Symfony\\Component\\ErrorHandler\\Error\\FatalError(code: 0): Cannot declare class App\\Models\\Department, because the name is already in use at D:\\OneDrive\\Code Work\\laravel\\work\\quanly-giaodich\\app\\Models\\Transactions.php:8)
[stacktrace]
#0 {main}
"} 
[2024-05-18 21:26:59] local.ERROR: Cannot declare class App\Models\Department, because the name is already in use {"exception":"[object] (Symfony\\Component\\ErrorHandler\\Error\\FatalError(code: 0): Cannot declare class App\\Models\\Department, because the name is already in use at D:\\OneDrive\\Code Work\\laravel\\work\\quanly-giaodich\\app\\Models\\Transactions.php:8)
[stacktrace]
#0 {main}
"} 
[2024-05-18 21:27:05] local.ERROR: Cannot declare class App\Models\Department, because the name is already in use {"exception":"[object] (Symfony\\Component\\ErrorHandler\\Error\\FatalError(code: 0): Cannot declare class App\\Models\\Department, because the name is already in use at D:\\OneDrive\\Code Work\\laravel\\work\\quanly-giaodich\\app\\Models\\Transactions.php:8)
[stacktrace]
#0 {main}
"} 
[2024-05-18 21:27:10] local.ERROR: Cannot declare class App\Models\Department, because the name is already in use {"exception":"[object] (Symfony\\Component\\ErrorHandler\\Error\\FatalError(code: 0): Cannot declare class App\\Models\\Department, because the name is already in use at D:\\OneDrive\\Code Work\\laravel\\work\\quanly-giaodich\\app\\Models\\Transactions.php:8)
[stacktrace]
#0 {main}
"} 
[2024-05-18 21:27:32] local.ERROR: Cannot declare class App\Models\Department, because the name is already in use {"exception":"[object] (Symfony\\Component\\ErrorHandler\\Error\\FatalError(code: 0): Cannot declare class App\\Models\\Department, because the name is already in use at D:\\OneDrive\\Code Work\\laravel\\work\\quanly-giaodich\\app\\Models\\Transactions.php:8)
[stacktrace]
#0 {main}
"} 
[2024-05-18 21:27:51] local.ERROR: Cannot declare class App\Models\Department, because the name is already in use {"exception":"[object] (Symfony\\Component\\ErrorHandler\\Error\\FatalError(code: 0): Cannot declare class App\\Models\\Department, because the name is already in use at D:\\OneDrive\\Code Work\\laravel\\work\\quanly-giaodich\\app\\Models\\Transactions.php:8)
[stacktrace]
#0 {main}
"} 
[2024-05-18 21:27:58] local.ERROR: Cannot declare class App\Models\Department, because the name is already in use {"exception":"[object] (Symfony\\Component\\ErrorHandler\\Error\\FatalError(code: 0): Cannot declare class App\\Models\\Department, because the name is already in use at D:\\OneDrive\\Code Work\\laravel\\work\\quanly-giaodich\\app\\Models\\Transactions.php:8)
[stacktrace]
#0 {main}
"} 
[2024-05-18 21:28:10] local.ERROR: Cannot declare class App\Models\Department, because the name is already in use {"exception":"[object] (Symfony\\Component\\ErrorHandler\\Error\\FatalError(code: 0): Cannot declare class App\\Models\\Department, because the name is already in use at D:\\OneDrive\\Code Work\\laravel\\work\\quanly-giaodich\\app\\Models\\Transactions.php:8)
[stacktrace]
#0 {main}
"} 
[2024-05-18 21:28:17] local.ERROR: Cannot declare class App\Models\Department, because the name is already in use {"exception":"[object] (Symfony\\Component\\ErrorHandler\\Error\\FatalError(code: 0): Cannot declare class App\\Models\\Department, because the name is already in use at D:\\OneDrive\\Code Work\\laravel\\work\\quanly-giaodich\\app\\Models\\Transactions.php:8)
[stacktrace]
#0 {main}
"} 
[2024-05-18 21:29:07] local.ERROR: Cannot declare class App\Models\Department, because the name is already in use {"exception":"[object] (Symfony\\Component\\ErrorHandler\\Error\\FatalError(code: 0): Cannot declare class App\\Models\\Department, because the name is already in use at D:\\OneDrive\\Code Work\\laravel\\work\\quanly-giaodich\\app\\Models\\Transactions.php:8)
[stacktrace]
#0 {main}
"} 
[2024-05-18 21:29:10] local.ERROR: Cannot declare class App\Models\Department, because the name is already in use {"exception":"[object] (Symfony\\Component\\ErrorHandler\\Error\\FatalError(code: 0): Cannot declare class App\\Models\\Department, because the name is already in use at D:\\OneDrive\\Code Work\\laravel\\work\\quanly-giaodich\\app\\Models\\Transactions.php:8)
[stacktrace]
#0 {main}
"} 
[2024-05-18 21:29:15] local.ERROR: Cannot declare class App\Models\Department, because the name is already in use {"exception":"[object] (Symfony\\Component\\ErrorHandler\\Error\\FatalError(code: 0): Cannot declare class App\\Models\\Department, because the name is already in use at D:\\OneDrive\\Code Work\\laravel\\work\\quanly-giaodich\\app\\Models\\Transactions.php:8)
[stacktrace]
#0 {main}
"} 
[2024-05-18 21:29:21] local.ERROR: Cannot declare class App\Models\Department, because the name is already in use {"exception":"[object] (Symfony\\Component\\ErrorHandler\\Error\\FatalError(code: 0): Cannot declare class App\\Models\\Department, because the name is already in use at D:\\OneDrive\\Code Work\\laravel\\work\\quanly-giaodich\\app\\Models\\Transactions.php:8)
[stacktrace]
#0 {main}
"} 
[2024-05-18 21:29:30] local.ERROR: Cannot declare class App\Models\Department, because the name is already in use {"exception":"[object] (Symfony\\Component\\ErrorHandler\\Error\\FatalError(code: 0): Cannot declare class App\\Models\\Department, because the name is already in use at D:\\OneDrive\\Code Work\\laravel\\work\\quanly-giaodich\\app\\Models\\Transactions.php:8)
[stacktrace]
#0 {main}
"} 
[2024-05-18 21:29:35] local.ERROR: Cannot declare class App\Models\Department, because the name is already in use {"exception":"[object] (Symfony\\Component\\ErrorHandler\\Error\\FatalError(code: 0): Cannot declare class App\\Models\\Department, because the name is already in use at D:\\OneDrive\\Code Work\\laravel\\work\\quanly-giaodich\\app\\Models\\Transactions.php:8)
[stacktrace]
#0 {main}
"} 
[2024-05-18 21:29:54] local.ERROR: Cannot declare class App\Models\Department, because the name is already in use {"exception":"[object] (Symfony\\Component\\ErrorHandler\\Error\\FatalError(code: 0): Cannot declare class App\\Models\\Department, because the name is already in use at D:\\OneDrive\\Code Work\\laravel\\work\\quanly-giaodich\\app\\Models\\Transactions.php:8)
[stacktrace]
#0 {main}
"} 
[2024-05-18 21:30:10] local.ERROR: syntax error, unexpected 'p' (T_STRING), expecting function (T_FUNCTION) or const (T_CONST) {"exception":"[object] (Symfony\\Component\\ErrorHandler\\Error\\FatalError(code: 0): syntax error, unexpected 'p' (T_STRING), expecting function (T_FUNCTION) or const (T_CONST) at D:\\OneDrive\\Code Work\\laravel\\work\\quanly-giaodich\\app\\Models\\Transactions.php:41)
[stacktrace]
#0 {main}
"} 
[2024-05-18 21:30:16] local.ERROR: Cannot declare class App\Models\Department, because the name is already in use {"exception":"[object] (Symfony\\Component\\ErrorHandler\\Error\\FatalError(code: 0): Cannot declare class App\\Models\\Department, because the name is already in use at D:\\OneDrive\\Code Work\\laravel\\work\\quanly-giaodich\\app\\Models\\Transactions.php:8)
[stacktrace]
#0 {main}
"} 
[2024-05-18 21:30:38] local.ERROR: Cannot declare class App\Models\Department, because the name is already in use {"exception":"[object] (Symfony\\Component\\ErrorHandler\\Error\\FatalError(code: 0): Cannot declare class App\\Models\\Department, because the name is already in use at D:\\OneDrive\\Code Work\\laravel\\work\\quanly-giaodich\\app\\Models\\Transactions.php:8)
[stacktrace]
#0 {main}
"} 
[2024-05-18 21:30:46] local.ERROR: Cannot declare class App\Models\Department, because the name is already in use {"exception":"[object] (Symfony\\Component\\ErrorHandler\\Error\\FatalError(code: 0): Cannot declare class App\\Models\\Department, because the name is already in use at D:\\OneDrive\\Code Work\\laravel\\work\\quanly-giaodich\\app\\Models\\Transactions.php:8)
[stacktrace]
#0 {main}
"} 
[2024-05-18 21:31:10] local.ERROR: Cannot declare class App\Models\Department, because the name is already in use {"exception":"[object] (Symfony\\Component\\ErrorHandler\\Error\\FatalError(code: 0): Cannot declare class App\\Models\\Department, because the name is already in use at D:\\OneDrive\\Code Work\\laravel\\work\\quanly-giaodich\\app\\Models\\Transactions.php:8)
[stacktrace]
#0 {main}
"} 
[2024-05-18 21:31:17] local.ERROR: Cannot declare class App\Models\Bank, because the name is already in use {"exception":"[object] (Symfony\\Component\\ErrorHandler\\Error\\FatalError(code: 0): Cannot declare class App\\Models\\Bank, because the name is already in use at D:\\OneDrive\\Code Work\\laravel\\work\\quanly-giaodich\\app\\Models\\BankAccounts.php:8)
[stacktrace]
#0 {main}
"} 
[2024-05-18 21:32:01] local.ERROR: Cannot declare class App\Models\Department, because the name is already in use {"exception":"[object] (Symfony\\Component\\ErrorHandler\\Error\\FatalError(code: 0): Cannot declare class App\\Models\\Department, because the name is already in use at D:\\OneDrive\\Code Work\\laravel\\work\\quanly-giaodich\\app\\Models\\Transactions.php:8)
[stacktrace]
#0 {main}
"} 
[2024-05-18 21:32:08] local.ERROR: Cannot declare class App\Models\Department, because the name is already in use {"exception":"[object] (Symfony\\Component\\ErrorHandler\\Error\\FatalError(code: 0): Cannot declare class App\\Models\\Department, because the name is already in use at D:\\OneDrive\\Code Work\\laravel\\work\\quanly-giaodich\\app\\Models\\Transactions.php:8)
[stacktrace]
#0 {main}
"} 
[2024-05-18 21:32:10] local.ERROR: Cannot declare class App\Models\Department, because the name is already in use {"exception":"[object] (Symfony\\Component\\ErrorHandler\\Error\\FatalError(code: 0): Cannot declare class App\\Models\\Department, because the name is already in use at D:\\OneDrive\\Code Work\\laravel\\work\\quanly-giaodich\\app\\Models\\Transactions.php:8)
[stacktrace]
#0 {main}
"} 
[2024-05-18 21:32:14] local.ERROR: Cannot declare class App\Models\Department, because the name is already in use {"exception":"[object] (Symfony\\Component\\ErrorHandler\\Error\\FatalError(code: 0): Cannot declare class App\\Models\\Department, because the name is already in use at D:\\OneDrive\\Code Work\\laravel\\work\\quanly-giaodich\\app\\Models\\Transactions.php:8)
[stacktrace]
#0 {main}
"} 
[2024-05-18 21:32:22] local.ERROR: Cannot declare class App\Models\Department, because the name is already in use {"exception":"[object] (Symfony\\Component\\ErrorHandler\\Error\\FatalError(code: 0): Cannot declare class App\\Models\\Department, because the name is already in use at D:\\OneDrive\\Code Work\\laravel\\work\\quanly-giaodich\\app\\Models\\Transactions.php:8)
[stacktrace]
#0 {main}
"} 
[2024-05-18 21:32:28] local.ERROR: Cannot declare class App\Models\Department, because the name is already in use {"exception":"[object] (Symfony\\Component\\ErrorHandler\\Error\\FatalError(code: 0): Cannot declare class App\\Models\\Department, because the name is already in use at D:\\OneDrive\\Code Work\\laravel\\work\\quanly-giaodich\\app\\Models\\Transactions.php:8)
[stacktrace]
#0 {main}
"} 
[2024-05-18 21:32:35] local.ERROR: Cannot declare class App\Models\Department, because the name is already in use {"exception":"[object] (Symfony\\Component\\ErrorHandler\\Error\\FatalError(code: 0): Cannot declare class App\\Models\\Department, because the name is already in use at D:\\OneDrive\\Code Work\\laravel\\work\\quanly-giaodich\\app\\Models\\Transactions.php:8)
[stacktrace]
#0 {main}
"} 
[2024-05-18 21:33:10] local.ERROR: Cannot declare class App\Models\Department, because the name is already in use {"exception":"[object] (Symfony\\Component\\ErrorHandler\\Error\\FatalError(code: 0): Cannot declare class App\\Models\\Department, because the name is already in use at D:\\OneDrive\\Code Work\\laravel\\work\\quanly-giaodich\\app\\Models\\Transactions.php:8)
[stacktrace]
#0 {main}
"} 
[2024-05-18 21:34:10] local.ERROR: Cannot declare class App\Models\Department, because the name is already in use {"exception":"[object] (Symfony\\Component\\ErrorHandler\\Error\\FatalError(code: 0): Cannot declare class App\\Models\\Department, because the name is already in use at D:\\OneDrive\\Code Work\\laravel\\work\\quanly-giaodich\\app\\Models\\Transactions.php:8)
[stacktrace]
#0 {main}
"} 
[2024-05-18 21:34:33] local.ERROR: Cannot declare class App\Models\Department, because the name is already in use {"exception":"[object] (Symfony\\Component\\ErrorHandler\\Error\\FatalError(code: 0): Cannot declare class App\\Models\\Department, because the name is already in use at D:\\OneDrive\\Code Work\\laravel\\work\\quanly-giaodich\\app\\Models\\Transactions.php:8)
[stacktrace]
#0 {main}
"} 
[2024-05-18 21:34:58] local.ERROR: Cannot declare class App\Models\Department, because the name is already in use {"exception":"[object] (Symfony\\Component\\ErrorHandler\\Error\\FatalError(code: 0): Cannot declare class App\\Models\\Department, because the name is already in use at D:\\OneDrive\\Code Work\\laravel\\work\\quanly-giaodich\\app\\Models\\Transactions.php:8)
[stacktrace]
#0 {main}
"} 
[2024-05-18 21:35:05] local.ERROR: Cannot declare class App\Models\Department, because the name is already in use {"exception":"[object] (Symfony\\Component\\ErrorHandler\\Error\\FatalError(code: 0): Cannot declare class App\\Models\\Department, because the name is already in use at D:\\OneDrive\\Code Work\\laravel\\work\\quanly-giaodich\\app\\Models\\Transactions.php:8)
[stacktrace]
#0 {main}
"} 
[2024-05-18 21:35:10] local.ERROR: Cannot declare class App\Models\Department, because the name is already in use {"exception":"[object] (Symfony\\Component\\ErrorHandler\\Error\\FatalError(code: 0): Cannot declare class App\\Models\\Department, because the name is already in use at D:\\OneDrive\\Code Work\\laravel\\work\\quanly-giaodich\\app\\Models\\Transactions.php:8)
[stacktrace]
#0 {main}
"} 
[2024-05-18 21:35:12] local.ERROR: Cannot declare class App\Models\Department, because the name is already in use {"exception":"[object] (Symfony\\Component\\ErrorHandler\\Error\\FatalError(code: 0): Cannot declare class App\\Models\\Department, because the name is already in use at D:\\OneDrive\\Code Work\\laravel\\work\\quanly-giaodich\\app\\Models\\Transactions.php:8)
[stacktrace]
#0 {main}
"} 
[2024-05-18 21:35:44] local.ERROR: Cannot declare class App\Models\Department, because the name is already in use {"exception":"[object] (Symfony\\Component\\ErrorHandler\\Error\\FatalError(code: 0): Cannot declare class App\\Models\\Department, because the name is already in use at D:\\OneDrive\\Code Work\\laravel\\work\\quanly-giaodich\\app\\Models\\Transactions.php:8)
[stacktrace]
#0 {main}
"} 
[2024-05-18 21:35:53] local.ERROR: Cannot declare class App\Models\Department, because the name is already in use {"exception":"[object] (Symfony\\Component\\ErrorHandler\\Error\\FatalError(code: 0): Cannot declare class App\\Models\\Department, because the name is already in use at D:\\OneDrive\\Code Work\\laravel\\work\\quanly-giaodich\\app\\Models\\Transactions.php:8)
[stacktrace]
#0 {main}
"} 
[2024-05-18 21:36:10] local.ERROR: Cannot declare class App\Models\Department, because the name is already in use {"exception":"[object] (Symfony\\Component\\ErrorHandler\\Error\\FatalError(code: 0): Cannot declare class App\\Models\\Department, because the name is already in use at D:\\OneDrive\\Code Work\\laravel\\work\\quanly-giaodich\\app\\Models\\Transactions.php:8)
[stacktrace]
#0 {main}
"} 
[2024-05-18 21:36:21] local.ERROR: Cannot declare class App\Models\Department, because the name is already in use {"exception":"[object] (Symfony\\Component\\ErrorHandler\\Error\\FatalError(code: 0): Cannot declare class App\\Models\\Department, because the name is already in use at D:\\OneDrive\\Code Work\\laravel\\work\\quanly-giaodich\\app\\Models\\Transactions.php:8)
[stacktrace]
#0 {main}
"} 
[2024-05-18 21:36:35] local.ERROR: Cannot declare class App\Models\Department, because the name is already in use {"exception":"[object] (Symfony\\Component\\ErrorHandler\\Error\\FatalError(code: 0): Cannot declare class App\\Models\\Department, because the name is already in use at D:\\OneDrive\\Code Work\\laravel\\work\\quanly-giaodich\\app\\Models\\Transactions.php:8)
[stacktrace]
#0 {main}
"} 
[2024-05-18 21:36:53] local.ERROR: Cannot declare class App\Models\Department, because the name is already in use {"exception":"[object] (Symfony\\Component\\ErrorHandler\\Error\\FatalError(code: 0): Cannot declare class App\\Models\\Department, because the name is already in use at D:\\OneDrive\\Code Work\\laravel\\work\\quanly-giaodich\\app\\Models\\Transactions.php:8)
[stacktrace]
#0 {main}
"} 
[2024-05-18 21:37:05] local.ERROR: Cannot declare class App\Models\Department, because the name is already in use {"exception":"[object] (Symfony\\Component\\ErrorHandler\\Error\\FatalError(code: 0): Cannot declare class App\\Models\\Department, because the name is already in use at D:\\OneDrive\\Code Work\\laravel\\work\\quanly-giaodich\\app\\Models\\Transactions.php:8)
[stacktrace]
#0 {main}
"} 
[2024-05-18 21:37:10] local.ERROR: Cannot declare class App\Models\Department, because the name is already in use {"exception":"[object] (Symfony\\Component\\ErrorHandler\\Error\\FatalError(code: 0): Cannot declare class App\\Models\\Department, because the name is already in use at D:\\OneDrive\\Code Work\\laravel\\work\\quanly-giaodich\\app\\Models\\Transactions.php:8)
[stacktrace]
#0 {main}
"} 
[2024-05-18 21:37:18] local.ERROR: Cannot declare class App\Models\Department, because the name is already in use {"exception":"[object] (Symfony\\Component\\ErrorHandler\\Error\\FatalError(code: 0): Cannot declare class App\\Models\\Department, because the name is already in use at D:\\OneDrive\\Code Work\\laravel\\work\\quanly-giaodich\\app\\Models\\Transactions.php:8)
[stacktrace]
#0 {main}
"} 
[2024-05-18 21:37:45] local.ERROR: Cannot declare class App\Models\Department, because the name is already in use {"exception":"[object] (Symfony\\Component\\ErrorHandler\\Error\\FatalError(code: 0): Cannot declare class App\\Models\\Department, because the name is already in use at D:\\OneDrive\\Code Work\\laravel\\work\\quanly-giaodich\\app\\Models\\Transactions.php:8)
[stacktrace]
#0 {main}
"} 
[2024-05-18 21:37:50] local.ERROR: Cannot declare class App\Models\Department, because the name is already in use {"exception":"[object] (Symfony\\Component\\ErrorHandler\\Error\\FatalError(code: 0): Cannot declare class App\\Models\\Department, because the name is already in use at D:\\OneDrive\\Code Work\\laravel\\work\\quanly-giaodich\\app\\Models\\Transactions.php:8)
[stacktrace]
#0 {main}
"} 
[2024-05-18 21:38:08] local.ERROR: Cannot declare class App\Models\Department, because the name is already in use {"exception":"[object] (Symfony\\Component\\ErrorHandler\\Error\\FatalError(code: 0): Cannot declare class App\\Models\\Department, because the name is already in use at D:\\OneDrive\\Code Work\\laravel\\work\\quanly-giaodich\\app\\Models\\Transactions.php:8)
[stacktrace]
#0 {main}
"} 
[2024-05-18 21:38:10] local.ERROR: Cannot declare class App\Models\Department, because the name is already in use {"exception":"[object] (Symfony\\Component\\ErrorHandler\\Error\\FatalError(code: 0): Cannot declare class App\\Models\\Department, because the name is already in use at D:\\OneDrive\\Code Work\\laravel\\work\\quanly-giaodich\\app\\Models\\Transactions.php:8)
[stacktrace]
#0 {main}
"} 
[2024-05-18 21:38:44] local.ERROR: Cannot declare class App\Models\Department, because the name is already in use {"exception":"[object] (Symfony\\Component\\ErrorHandler\\Error\\FatalError(code: 0): Cannot declare class App\\Models\\Department, because the name is already in use at D:\\OneDrive\\Code Work\\laravel\\work\\quanly-giaodich\\app\\Models\\Transactions.php:8)
[stacktrace]
#0 {main}
"} 
[2024-05-18 21:39:10] local.ERROR: Cannot declare class App\Models\Department, because the name is already in use {"exception":"[object] (Symfony\\Component\\ErrorHandler\\Error\\FatalError(code: 0): Cannot declare class App\\Models\\Department, because the name is already in use at D:\\OneDrive\\Code Work\\laravel\\work\\quanly-giaodich\\app\\Models\\Transactions.php:8)
[stacktrace]
#0 {main}
"} 
[2024-05-18 21:40:10] local.ERROR: Cannot declare class App\Models\Department, because the name is already in use {"exception":"[object] (Symfony\\Component\\ErrorHandler\\Error\\FatalError(code: 0): Cannot declare class App\\Models\\Department, because the name is already in use at D:\\OneDrive\\Code Work\\laravel\\work\\quanly-giaodich\\app\\Models\\Transactions.php:8)
[stacktrace]
#0 {main}
"} 
[2024-05-18 21:41:10] local.ERROR: Cannot declare class App\Models\Department, because the name is already in use {"exception":"[object] (Symfony\\Component\\ErrorHandler\\Error\\FatalError(code: 0): Cannot declare class App\\Models\\Department, because the name is already in use at D:\\OneDrive\\Code Work\\laravel\\work\\quanly-giaodich\\app\\Models\\Transactions.php:8)
[stacktrace]
#0 {main}
"} 
[2024-05-18 21:42:10] local.ERROR: Cannot declare class App\Models\Department, because the name is already in use {"exception":"[object] (Symfony\\Component\\ErrorHandler\\Error\\FatalError(code: 0): Cannot declare class App\\Models\\Department, because the name is already in use at D:\\OneDrive\\Code Work\\laravel\\work\\quanly-giaodich\\app\\Models\\Transactions.php:8)
[stacktrace]
#0 {main}
"} 
[2024-05-18 21:43:10] local.ERROR: Cannot declare class App\Models\Department, because the name is already in use {"exception":"[object] (Symfony\\Component\\ErrorHandler\\Error\\FatalError(code: 0): Cannot declare class App\\Models\\Department, because the name is already in use at D:\\OneDrive\\Code Work\\laravel\\work\\quanly-giaodich\\app\\Models\\Transactions.php:8)
[stacktrace]
#0 {main}
"} 
[2024-05-18 21:44:10] local.ERROR: Cannot declare class App\Models\Department, because the name is already in use {"exception":"[object] (Symfony\\Component\\ErrorHandler\\Error\\FatalError(code: 0): Cannot declare class App\\Models\\Department, because the name is already in use at D:\\OneDrive\\Code Work\\laravel\\work\\quanly-giaodich\\app\\Models\\Transactions.php:8)
[stacktrace]
#0 {main}
"} 
[2024-05-18 21:45:10] local.ERROR: Cannot declare class App\Models\Department, because the name is already in use {"exception":"[object] (Symfony\\Component\\ErrorHandler\\Error\\FatalError(code: 0): Cannot declare class App\\Models\\Department, because the name is already in use at D:\\OneDrive\\Code Work\\laravel\\work\\quanly-giaodich\\app\\Models\\Transactions.php:8)
[stacktrace]
#0 {main}
"} 
[2024-05-18 21:46:10] local.ERROR: Cannot declare class App\Models\Department, because the name is already in use {"exception":"[object] (Symfony\\Component\\ErrorHandler\\Error\\FatalError(code: 0): Cannot declare class App\\Models\\Department, because the name is already in use at D:\\OneDrive\\Code Work\\laravel\\work\\quanly-giaodich\\app\\Models\\Transactions.php:8)
[stacktrace]
#0 {main}
"} 
[2024-05-18 21:47:10] local.ERROR: Cannot declare class App\Models\Department, because the name is already in use {"exception":"[object] (Symfony\\Component\\ErrorHandler\\Error\\FatalError(code: 0): Cannot declare class App\\Models\\Department, because the name is already in use at D:\\OneDrive\\Code Work\\laravel\\work\\quanly-giaodich\\app\\Models\\Transactions.php:8)
[stacktrace]
#0 {main}
"} 
[2024-05-18 21:48:10] local.ERROR: Cannot declare class App\Models\Department, because the name is already in use {"exception":"[object] (Symfony\\Component\\ErrorHandler\\Error\\FatalError(code: 0): Cannot declare class App\\Models\\Department, because the name is already in use at D:\\OneDrive\\Code Work\\laravel\\work\\quanly-giaodich\\app\\Models\\Transactions.php:8)
[stacktrace]
#0 {main}
"} 
