[2023-08-07 23:56:32] local.ERROR: SQLSTATE[HY000] [1045] Access denied for user 'ssc'@'localhost' (using password: YES) (SQL: select * from `users` where `account_type` = CUSTOMER and `username` = 1202112817000308 limit 1) {"exception":"[object] (Illuminate\\Database\\QueryException(code: 1045): SQLSTATE[HY000] [1045] Access denied for user 'ssc'@'localhost' (using password: YES) (SQL: select * from `users` where `account_type` = CUSTOMER and `username` = 1202112817000308 limit 1) at C:\\Users\\admin\\OneDrive\\Code Work\\laravel\\api-ssc.edu\\vendor\\laravel\\framework\\src\\Illuminate\\Database\\Connection.php:671)
[stacktrace]
#0 C:\\Users\\admin\\OneDrive\\Code Work\\laravel\\api-ssc.edu\\vendor\\laravel\\framework\\src\\Illuminate\\Database\\Connection.php(631): Illuminate\\Database\\Connection->runQueryCallback('select * from `...', Array, Object(Closure))
#1 C:\\Users\\admin\\OneDrive\\Code Work\\laravel\\api-ssc.edu\\vendor\\laravel\\framework\\src\\Illuminate\\Database\\Connection.php(339): Illuminate\\Database\\Connection->run('select * from `...', Array, Object(Closure))
#2 C:\\Users\\admin\\OneDrive\\Code Work\\laravel\\api-ssc.edu\\vendor\\laravel\\framework\\src\\Illuminate\\Database\\Query\\Builder.php(2270): Illuminate\\Database\\Connection->select('select * from `...', Array, true)
#3 C:\\Users\\admin\\OneDrive\\Code Work\\laravel\\api-ssc.edu\\vendor\\laravel\\framework\\src\\Illuminate\\Database\\Query\\Builder.php(2258): Illuminate\\Database\\Query\\Builder->runSelect()
#4 C:\\Users\\admin\\OneDrive\\Code Work\\laravel\\api-ssc.edu\\vendor\\laravel\\framework\\src\\Illuminate\\Database\\Query\\Builder.php(2753): Illuminate\\Database\\Query\\Builder->Illuminate\\Database\\Query\\{closure}()
#5 C:\\Users\\admin\\OneDrive\\Code Work\\laravel\\api-ssc.edu\\vendor\\laravel\\framework\\src\\Illuminate\\Database\\Query\\Builder.php(2259): Illuminate\\Database\\Query\\Builder->onceWithColumns(Array, Object(Closure))
#6 C:\\Users\\admin\\OneDrive\\Code Work\\laravel\\api-ssc.edu\\vendor\\laravel\\framework\\src\\Illuminate\\Database\\Eloquent\\Builder.php(548): Illuminate\\Database\\Query\\Builder->get(Array)
#7 C:\\Users\\admin\\OneDrive\\Code Work\\laravel\\api-ssc.edu\\vendor\\laravel\\framework\\src\\Illuminate\\Database\\Eloquent\\Builder.php(532): Illuminate\\Database\\Eloquent\\Builder->getModels(Array)
#8 C:\\Users\\admin\\OneDrive\\Code Work\\laravel\\api-ssc.edu\\vendor\\laravel\\framework\\src\\Illuminate\\Database\\Concerns\\BuildsQueries.php(143): Illuminate\\Database\\Eloquent\\Builder->get(Array)
#9 C:\\Users\\admin\\OneDrive\\Code Work\\laravel\\api-ssc.edu\\vendor\\laravel\\framework\\src\\Illuminate\\Auth\\EloquentUserProvider.php(131): Illuminate\\Database\\Eloquent\\Builder->first()
#10 C:\\Users\\admin\\OneDrive\\Code Work\\laravel\\api-ssc.edu\\vendor\\tymon\\jwt-auth\\src\\JWTGuard.php(124): Illuminate\\Auth\\EloquentUserProvider->retrieveByCredentials(Array)
#11 C:\\Users\\admin\\OneDrive\\Code Work\\laravel\\api-ssc.edu\\vendor\\tymon\\jwt-auth\\src\\JWTGuard.php(111): Tymon\\JWTAuth\\JWTGuard->attempt(Array, false)
#12 C:\\Users\\admin\\OneDrive\\Code Work\\laravel\\api-ssc.edu\\vendor\\tymon\\jwt-auth\\src\\JWTGuard.php(211): Tymon\\JWTAuth\\JWTGuard->validate(Array)
#13 C:\\Users\\admin\\OneDrive\\Code Work\\laravel\\api-ssc.edu\\vendor\\tymon\\jwt-auth\\src\\Providers\\Auth\\Illuminate.php(47): Tymon\\JWTAuth\\JWTGuard->once(Array)
#14 C:\\Users\\admin\\OneDrive\\Code Work\\laravel\\api-ssc.edu\\vendor\\tymon\\jwt-auth\\src\\JWTAuth.php(50): Tymon\\JWTAuth\\Providers\\Auth\\Illuminate->byCredentials(Array)
#15 C:\\Users\\admin\\OneDrive\\Code Work\\laravel\\api-ssc.edu\\vendor\\laravel\\framework\\src\\Illuminate\\Support\\Facades\\Facade.php(261): Tymon\\JWTAuth\\JWTAuth->attempt(Array)
#16 C:\\Users\\admin\\OneDrive\\Code Work\\laravel\\api-ssc.edu\\app\\Http\\Controllers\\Api\\AuthController.php(62): Illuminate\\Support\\Facades\\Facade::__callStatic('attempt', Array)
#17 C:\\Users\\admin\\OneDrive\\Code Work\\laravel\\api-ssc.edu\\vendor\\laravel\\framework\\src\\Illuminate\\Routing\\Controller.php(54): App\\Http\\Controllers\\Api\\AuthController->login(Object(App\\Http\\Requests\\Auth\\LoginRequest))
#18 C:\\Users\\admin\\OneDrive\\Code Work\\laravel\\api-ssc.edu\\vendor\\laravel\\framework\\src\\Illuminate\\Routing\\ControllerDispatcher.php(45): Illuminate\\Routing\\Controller->callAction('login', Array)
#19 C:\\Users\\admin\\OneDrive\\Code Work\\laravel\\api-ssc.edu\\vendor\\laravel\\framework\\src\\Illuminate\\Routing\\Route.php(239): Illuminate\\Routing\\ControllerDispatcher->dispatch(Object(Illuminate\\Routing\\Route), Object(App\\Http\\Controllers\\Api\\AuthController), 'login')
#20 C:\\Users\\admin\\OneDrive\\Code Work\\laravel\\api-ssc.edu\\vendor\\laravel\\framework\\src\\Illuminate\\Routing\\Route.php(196): Illuminate\\Routing\\Route->runController()
#21 C:\\Users\\admin\\OneDrive\\Code Work\\laravel\\api-ssc.edu\\vendor\\laravel\\framework\\src\\Illuminate\\Routing\\Router.php(685): Illuminate\\Routing\\Route->run()
#22 C:\\Users\\admin\\OneDrive\\Code Work\\laravel\\api-ssc.edu\\vendor\\laravel\\framework\\src\\Illuminate\\Pipeline\\Pipeline.php(128): Illuminate\\Routing\\Router->Illuminate\\Routing\\{closure}(Object(Illuminate\\Http\\Request))
#23 C:\\Users\\admin\\OneDrive\\Code Work\\laravel\\api-ssc.edu\\vendor\\laravel\\framework\\src\\Illuminate\\Routing\\Middleware\\SubstituteBindings.php(41): Illuminate\\Pipeline\\Pipeline->Illuminate\\Pipeline\\{closure}(Object(Illuminate\\Http\\Request))
#24 C:\\Users\\admin\\OneDrive\\Code Work\\laravel\\api-ssc.edu\\vendor\\laravel\\framework\\src\\Illuminate\\Pipeline\\Pipeline.php(167): Illuminate\\Routing\\Middleware\\SubstituteBindings->handle(Object(Illuminate\\Http\\Request), Object(Closure))
#25 C:\\Users\\admin\\OneDrive\\Code Work\\laravel\\api-ssc.edu\\vendor\\laravel\\framework\\src\\Illuminate\\Routing\\Middleware\\ThrottleRequests.php(59): Illuminate\\Pipeline\\Pipeline->Illuminate\\Pipeline\\{closure}(Object(Illuminate\\Http\\Request))
#26 C:\\Users\\admin\\OneDrive\\Code Work\\laravel\\api-ssc.edu\\vendor\\laravel\\framework\\src\\Illuminate\\Pipeline\\Pipeline.php(167): Illuminate\\Routing\\Middleware\\ThrottleRequests->handle(Object(Illuminate\\Http\\Request), Object(Closure), 60, '1')
#27 C:\\Users\\admin\\OneDrive\\Code Work\\laravel\\api-ssc.edu\\vendor\\laravel\\framework\\src\\Illuminate\\Pipeline\\Pipeline.php(103): Illuminate\\Pipeline\\Pipeline->Illuminate\\Pipeline\\{closure}(Object(Illuminate\\Http\\Request))
#28 C:\\Users\\admin\\OneDrive\\Code Work\\laravel\\api-ssc.edu\\vendor\\laravel\\framework\\src\\Illuminate\\Routing\\Router.php(687): Illuminate\\Pipeline\\Pipeline->then(Object(Closure))
#29 C:\\Users\\admin\\OneDrive\\Code Work\\laravel\\api-ssc.edu\\vendor\\laravel\\framework\\src\\Illuminate\\Routing\\Router.php(662): Illuminate\\Routing\\Router->runRouteWithinStack(Object(Illuminate\\Routing\\Route), Object(Illuminate\\Http\\Request))
#30 C:\\Users\\admin\\OneDrive\\Code Work\\laravel\\api-ssc.edu\\vendor\\laravel\\framework\\src\\Illuminate\\Routing\\Router.php(628): Illuminate\\Routing\\Router->runRoute(Object(Illuminate\\Http\\Request), Object(Illuminate\\Routing\\Route))
#31 C:\\Users\\admin\\OneDrive\\Code Work\\laravel\\api-ssc.edu\\vendor\\laravel\\framework\\src\\Illuminate\\Routing\\Router.php(617): Illuminate\\Routing\\Router->dispatchToRoute(Object(Illuminate\\Http\\Request))
#32 C:\\Users\\admin\\OneDrive\\Code Work\\laravel\\api-ssc.edu\\vendor\\laravel\\framework\\src\\Illuminate\\Foundation\\Http\\Kernel.php(165): Illuminate\\Routing\\Router->dispatch(Object(Illuminate\\Http\\Request))
#33 C:\\Users\\admin\\OneDrive\\Code Work\\laravel\\api-ssc.edu\\vendor\\laravel\\framework\\src\\Illuminate\\Pipeline\\Pipeline.php(128): Illuminate\\Foundation\\Http\\Kernel->Illuminate\\Foundation\\Http\\{closure}(Object(Illuminate\\Http\\Request))
#34 C:\\Users\\admin\\OneDrive\\Code Work\\laravel\\api-ssc.edu\\app\\Http\\Middleware\\FilterParams.php(37): Illuminate\\Pipeline\\Pipeline->Illuminate\\Pipeline\\{closure}(Object(Illuminate\\Http\\Request))
#35 C:\\Users\\admin\\OneDrive\\Code Work\\laravel\\api-ssc.edu\\vendor\\laravel\\framework\\src\\Illuminate\\Pipeline\\Pipeline.php(167): App\\Http\\Middleware\\FilterParams->handle(Object(Illuminate\\Http\\Request), Object(Closure))
#36 C:\\Users\\admin\\OneDrive\\Code Work\\laravel\\api-ssc.edu\\app\\Http\\Middleware\\FilterOtp.php(44): Illuminate\\Pipeline\\Pipeline->Illuminate\\Pipeline\\{closure}(Object(Illuminate\\Http\\Request))
#37 C:\\Users\\admin\\OneDrive\\Code Work\\laravel\\api-ssc.edu\\vendor\\laravel\\framework\\src\\Illuminate\\Pipeline\\Pipeline.php(167): App\\Http\\Middleware\\FilterOtp->handle(Object(Illuminate\\Http\\Request), Object(Closure))
#38 C:\\Users\\admin\\OneDrive\\Code Work\\laravel\\api-ssc.edu\\app\\Http\\Middleware\\FilterPassword.php(72): Illuminate\\Pipeline\\Pipeline->Illuminate\\Pipeline\\{closure}(Object(Illuminate\\Http\\Request))
#39 C:\\Users\\admin\\OneDrive\\Code Work\\laravel\\api-ssc.edu\\vendor\\laravel\\framework\\src\\Illuminate\\Pipeline\\Pipeline.php(167): App\\Http\\Middleware\\FilterPassword->handle(Object(Illuminate\\Http\\Request), Object(Closure))
#40 C:\\Users\\admin\\OneDrive\\Code Work\\laravel\\api-ssc.edu\\vendor\\laravel\\framework\\src\\Illuminate\\Foundation\\Http\\Middleware\\TransformsRequest.php(21): Illuminate\\Pipeline\\Pipeline->Illuminate\\Pipeline\\{closure}(Object(Illuminate\\Http\\Request))
#41 C:\\Users\\admin\\OneDrive\\Code Work\\laravel\\api-ssc.edu\\vendor\\laravel\\framework\\src\\Illuminate\\Pipeline\\Pipeline.php(167): Illuminate\\Foundation\\Http\\Middleware\\TransformsRequest->handle(Object(Illuminate\\Http\\Request), Object(Closure))
#42 C:\\Users\\admin\\OneDrive\\Code Work\\laravel\\api-ssc.edu\\vendor\\laravel\\framework\\src\\Illuminate\\Foundation\\Http\\Middleware\\TransformsRequest.php(21): Illuminate\\Pipeline\\Pipeline->Illuminate\\Pipeline\\{closure}(Object(Illuminate\\Http\\Request))
#43 C:\\Users\\admin\\OneDrive\\Code Work\\laravel\\api-ssc.edu\\vendor\\laravel\\framework\\src\\Illuminate\\Pipeline\\Pipeline.php(167): Illuminate\\Foundation\\Http\\Middleware\\TransformsRequest->handle(Object(Illuminate\\Http\\Request), Object(Closure))
#44 C:\\Users\\admin\\OneDrive\\Code Work\\laravel\\api-ssc.edu\\vendor\\laravel\\framework\\src\\Illuminate\\Foundation\\Http\\Middleware\\ValidatePostSize.php(27): Illuminate\\Pipeline\\Pipeline->Illuminate\\Pipeline\\{closure}(Object(Illuminate\\Http\\Request))
#45 C:\\Users\\admin\\OneDrive\\Code Work\\laravel\\api-ssc.edu\\vendor\\laravel\\framework\\src\\Illuminate\\Pipeline\\Pipeline.php(167): Illuminate\\Foundation\\Http\\Middleware\\ValidatePostSize->handle(Object(Illuminate\\Http\\Request), Object(Closure))
#46 C:\\Users\\admin\\OneDrive\\Code Work\\laravel\\api-ssc.edu\\vendor\\laravel\\framework\\src\\Illuminate\\Foundation\\Http\\Middleware\\CheckForMaintenanceMode.php(63): Illuminate\\Pipeline\\Pipeline->Illuminate\\Pipeline\\{closure}(Object(Illuminate\\Http\\Request))
#47 C:\\Users\\admin\\OneDrive\\Code Work\\laravel\\api-ssc.edu\\app\\Http\\Middleware\\CheckForMaintenanceMode.php(29): Illuminate\\Foundation\\Http\\Middleware\\CheckForMaintenanceMode->handle(Object(Illuminate\\Http\\Request), Object(Closure))
#48 C:\\Users\\admin\\OneDrive\\Code Work\\laravel\\api-ssc.edu\\vendor\\laravel\\framework\\src\\Illuminate\\Pipeline\\Pipeline.php(167): App\\Http\\Middleware\\CheckForMaintenanceMode->handle(Object(Illuminate\\Http\\Request), Object(Closure))
#49 C:\\Users\\admin\\OneDrive\\Code Work\\laravel\\api-ssc.edu\\vendor\\fruitcake\\laravel-cors\\src\\HandleCors.php(52): Illuminate\\Pipeline\\Pipeline->Illuminate\\Pipeline\\{closure}(Object(Illuminate\\Http\\Request))
#50 C:\\Users\\admin\\OneDrive\\Code Work\\laravel\\api-ssc.edu\\vendor\\laravel\\framework\\src\\Illuminate\\Pipeline\\Pipeline.php(167): Fruitcake\\Cors\\HandleCors->handle(Object(Illuminate\\Http\\Request), Object(Closure))
#51 C:\\Users\\admin\\OneDrive\\Code Work\\laravel\\api-ssc.edu\\vendor\\fideloper\\proxy\\src\\TrustProxies.php(57): Illuminate\\Pipeline\\Pipeline->Illuminate\\Pipeline\\{closure}(Object(Illuminate\\Http\\Request))
#52 C:\\Users\\admin\\OneDrive\\Code Work\\laravel\\api-ssc.edu\\vendor\\laravel\\framework\\src\\Illuminate\\Pipeline\\Pipeline.php(167): Fideloper\\Proxy\\TrustProxies->handle(Object(Illuminate\\Http\\Request), Object(Closure))
#53 C:\\Users\\admin\\OneDrive\\Code Work\\laravel\\api-ssc.edu\\vendor\\laravel\\framework\\src\\Illuminate\\Pipeline\\Pipeline.php(103): Illuminate\\Pipeline\\Pipeline->Illuminate\\Pipeline\\{closure}(Object(Illuminate\\Http\\Request))
#54 C:\\Users\\admin\\OneDrive\\Code Work\\laravel\\api-ssc.edu\\vendor\\laravel\\framework\\src\\Illuminate\\Foundation\\Http\\Kernel.php(140): Illuminate\\Pipeline\\Pipeline->then(Object(Closure))
#55 C:\\Users\\admin\\OneDrive\\Code Work\\laravel\\api-ssc.edu\\vendor\\laravel\\framework\\src\\Illuminate\\Foundation\\Http\\Kernel.php(109): Illuminate\\Foundation\\Http\\Kernel->sendRequestThroughRouter(Object(Illuminate\\Http\\Request))
#56 C:\\Users\\admin\\OneDrive\\Code Work\\laravel\\api-ssc.edu\\public\\index.php(55): Illuminate\\Foundation\\Http\\Kernel->handle(Object(Illuminate\\Http\\Request))
#57 C:\\Users\\admin\\OneDrive\\Code Work\\laravel\\api-ssc.edu\\server.php(21): require_once('C:\\\\Users\\\\admin\\\\...')
#58 {main}

[previous exception] [object] (PDOException(code: 1045): SQLSTATE[HY000] [1045] Access denied for user 'ssc'@'localhost' (using password: YES) at C:\\Users\\admin\\OneDrive\\Code Work\\laravel\\api-ssc.edu\\vendor\\laravel\\framework\\src\\Illuminate\\Database\\Connectors\\Connector.php:70)
[stacktrace]
#0 C:\\Users\\admin\\OneDrive\\Code Work\\laravel\\api-ssc.edu\\vendor\\laravel\\framework\\src\\Illuminate\\Database\\Connectors\\Connector.php(70): PDO->__construct('mysql:host=127....', 'ssc', 'Ssc$2021$', Array)
#1 C:\\Users\\admin\\OneDrive\\Code Work\\laravel\\api-ssc.edu\\vendor\\laravel\\framework\\src\\Illuminate\\Database\\Connectors\\Connector.php(46): Illuminate\\Database\\Connectors\\Connector->createPdoConnection('mysql:host=127....', 'ssc', 'Ssc$2021$', Array)
#2 C:\\Users\\admin\\OneDrive\\Code Work\\laravel\\api-ssc.edu\\vendor\\laravel\\framework\\src\\Illuminate\\Database\\Connectors\\MySqlConnector.php(24): Illuminate\\Database\\Connectors\\Connector->createConnection('mysql:host=127....', Array, Array)
#3 C:\\Users\\admin\\OneDrive\\Code Work\\laravel\\api-ssc.edu\\vendor\\laravel\\framework\\src\\Illuminate\\Database\\Connectors\\ConnectionFactory.php(184): Illuminate\\Database\\Connectors\\MySqlConnector->connect(Array)
#4 [internal function]: Illuminate\\Database\\Connectors\\ConnectionFactory->Illuminate\\Database\\Connectors\\{closure}()
#5 C:\\Users\\admin\\OneDrive\\Code Work\\laravel\\api-ssc.edu\\vendor\\laravel\\framework\\src\\Illuminate\\Database\\Connection.php(926): call_user_func(Object(Closure))
#6 C:\\Users\\admin\\OneDrive\\Code Work\\laravel\\api-ssc.edu\\vendor\\laravel\\framework\\src\\Illuminate\\Database\\Connection.php(961): Illuminate\\Database\\Connection->getPdo()
#7 C:\\Users\\admin\\OneDrive\\Code Work\\laravel\\api-ssc.edu\\vendor\\laravel\\framework\\src\\Illuminate\\Database\\Connection.php(405): Illuminate\\Database\\Connection->getReadPdo()
#8 C:\\Users\\admin\\OneDrive\\Code Work\\laravel\\api-ssc.edu\\vendor\\laravel\\framework\\src\\Illuminate\\Database\\Connection.php(331): Illuminate\\Database\\Connection->getPdoForSelect(true)
#9 C:\\Users\\admin\\OneDrive\\Code Work\\laravel\\api-ssc.edu\\vendor\\laravel\\framework\\src\\Illuminate\\Database\\Connection.php(664): Illuminate\\Database\\Connection->Illuminate\\Database\\{closure}('select * from `...', Array)
#10 C:\\Users\\admin\\OneDrive\\Code Work\\laravel\\api-ssc.edu\\vendor\\laravel\\framework\\src\\Illuminate\\Database\\Connection.php(631): Illuminate\\Database\\Connection->runQueryCallback('select * from `...', Array, Object(Closure))
#11 C:\\Users\\admin\\OneDrive\\Code Work\\laravel\\api-ssc.edu\\vendor\\laravel\\framework\\src\\Illuminate\\Database\\Connection.php(339): Illuminate\\Database\\Connection->run('select * from `...', Array, Object(Closure))
#12 C:\\Users\\admin\\OneDrive\\Code Work\\laravel\\api-ssc.edu\\vendor\\laravel\\framework\\src\\Illuminate\\Database\\Query\\Builder.php(2270): Illuminate\\Database\\Connection->select('select * from `...', Array, true)
#13 C:\\Users\\admin\\OneDrive\\Code Work\\laravel\\api-ssc.edu\\vendor\\laravel\\framework\\src\\Illuminate\\Database\\Query\\Builder.php(2258): Illuminate\\Database\\Query\\Builder->runSelect()
#14 C:\\Users\\admin\\OneDrive\\Code Work\\laravel\\api-ssc.edu\\vendor\\laravel\\framework\\src\\Illuminate\\Database\\Query\\Builder.php(2753): Illuminate\\Database\\Query\\Builder->Illuminate\\Database\\Query\\{closure}()
#15 C:\\Users\\admin\\OneDrive\\Code Work\\laravel\\api-ssc.edu\\vendor\\laravel\\framework\\src\\Illuminate\\Database\\Query\\Builder.php(2259): Illuminate\\Database\\Query\\Builder->onceWithColumns(Array, Object(Closure))
#16 C:\\Users\\admin\\OneDrive\\Code Work\\laravel\\api-ssc.edu\\vendor\\laravel\\framework\\src\\Illuminate\\Database\\Eloquent\\Builder.php(548): Illuminate\\Database\\Query\\Builder->get(Array)
#17 C:\\Users\\admin\\OneDrive\\Code Work\\laravel\\api-ssc.edu\\vendor\\laravel\\framework\\src\\Illuminate\\Database\\Eloquent\\Builder.php(532): Illuminate\\Database\\Eloquent\\Builder->getModels(Array)
#18 C:\\Users\\admin\\OneDrive\\Code Work\\laravel\\api-ssc.edu\\vendor\\laravel\\framework\\src\\Illuminate\\Database\\Concerns\\BuildsQueries.php(143): Illuminate\\Database\\Eloquent\\Builder->get(Array)
#19 C:\\Users\\admin\\OneDrive\\Code Work\\laravel\\api-ssc.edu\\vendor\\laravel\\framework\\src\\Illuminate\\Auth\\EloquentUserProvider.php(131): Illuminate\\Database\\Eloquent\\Builder->first()
#20 C:\\Users\\admin\\OneDrive\\Code Work\\laravel\\api-ssc.edu\\vendor\\tymon\\jwt-auth\\src\\JWTGuard.php(124): Illuminate\\Auth\\EloquentUserProvider->retrieveByCredentials(Array)
#21 C:\\Users\\admin\\OneDrive\\Code Work\\laravel\\api-ssc.edu\\vendor\\tymon\\jwt-auth\\src\\JWTGuard.php(111): Tymon\\JWTAuth\\JWTGuard->attempt(Array, false)
#22 C:\\Users\\admin\\OneDrive\\Code Work\\laravel\\api-ssc.edu\\vendor\\tymon\\jwt-auth\\src\\JWTGuard.php(211): Tymon\\JWTAuth\\JWTGuard->validate(Array)
#23 C:\\Users\\admin\\OneDrive\\Code Work\\laravel\\api-ssc.edu\\vendor\\tymon\\jwt-auth\\src\\Providers\\Auth\\Illuminate.php(47): Tymon\\JWTAuth\\JWTGuard->once(Array)
#24 C:\\Users\\admin\\OneDrive\\Code Work\\laravel\\api-ssc.edu\\vendor\\tymon\\jwt-auth\\src\\JWTAuth.php(50): Tymon\\JWTAuth\\Providers\\Auth\\Illuminate->byCredentials(Array)
#25 C:\\Users\\admin\\OneDrive\\Code Work\\laravel\\api-ssc.edu\\vendor\\laravel\\framework\\src\\Illuminate\\Support\\Facades\\Facade.php(261): Tymon\\JWTAuth\\JWTAuth->attempt(Array)
#26 C:\\Users\\admin\\OneDrive\\Code Work\\laravel\\api-ssc.edu\\app\\Http\\Controllers\\Api\\AuthController.php(62): Illuminate\\Support\\Facades\\Facade::__callStatic('attempt', Array)
#27 C:\\Users\\admin\\OneDrive\\Code Work\\laravel\\api-ssc.edu\\vendor\\laravel\\framework\\src\\Illuminate\\Routing\\Controller.php(54): App\\Http\\Controllers\\Api\\AuthController->login(Object(App\\Http\\Requests\\Auth\\LoginRequest))
#28 C:\\Users\\admin\\OneDrive\\Code Work\\laravel\\api-ssc.edu\\vendor\\laravel\\framework\\src\\Illuminate\\Routing\\ControllerDispatcher.php(45): Illuminate\\Routing\\Controller->callAction('login', Array)
#29 C:\\Users\\admin\\OneDrive\\Code Work\\laravel\\api-ssc.edu\\vendor\\laravel\\framework\\src\\Illuminate\\Routing\\Route.php(239): Illuminate\\Routing\\ControllerDispatcher->dispatch(Object(Illuminate\\Routing\\Route), Object(App\\Http\\Controllers\\Api\\AuthController), 'login')
#30 C:\\Users\\admin\\OneDrive\\Code Work\\laravel\\api-ssc.edu\\vendor\\laravel\\framework\\src\\Illuminate\\Routing\\Route.php(196): Illuminate\\Routing\\Route->runController()
#31 C:\\Users\\admin\\OneDrive\\Code Work\\laravel\\api-ssc.edu\\vendor\\laravel\\framework\\src\\Illuminate\\Routing\\Router.php(685): Illuminate\\Routing\\Route->run()
#32 C:\\Users\\admin\\OneDrive\\Code Work\\laravel\\api-ssc.edu\\vendor\\laravel\\framework\\src\\Illuminate\\Pipeline\\Pipeline.php(128): Illuminate\\Routing\\Router->Illuminate\\Routing\\{closure}(Object(Illuminate\\Http\\Request))
#33 C:\\Users\\admin\\OneDrive\\Code Work\\laravel\\api-ssc.edu\\vendor\\laravel\\framework\\src\\Illuminate\\Routing\\Middleware\\SubstituteBindings.php(41): Illuminate\\Pipeline\\Pipeline->Illuminate\\Pipeline\\{closure}(Object(Illuminate\\Http\\Request))
#34 C:\\Users\\admin\\OneDrive\\Code Work\\laravel\\api-ssc.edu\\vendor\\laravel\\framework\\src\\Illuminate\\Pipeline\\Pipeline.php(167): Illuminate\\Routing\\Middleware\\SubstituteBindings->handle(Object(Illuminate\\Http\\Request), Object(Closure))
#35 C:\\Users\\admin\\OneDrive\\Code Work\\laravel\\api-ssc.edu\\vendor\\laravel\\framework\\src\\Illuminate\\Routing\\Middleware\\ThrottleRequests.php(59): Illuminate\\Pipeline\\Pipeline->Illuminate\\Pipeline\\{closure}(Object(Illuminate\\Http\\Request))
#36 C:\\Users\\admin\\OneDrive\\Code Work\\laravel\\api-ssc.edu\\vendor\\laravel\\framework\\src\\Illuminate\\Pipeline\\Pipeline.php(167): Illuminate\\Routing\\Middleware\\ThrottleRequests->handle(Object(Illuminate\\Http\\Request), Object(Closure), 60, '1')
#37 C:\\Users\\admin\\OneDrive\\Code Work\\laravel\\api-ssc.edu\\vendor\\laravel\\framework\\src\\Illuminate\\Pipeline\\Pipeline.php(103): Illuminate\\Pipeline\\Pipeline->Illuminate\\Pipeline\\{closure}(Object(Illuminate\\Http\\Request))
#38 C:\\Users\\admin\\OneDrive\\Code Work\\laravel\\api-ssc.edu\\vendor\\laravel\\framework\\src\\Illuminate\\Routing\\Router.php(687): Illuminate\\Pipeline\\Pipeline->then(Object(Closure))
#39 C:\\Users\\admin\\OneDrive\\Code Work\\laravel\\api-ssc.edu\\vendor\\laravel\\framework\\src\\Illuminate\\Routing\\Router.php(662): Illuminate\\Routing\\Router->runRouteWithinStack(Object(Illuminate\\Routing\\Route), Object(Illuminate\\Http\\Request))
#40 C:\\Users\\admin\\OneDrive\\Code Work\\laravel\\api-ssc.edu\\vendor\\laravel\\framework\\src\\Illuminate\\Routing\\Router.php(628): Illuminate\\Routing\\Router->runRoute(Object(Illuminate\\Http\\Request), Object(Illuminate\\Routing\\Route))
#41 C:\\Users\\admin\\OneDrive\\Code Work\\laravel\\api-ssc.edu\\vendor\\laravel\\framework\\src\\Illuminate\\Routing\\Router.php(617): Illuminate\\Routing\\Router->dispatchToRoute(Object(Illuminate\\Http\\Request))
#42 C:\\Users\\admin\\OneDrive\\Code Work\\laravel\\api-ssc.edu\\vendor\\laravel\\framework\\src\\Illuminate\\Foundation\\Http\\Kernel.php(165): Illuminate\\Routing\\Router->dispatch(Object(Illuminate\\Http\\Request))
#43 C:\\Users\\admin\\OneDrive\\Code Work\\laravel\\api-ssc.edu\\vendor\\laravel\\framework\\src\\Illuminate\\Pipeline\\Pipeline.php(128): Illuminate\\Foundation\\Http\\Kernel->Illuminate\\Foundation\\Http\\{closure}(Object(Illuminate\\Http\\Request))
#44 C:\\Users\\admin\\OneDrive\\Code Work\\laravel\\api-ssc.edu\\app\\Http\\Middleware\\FilterParams.php(37): Illuminate\\Pipeline\\Pipeline->Illuminate\\Pipeline\\{closure}(Object(Illuminate\\Http\\Request))
#45 C:\\Users\\admin\\OneDrive\\Code Work\\laravel\\api-ssc.edu\\vendor\\laravel\\framework\\src\\Illuminate\\Pipeline\\Pipeline.php(167): App\\Http\\Middleware\\FilterParams->handle(Object(Illuminate\\Http\\Request), Object(Closure))
#46 C:\\Users\\admin\\OneDrive\\Code Work\\laravel\\api-ssc.edu\\app\\Http\\Middleware\\FilterOtp.php(44): Illuminate\\Pipeline\\Pipeline->Illuminate\\Pipeline\\{closure}(Object(Illuminate\\Http\\Request))
#47 C:\\Users\\admin\\OneDrive\\Code Work\\laravel\\api-ssc.edu\\vendor\\laravel\\framework\\src\\Illuminate\\Pipeline\\Pipeline.php(167): App\\Http\\Middleware\\FilterOtp->handle(Object(Illuminate\\Http\\Request), Object(Closure))
#48 C:\\Users\\admin\\OneDrive\\Code Work\\laravel\\api-ssc.edu\\app\\Http\\Middleware\\FilterPassword.php(72): Illuminate\\Pipeline\\Pipeline->Illuminate\\Pipeline\\{closure}(Object(Illuminate\\Http\\Request))
#49 C:\\Users\\admin\\OneDrive\\Code Work\\laravel\\api-ssc.edu\\vendor\\laravel\\framework\\src\\Illuminate\\Pipeline\\Pipeline.php(167): App\\Http\\Middleware\\FilterPassword->handle(Object(Illuminate\\Http\\Request), Object(Closure))
#50 C:\\Users\\admin\\OneDrive\\Code Work\\laravel\\api-ssc.edu\\vendor\\laravel\\framework\\src\\Illuminate\\Foundation\\Http\\Middleware\\TransformsRequest.php(21): Illuminate\\Pipeline\\Pipeline->Illuminate\\Pipeline\\{closure}(Object(Illuminate\\Http\\Request))
#51 C:\\Users\\admin\\OneDrive\\Code Work\\laravel\\api-ssc.edu\\vendor\\laravel\\framework\\src\\Illuminate\\Pipeline\\Pipeline.php(167): Illuminate\\Foundation\\Http\\Middleware\\TransformsRequest->handle(Object(Illuminate\\Http\\Request), Object(Closure))
#52 C:\\Users\\admin\\OneDrive\\Code Work\\laravel\\api-ssc.edu\\vendor\\laravel\\framework\\src\\Illuminate\\Foundation\\Http\\Middleware\\TransformsRequest.php(21): Illuminate\\Pipeline\\Pipeline->Illuminate\\Pipeline\\{closure}(Object(Illuminate\\Http\\Request))
#53 C:\\Users\\admin\\OneDrive\\Code Work\\laravel\\api-ssc.edu\\vendor\\laravel\\framework\\src\\Illuminate\\Pipeline\\Pipeline.php(167): Illuminate\\Foundation\\Http\\Middleware\\TransformsRequest->handle(Object(Illuminate\\Http\\Request), Object(Closure))
#54 C:\\Users\\admin\\OneDrive\\Code Work\\laravel\\api-ssc.edu\\vendor\\laravel\\framework\\src\\Illuminate\\Foundation\\Http\\Middleware\\ValidatePostSize.php(27): Illuminate\\Pipeline\\Pipeline->Illuminate\\Pipeline\\{closure}(Object(Illuminate\\Http\\Request))
#55 C:\\Users\\admin\\OneDrive\\Code Work\\laravel\\api-ssc.edu\\vendor\\laravel\\framework\\src\\Illuminate\\Pipeline\\Pipeline.php(167): Illuminate\\Foundation\\Http\\Middleware\\ValidatePostSize->handle(Object(Illuminate\\Http\\Request), Object(Closure))
#56 C:\\Users\\admin\\OneDrive\\Code Work\\laravel\\api-ssc.edu\\vendor\\laravel\\framework\\src\\Illuminate\\Foundation\\Http\\Middleware\\CheckForMaintenanceMode.php(63): Illuminate\\Pipeline\\Pipeline->Illuminate\\Pipeline\\{closure}(Object(Illuminate\\Http\\Request))
#57 C:\\Users\\admin\\OneDrive\\Code Work\\laravel\\api-ssc.edu\\app\\Http\\Middleware\\CheckForMaintenanceMode.php(29): Illuminate\\Foundation\\Http\\Middleware\\CheckForMaintenanceMode->handle(Object(Illuminate\\Http\\Request), Object(Closure))
#58 C:\\Users\\admin\\OneDrive\\Code Work\\laravel\\api-ssc.edu\\vendor\\laravel\\framework\\src\\Illuminate\\Pipeline\\Pipeline.php(167): App\\Http\\Middleware\\CheckForMaintenanceMode->handle(Object(Illuminate\\Http\\Request), Object(Closure))
#59 C:\\Users\\admin\\OneDrive\\Code Work\\laravel\\api-ssc.edu\\vendor\\fruitcake\\laravel-cors\\src\\HandleCors.php(52): Illuminate\\Pipeline\\Pipeline->Illuminate\\Pipeline\\{closure}(Object(Illuminate\\Http\\Request))
#60 C:\\Users\\admin\\OneDrive\\Code Work\\laravel\\api-ssc.edu\\vendor\\laravel\\framework\\src\\Illuminate\\Pipeline\\Pipeline.php(167): Fruitcake\\Cors\\HandleCors->handle(Object(Illuminate\\Http\\Request), Object(Closure))
#61 C:\\Users\\admin\\OneDrive\\Code Work\\laravel\\api-ssc.edu\\vendor\\fideloper\\proxy\\src\\TrustProxies.php(57): Illuminate\\Pipeline\\Pipeline->Illuminate\\Pipeline\\{closure}(Object(Illuminate\\Http\\Request))
#62 C:\\Users\\admin\\OneDrive\\Code Work\\laravel\\api-ssc.edu\\vendor\\laravel\\framework\\src\\Illuminate\\Pipeline\\Pipeline.php(167): Fideloper\\Proxy\\TrustProxies->handle(Object(Illuminate\\Http\\Request), Object(Closure))
#63 C:\\Users\\admin\\OneDrive\\Code Work\\laravel\\api-ssc.edu\\vendor\\laravel\\framework\\src\\Illuminate\\Pipeline\\Pipeline.php(103): Illuminate\\Pipeline\\Pipeline->Illuminate\\Pipeline\\{closure}(Object(Illuminate\\Http\\Request))
#64 C:\\Users\\admin\\OneDrive\\Code Work\\laravel\\api-ssc.edu\\vendor\\laravel\\framework\\src\\Illuminate\\Foundation\\Http\\Kernel.php(140): Illuminate\\Pipeline\\Pipeline->then(Object(Closure))
#65 C:\\Users\\admin\\OneDrive\\Code Work\\laravel\\api-ssc.edu\\vendor\\laravel\\framework\\src\\Illuminate\\Foundation\\Http\\Kernel.php(109): Illuminate\\Foundation\\Http\\Kernel->sendRequestThroughRouter(Object(Illuminate\\Http\\Request))
#66 C:\\Users\\admin\\OneDrive\\Code Work\\laravel\\api-ssc.edu\\public\\index.php(55): Illuminate\\Foundation\\Http\\Kernel->handle(Object(Illuminate\\Http\\Request))
#67 C:\\Users\\admin\\OneDrive\\Code Work\\laravel\\api-ssc.edu\\server.php(21): require_once('C:\\\\Users\\\\admin\\\\...')
#68 {main}
"} 
[2023-08-07 23:57:26] local.ERROR: SQLSTATE[HY000] [1045] Access denied for user 'ssc'@'localhost' (using password: YES) (SQL: select * from `users` where `account_type` = CUSTOMER and `username` = 1202112817000308 limit 1) {"exception":"[object] (Illuminate\\Database\\QueryException(code: 1045): SQLSTATE[HY000] [1045] Access denied for user 'ssc'@'localhost' (using password: YES) (SQL: select * from `users` where `account_type` = CUSTOMER and `username` = 1202112817000308 limit 1) at C:\\Users\\admin\\OneDrive\\Code Work\\laravel\\api-ssc.edu\\vendor\\laravel\\framework\\src\\Illuminate\\Database\\Connection.php:671)
[stacktrace]
#0 C:\\Users\\admin\\OneDrive\\Code Work\\laravel\\api-ssc.edu\\vendor\\laravel\\framework\\src\\Illuminate\\Database\\Connection.php(631): Illuminate\\Database\\Connection->runQueryCallback('select * from `...', Array, Object(Closure))
#1 C:\\Users\\admin\\OneDrive\\Code Work\\laravel\\api-ssc.edu\\vendor\\laravel\\framework\\src\\Illuminate\\Database\\Connection.php(339): Illuminate\\Database\\Connection->run('select * from `...', Array, Object(Closure))
#2 C:\\Users\\admin\\OneDrive\\Code Work\\laravel\\api-ssc.edu\\vendor\\laravel\\framework\\src\\Illuminate\\Database\\Query\\Builder.php(2270): Illuminate\\Database\\Connection->select('select * from `...', Array, true)
#3 C:\\Users\\admin\\OneDrive\\Code Work\\laravel\\api-ssc.edu\\vendor\\laravel\\framework\\src\\Illuminate\\Database\\Query\\Builder.php(2258): Illuminate\\Database\\Query\\Builder->runSelect()
#4 C:\\Users\\admin\\OneDrive\\Code Work\\laravel\\api-ssc.edu\\vendor\\laravel\\framework\\src\\Illuminate\\Database\\Query\\Builder.php(2753): Illuminate\\Database\\Query\\Builder->Illuminate\\Database\\Query\\{closure}()
#5 C:\\Users\\admin\\OneDrive\\Code Work\\laravel\\api-ssc.edu\\vendor\\laravel\\framework\\src\\Illuminate\\Database\\Query\\Builder.php(2259): Illuminate\\Database\\Query\\Builder->onceWithColumns(Array, Object(Closure))
#6 C:\\Users\\admin\\OneDrive\\Code Work\\laravel\\api-ssc.edu\\vendor\\laravel\\framework\\src\\Illuminate\\Database\\Eloquent\\Builder.php(548): Illuminate\\Database\\Query\\Builder->get(Array)
#7 C:\\Users\\admin\\OneDrive\\Code Work\\laravel\\api-ssc.edu\\vendor\\laravel\\framework\\src\\Illuminate\\Database\\Eloquent\\Builder.php(532): Illuminate\\Database\\Eloquent\\Builder->getModels(Array)
#8 C:\\Users\\admin\\OneDrive\\Code Work\\laravel\\api-ssc.edu\\vendor\\laravel\\framework\\src\\Illuminate\\Database\\Concerns\\BuildsQueries.php(143): Illuminate\\Database\\Eloquent\\Builder->get(Array)
#9 C:\\Users\\admin\\OneDrive\\Code Work\\laravel\\api-ssc.edu\\vendor\\laravel\\framework\\src\\Illuminate\\Auth\\EloquentUserProvider.php(131): Illuminate\\Database\\Eloquent\\Builder->first()
#10 C:\\Users\\admin\\OneDrive\\Code Work\\laravel\\api-ssc.edu\\vendor\\tymon\\jwt-auth\\src\\JWTGuard.php(124): Illuminate\\Auth\\EloquentUserProvider->retrieveByCredentials(Array)
#11 C:\\Users\\admin\\OneDrive\\Code Work\\laravel\\api-ssc.edu\\vendor\\tymon\\jwt-auth\\src\\JWTGuard.php(111): Tymon\\JWTAuth\\JWTGuard->attempt(Array, false)
#12 C:\\Users\\admin\\OneDrive\\Code Work\\laravel\\api-ssc.edu\\vendor\\tymon\\jwt-auth\\src\\JWTGuard.php(211): Tymon\\JWTAuth\\JWTGuard->validate(Array)
#13 C:\\Users\\admin\\OneDrive\\Code Work\\laravel\\api-ssc.edu\\vendor\\tymon\\jwt-auth\\src\\Providers\\Auth\\Illuminate.php(47): Tymon\\JWTAuth\\JWTGuard->once(Array)
#14 C:\\Users\\admin\\OneDrive\\Code Work\\laravel\\api-ssc.edu\\vendor\\tymon\\jwt-auth\\src\\JWTAuth.php(50): Tymon\\JWTAuth\\Providers\\Auth\\Illuminate->byCredentials(Array)
#15 C:\\Users\\admin\\OneDrive\\Code Work\\laravel\\api-ssc.edu\\vendor\\laravel\\framework\\src\\Illuminate\\Support\\Facades\\Facade.php(261): Tymon\\JWTAuth\\JWTAuth->attempt(Array)
#16 C:\\Users\\admin\\OneDrive\\Code Work\\laravel\\api-ssc.edu\\app\\Http\\Controllers\\Api\\AuthController.php(62): Illuminate\\Support\\Facades\\Facade::__callStatic('attempt', Array)
#17 C:\\Users\\admin\\OneDrive\\Code Work\\laravel\\api-ssc.edu\\vendor\\laravel\\framework\\src\\Illuminate\\Routing\\Controller.php(54): App\\Http\\Controllers\\Api\\AuthController->login(Object(App\\Http\\Requests\\Auth\\LoginRequest))
#18 C:\\Users\\admin\\OneDrive\\Code Work\\laravel\\api-ssc.edu\\vendor\\laravel\\framework\\src\\Illuminate\\Routing\\ControllerDispatcher.php(45): Illuminate\\Routing\\Controller->callAction('login', Array)
#19 C:\\Users\\admin\\OneDrive\\Code Work\\laravel\\api-ssc.edu\\vendor\\laravel\\framework\\src\\Illuminate\\Routing\\Route.php(239): Illuminate\\Routing\\ControllerDispatcher->dispatch(Object(Illuminate\\Routing\\Route), Object(App\\Http\\Controllers\\Api\\AuthController), 'login')
#20 C:\\Users\\admin\\OneDrive\\Code Work\\laravel\\api-ssc.edu\\vendor\\laravel\\framework\\src\\Illuminate\\Routing\\Route.php(196): Illuminate\\Routing\\Route->runController()
#21 C:\\Users\\admin\\OneDrive\\Code Work\\laravel\\api-ssc.edu\\vendor\\laravel\\framework\\src\\Illuminate\\Routing\\Router.php(685): Illuminate\\Routing\\Route->run()
#22 C:\\Users\\admin\\OneDrive\\Code Work\\laravel\\api-ssc.edu\\vendor\\laravel\\framework\\src\\Illuminate\\Pipeline\\Pipeline.php(128): Illuminate\\Routing\\Router->Illuminate\\Routing\\{closure}(Object(Illuminate\\Http\\Request))
#23 C:\\Users\\admin\\OneDrive\\Code Work\\laravel\\api-ssc.edu\\vendor\\laravel\\framework\\src\\Illuminate\\Routing\\Middleware\\SubstituteBindings.php(41): Illuminate\\Pipeline\\Pipeline->Illuminate\\Pipeline\\{closure}(Object(Illuminate\\Http\\Request))
#24 C:\\Users\\admin\\OneDrive\\Code Work\\laravel\\api-ssc.edu\\vendor\\laravel\\framework\\src\\Illuminate\\Pipeline\\Pipeline.php(167): Illuminate\\Routing\\Middleware\\SubstituteBindings->handle(Object(Illuminate\\Http\\Request), Object(Closure))
#25 C:\\Users\\admin\\OneDrive\\Code Work\\laravel\\api-ssc.edu\\vendor\\laravel\\framework\\src\\Illuminate\\Routing\\Middleware\\ThrottleRequests.php(59): Illuminate\\Pipeline\\Pipeline->Illuminate\\Pipeline\\{closure}(Object(Illuminate\\Http\\Request))
#26 C:\\Users\\admin\\OneDrive\\Code Work\\laravel\\api-ssc.edu\\vendor\\laravel\\framework\\src\\Illuminate\\Pipeline\\Pipeline.php(167): Illuminate\\Routing\\Middleware\\ThrottleRequests->handle(Object(Illuminate\\Http\\Request), Object(Closure), 60, '1')
#27 C:\\Users\\admin\\OneDrive\\Code Work\\laravel\\api-ssc.edu\\vendor\\laravel\\framework\\src\\Illuminate\\Pipeline\\Pipeline.php(103): Illuminate\\Pipeline\\Pipeline->Illuminate\\Pipeline\\{closure}(Object(Illuminate\\Http\\Request))
#28 C:\\Users\\admin\\OneDrive\\Code Work\\laravel\\api-ssc.edu\\vendor\\laravel\\framework\\src\\Illuminate\\Routing\\Router.php(687): Illuminate\\Pipeline\\Pipeline->then(Object(Closure))
#29 C:\\Users\\admin\\OneDrive\\Code Work\\laravel\\api-ssc.edu\\vendor\\laravel\\framework\\src\\Illuminate\\Routing\\Router.php(662): Illuminate\\Routing\\Router->runRouteWithinStack(Object(Illuminate\\Routing\\Route), Object(Illuminate\\Http\\Request))
#30 C:\\Users\\admin\\OneDrive\\Code Work\\laravel\\api-ssc.edu\\vendor\\laravel\\framework\\src\\Illuminate\\Routing\\Router.php(628): Illuminate\\Routing\\Router->runRoute(Object(Illuminate\\Http\\Request), Object(Illuminate\\Routing\\Route))
#31 C:\\Users\\admin\\OneDrive\\Code Work\\laravel\\api-ssc.edu\\vendor\\laravel\\framework\\src\\Illuminate\\Routing\\Router.php(617): Illuminate\\Routing\\Router->dispatchToRoute(Object(Illuminate\\Http\\Request))
#32 C:\\Users\\admin\\OneDrive\\Code Work\\laravel\\api-ssc.edu\\vendor\\laravel\\framework\\src\\Illuminate\\Foundation\\Http\\Kernel.php(165): Illuminate\\Routing\\Router->dispatch(Object(Illuminate\\Http\\Request))
#33 C:\\Users\\admin\\OneDrive\\Code Work\\laravel\\api-ssc.edu\\vendor\\laravel\\framework\\src\\Illuminate\\Pipeline\\Pipeline.php(128): Illuminate\\Foundation\\Http\\Kernel->Illuminate\\Foundation\\Http\\{closure}(Object(Illuminate\\Http\\Request))
#34 C:\\Users\\admin\\OneDrive\\Code Work\\laravel\\api-ssc.edu\\app\\Http\\Middleware\\FilterParams.php(37): Illuminate\\Pipeline\\Pipeline->Illuminate\\Pipeline\\{closure}(Object(Illuminate\\Http\\Request))
#35 C:\\Users\\admin\\OneDrive\\Code Work\\laravel\\api-ssc.edu\\vendor\\laravel\\framework\\src\\Illuminate\\Pipeline\\Pipeline.php(167): App\\Http\\Middleware\\FilterParams->handle(Object(Illuminate\\Http\\Request), Object(Closure))
#36 C:\\Users\\admin\\OneDrive\\Code Work\\laravel\\api-ssc.edu\\app\\Http\\Middleware\\FilterOtp.php(44): Illuminate\\Pipeline\\Pipeline->Illuminate\\Pipeline\\{closure}(Object(Illuminate\\Http\\Request))
#37 C:\\Users\\admin\\OneDrive\\Code Work\\laravel\\api-ssc.edu\\vendor\\laravel\\framework\\src\\Illuminate\\Pipeline\\Pipeline.php(167): App\\Http\\Middleware\\FilterOtp->handle(Object(Illuminate\\Http\\Request), Object(Closure))
#38 C:\\Users\\admin\\OneDrive\\Code Work\\laravel\\api-ssc.edu\\app\\Http\\Middleware\\FilterPassword.php(72): Illuminate\\Pipeline\\Pipeline->Illuminate\\Pipeline\\{closure}(Object(Illuminate\\Http\\Request))
#39 C:\\Users\\admin\\OneDrive\\Code Work\\laravel\\api-ssc.edu\\vendor\\laravel\\framework\\src\\Illuminate\\Pipeline\\Pipeline.php(167): App\\Http\\Middleware\\FilterPassword->handle(Object(Illuminate\\Http\\Request), Object(Closure))
#40 C:\\Users\\admin\\OneDrive\\Code Work\\laravel\\api-ssc.edu\\vendor\\laravel\\framework\\src\\Illuminate\\Foundation\\Http\\Middleware\\TransformsRequest.php(21): Illuminate\\Pipeline\\Pipeline->Illuminate\\Pipeline\\{closure}(Object(Illuminate\\Http\\Request))
#41 C:\\Users\\admin\\OneDrive\\Code Work\\laravel\\api-ssc.edu\\vendor\\laravel\\framework\\src\\Illuminate\\Pipeline\\Pipeline.php(167): Illuminate\\Foundation\\Http\\Middleware\\TransformsRequest->handle(Object(Illuminate\\Http\\Request), Object(Closure))
#42 C:\\Users\\admin\\OneDrive\\Code Work\\laravel\\api-ssc.edu\\vendor\\laravel\\framework\\src\\Illuminate\\Foundation\\Http\\Middleware\\TransformsRequest.php(21): Illuminate\\Pipeline\\Pipeline->Illuminate\\Pipeline\\{closure}(Object(Illuminate\\Http\\Request))
#43 C:\\Users\\admin\\OneDrive\\Code Work\\laravel\\api-ssc.edu\\vendor\\laravel\\framework\\src\\Illuminate\\Pipeline\\Pipeline.php(167): Illuminate\\Foundation\\Http\\Middleware\\TransformsRequest->handle(Object(Illuminate\\Http\\Request), Object(Closure))
#44 C:\\Users\\admin\\OneDrive\\Code Work\\laravel\\api-ssc.edu\\vendor\\laravel\\framework\\src\\Illuminate\\Foundation\\Http\\Middleware\\ValidatePostSize.php(27): Illuminate\\Pipeline\\Pipeline->Illuminate\\Pipeline\\{closure}(Object(Illuminate\\Http\\Request))
#45 C:\\Users\\admin\\OneDrive\\Code Work\\laravel\\api-ssc.edu\\vendor\\laravel\\framework\\src\\Illuminate\\Pipeline\\Pipeline.php(167): Illuminate\\Foundation\\Http\\Middleware\\ValidatePostSize->handle(Object(Illuminate\\Http\\Request), Object(Closure))
#46 C:\\Users\\admin\\OneDrive\\Code Work\\laravel\\api-ssc.edu\\vendor\\laravel\\framework\\src\\Illuminate\\Foundation\\Http\\Middleware\\CheckForMaintenanceMode.php(63): Illuminate\\Pipeline\\Pipeline->Illuminate\\Pipeline\\{closure}(Object(Illuminate\\Http\\Request))
#47 C:\\Users\\admin\\OneDrive\\Code Work\\laravel\\api-ssc.edu\\app\\Http\\Middleware\\CheckForMaintenanceMode.php(29): Illuminate\\Foundation\\Http\\Middleware\\CheckForMaintenanceMode->handle(Object(Illuminate\\Http\\Request), Object(Closure))
#48 C:\\Users\\admin\\OneDrive\\Code Work\\laravel\\api-ssc.edu\\vendor\\laravel\\framework\\src\\Illuminate\\Pipeline\\Pipeline.php(167): App\\Http\\Middleware\\CheckForMaintenanceMode->handle(Object(Illuminate\\Http\\Request), Object(Closure))
#49 C:\\Users\\admin\\OneDrive\\Code Work\\laravel\\api-ssc.edu\\vendor\\fruitcake\\laravel-cors\\src\\HandleCors.php(52): Illuminate\\Pipeline\\Pipeline->Illuminate\\Pipeline\\{closure}(Object(Illuminate\\Http\\Request))
#50 C:\\Users\\admin\\OneDrive\\Code Work\\laravel\\api-ssc.edu\\vendor\\laravel\\framework\\src\\Illuminate\\Pipeline\\Pipeline.php(167): Fruitcake\\Cors\\HandleCors->handle(Object(Illuminate\\Http\\Request), Object(Closure))
#51 C:\\Users\\admin\\OneDrive\\Code Work\\laravel\\api-ssc.edu\\vendor\\fideloper\\proxy\\src\\TrustProxies.php(57): Illuminate\\Pipeline\\Pipeline->Illuminate\\Pipeline\\{closure}(Object(Illuminate\\Http\\Request))
#52 C:\\Users\\admin\\OneDrive\\Code Work\\laravel\\api-ssc.edu\\vendor\\laravel\\framework\\src\\Illuminate\\Pipeline\\Pipeline.php(167): Fideloper\\Proxy\\TrustProxies->handle(Object(Illuminate\\Http\\Request), Object(Closure))
#53 C:\\Users\\admin\\OneDrive\\Code Work\\laravel\\api-ssc.edu\\vendor\\laravel\\framework\\src\\Illuminate\\Pipeline\\Pipeline.php(103): Illuminate\\Pipeline\\Pipeline->Illuminate\\Pipeline\\{closure}(Object(Illuminate\\Http\\Request))
#54 C:\\Users\\admin\\OneDrive\\Code Work\\laravel\\api-ssc.edu\\vendor\\laravel\\framework\\src\\Illuminate\\Foundation\\Http\\Kernel.php(140): Illuminate\\Pipeline\\Pipeline->then(Object(Closure))
#55 C:\\Users\\admin\\OneDrive\\Code Work\\laravel\\api-ssc.edu\\vendor\\laravel\\framework\\src\\Illuminate\\Foundation\\Http\\Kernel.php(109): Illuminate\\Foundation\\Http\\Kernel->sendRequestThroughRouter(Object(Illuminate\\Http\\Request))
#56 C:\\Users\\admin\\OneDrive\\Code Work\\laravel\\api-ssc.edu\\public\\index.php(55): Illuminate\\Foundation\\Http\\Kernel->handle(Object(Illuminate\\Http\\Request))
#57 C:\\Users\\admin\\OneDrive\\Code Work\\laravel\\api-ssc.edu\\server.php(21): require_once('C:\\\\Users\\\\admin\\\\...')
#58 {main}

[previous exception] [object] (PDOException(code: 1045): SQLSTATE[HY000] [1045] Access denied for user 'ssc'@'localhost' (using password: YES) at C:\\Users\\admin\\OneDrive\\Code Work\\laravel\\api-ssc.edu\\vendor\\laravel\\framework\\src\\Illuminate\\Database\\Connectors\\Connector.php:70)
[stacktrace]
#0 C:\\Users\\admin\\OneDrive\\Code Work\\laravel\\api-ssc.edu\\vendor\\laravel\\framework\\src\\Illuminate\\Database\\Connectors\\Connector.php(70): PDO->__construct('mysql:host=127....', 'ssc', 'Ssc$2021$', Array)
#1 C:\\Users\\admin\\OneDrive\\Code Work\\laravel\\api-ssc.edu\\vendor\\laravel\\framework\\src\\Illuminate\\Database\\Connectors\\Connector.php(46): Illuminate\\Database\\Connectors\\Connector->createPdoConnection('mysql:host=127....', 'ssc', 'Ssc$2021$', Array)
#2 C:\\Users\\admin\\OneDrive\\Code Work\\laravel\\api-ssc.edu\\vendor\\laravel\\framework\\src\\Illuminate\\Database\\Connectors\\MySqlConnector.php(24): Illuminate\\Database\\Connectors\\Connector->createConnection('mysql:host=127....', Array, Array)
#3 C:\\Users\\admin\\OneDrive\\Code Work\\laravel\\api-ssc.edu\\vendor\\laravel\\framework\\src\\Illuminate\\Database\\Connectors\\ConnectionFactory.php(184): Illuminate\\Database\\Connectors\\MySqlConnector->connect(Array)
#4 [internal function]: Illuminate\\Database\\Connectors\\ConnectionFactory->Illuminate\\Database\\Connectors\\{closure}()
#5 C:\\Users\\admin\\OneDrive\\Code Work\\laravel\\api-ssc.edu\\vendor\\laravel\\framework\\src\\Illuminate\\Database\\Connection.php(926): call_user_func(Object(Closure))
#6 C:\\Users\\admin\\OneDrive\\Code Work\\laravel\\api-ssc.edu\\vendor\\laravel\\framework\\src\\Illuminate\\Database\\Connection.php(961): Illuminate\\Database\\Connection->getPdo()
#7 C:\\Users\\admin\\OneDrive\\Code Work\\laravel\\api-ssc.edu\\vendor\\laravel\\framework\\src\\Illuminate\\Database\\Connection.php(405): Illuminate\\Database\\Connection->getReadPdo()
#8 C:\\Users\\admin\\OneDrive\\Code Work\\laravel\\api-ssc.edu\\vendor\\laravel\\framework\\src\\Illuminate\\Database\\Connection.php(331): Illuminate\\Database\\Connection->getPdoForSelect(true)
#9 C:\\Users\\admin\\OneDrive\\Code Work\\laravel\\api-ssc.edu\\vendor\\laravel\\framework\\src\\Illuminate\\Database\\Connection.php(664): Illuminate\\Database\\Connection->Illuminate\\Database\\{closure}('select * from `...', Array)
#10 C:\\Users\\admin\\OneDrive\\Code Work\\laravel\\api-ssc.edu\\vendor\\laravel\\framework\\src\\Illuminate\\Database\\Connection.php(631): Illuminate\\Database\\Connection->runQueryCallback('select * from `...', Array, Object(Closure))
#11 C:\\Users\\admin\\OneDrive\\Code Work\\laravel\\api-ssc.edu\\vendor\\laravel\\framework\\src\\Illuminate\\Database\\Connection.php(339): Illuminate\\Database\\Connection->run('select * from `...', Array, Object(Closure))
#12 C:\\Users\\admin\\OneDrive\\Code Work\\laravel\\api-ssc.edu\\vendor\\laravel\\framework\\src\\Illuminate\\Database\\Query\\Builder.php(2270): Illuminate\\Database\\Connection->select('select * from `...', Array, true)
#13 C:\\Users\\admin\\OneDrive\\Code Work\\laravel\\api-ssc.edu\\vendor\\laravel\\framework\\src\\Illuminate\\Database\\Query\\Builder.php(2258): Illuminate\\Database\\Query\\Builder->runSelect()
#14 C:\\Users\\admin\\OneDrive\\Code Work\\laravel\\api-ssc.edu\\vendor\\laravel\\framework\\src\\Illuminate\\Database\\Query\\Builder.php(2753): Illuminate\\Database\\Query\\Builder->Illuminate\\Database\\Query\\{closure}()
#15 C:\\Users\\admin\\OneDrive\\Code Work\\laravel\\api-ssc.edu\\vendor\\laravel\\framework\\src\\Illuminate\\Database\\Query\\Builder.php(2259): Illuminate\\Database\\Query\\Builder->onceWithColumns(Array, Object(Closure))
#16 C:\\Users\\admin\\OneDrive\\Code Work\\laravel\\api-ssc.edu\\vendor\\laravel\\framework\\src\\Illuminate\\Database\\Eloquent\\Builder.php(548): Illuminate\\Database\\Query\\Builder->get(Array)
#17 C:\\Users\\admin\\OneDrive\\Code Work\\laravel\\api-ssc.edu\\vendor\\laravel\\framework\\src\\Illuminate\\Database\\Eloquent\\Builder.php(532): Illuminate\\Database\\Eloquent\\Builder->getModels(Array)
#18 C:\\Users\\admin\\OneDrive\\Code Work\\laravel\\api-ssc.edu\\vendor\\laravel\\framework\\src\\Illuminate\\Database\\Concerns\\BuildsQueries.php(143): Illuminate\\Database\\Eloquent\\Builder->get(Array)
#19 C:\\Users\\admin\\OneDrive\\Code Work\\laravel\\api-ssc.edu\\vendor\\laravel\\framework\\src\\Illuminate\\Auth\\EloquentUserProvider.php(131): Illuminate\\Database\\Eloquent\\Builder->first()
#20 C:\\Users\\admin\\OneDrive\\Code Work\\laravel\\api-ssc.edu\\vendor\\tymon\\jwt-auth\\src\\JWTGuard.php(124): Illuminate\\Auth\\EloquentUserProvider->retrieveByCredentials(Array)
#21 C:\\Users\\admin\\OneDrive\\Code Work\\laravel\\api-ssc.edu\\vendor\\tymon\\jwt-auth\\src\\JWTGuard.php(111): Tymon\\JWTAuth\\JWTGuard->attempt(Array, false)
#22 C:\\Users\\admin\\OneDrive\\Code Work\\laravel\\api-ssc.edu\\vendor\\tymon\\jwt-auth\\src\\JWTGuard.php(211): Tymon\\JWTAuth\\JWTGuard->validate(Array)
#23 C:\\Users\\admin\\OneDrive\\Code Work\\laravel\\api-ssc.edu\\vendor\\tymon\\jwt-auth\\src\\Providers\\Auth\\Illuminate.php(47): Tymon\\JWTAuth\\JWTGuard->once(Array)
#24 C:\\Users\\admin\\OneDrive\\Code Work\\laravel\\api-ssc.edu\\vendor\\tymon\\jwt-auth\\src\\JWTAuth.php(50): Tymon\\JWTAuth\\Providers\\Auth\\Illuminate->byCredentials(Array)
#25 C:\\Users\\admin\\OneDrive\\Code Work\\laravel\\api-ssc.edu\\vendor\\laravel\\framework\\src\\Illuminate\\Support\\Facades\\Facade.php(261): Tymon\\JWTAuth\\JWTAuth->attempt(Array)
#26 C:\\Users\\admin\\OneDrive\\Code Work\\laravel\\api-ssc.edu\\app\\Http\\Controllers\\Api\\AuthController.php(62): Illuminate\\Support\\Facades\\Facade::__callStatic('attempt', Array)
#27 C:\\Users\\admin\\OneDrive\\Code Work\\laravel\\api-ssc.edu\\vendor\\laravel\\framework\\src\\Illuminate\\Routing\\Controller.php(54): App\\Http\\Controllers\\Api\\AuthController->login(Object(App\\Http\\Requests\\Auth\\LoginRequest))
#28 C:\\Users\\admin\\OneDrive\\Code Work\\laravel\\api-ssc.edu\\vendor\\laravel\\framework\\src\\Illuminate\\Routing\\ControllerDispatcher.php(45): Illuminate\\Routing\\Controller->callAction('login', Array)
#29 C:\\Users\\admin\\OneDrive\\Code Work\\laravel\\api-ssc.edu\\vendor\\laravel\\framework\\src\\Illuminate\\Routing\\Route.php(239): Illuminate\\Routing\\ControllerDispatcher->dispatch(Object(Illuminate\\Routing\\Route), Object(App\\Http\\Controllers\\Api\\AuthController), 'login')
#30 C:\\Users\\admin\\OneDrive\\Code Work\\laravel\\api-ssc.edu\\vendor\\laravel\\framework\\src\\Illuminate\\Routing\\Route.php(196): Illuminate\\Routing\\Route->runController()
#31 C:\\Users\\admin\\OneDrive\\Code Work\\laravel\\api-ssc.edu\\vendor\\laravel\\framework\\src\\Illuminate\\Routing\\Router.php(685): Illuminate\\Routing\\Route->run()
#32 C:\\Users\\admin\\OneDrive\\Code Work\\laravel\\api-ssc.edu\\vendor\\laravel\\framework\\src\\Illuminate\\Pipeline\\Pipeline.php(128): Illuminate\\Routing\\Router->Illuminate\\Routing\\{closure}(Object(Illuminate\\Http\\Request))
#33 C:\\Users\\admin\\OneDrive\\Code Work\\laravel\\api-ssc.edu\\vendor\\laravel\\framework\\src\\Illuminate\\Routing\\Middleware\\SubstituteBindings.php(41): Illuminate\\Pipeline\\Pipeline->Illuminate\\Pipeline\\{closure}(Object(Illuminate\\Http\\Request))
#34 C:\\Users\\admin\\OneDrive\\Code Work\\laravel\\api-ssc.edu\\vendor\\laravel\\framework\\src\\Illuminate\\Pipeline\\Pipeline.php(167): Illuminate\\Routing\\Middleware\\SubstituteBindings->handle(Object(Illuminate\\Http\\Request), Object(Closure))
#35 C:\\Users\\admin\\OneDrive\\Code Work\\laravel\\api-ssc.edu\\vendor\\laravel\\framework\\src\\Illuminate\\Routing\\Middleware\\ThrottleRequests.php(59): Illuminate\\Pipeline\\Pipeline->Illuminate\\Pipeline\\{closure}(Object(Illuminate\\Http\\Request))
#36 C:\\Users\\admin\\OneDrive\\Code Work\\laravel\\api-ssc.edu\\vendor\\laravel\\framework\\src\\Illuminate\\Pipeline\\Pipeline.php(167): Illuminate\\Routing\\Middleware\\ThrottleRequests->handle(Object(Illuminate\\Http\\Request), Object(Closure), 60, '1')
#37 C:\\Users\\admin\\OneDrive\\Code Work\\laravel\\api-ssc.edu\\vendor\\laravel\\framework\\src\\Illuminate\\Pipeline\\Pipeline.php(103): Illuminate\\Pipeline\\Pipeline->Illuminate\\Pipeline\\{closure}(Object(Illuminate\\Http\\Request))
#38 C:\\Users\\admin\\OneDrive\\Code Work\\laravel\\api-ssc.edu\\vendor\\laravel\\framework\\src\\Illuminate\\Routing\\Router.php(687): Illuminate\\Pipeline\\Pipeline->then(Object(Closure))
#39 C:\\Users\\admin\\OneDrive\\Code Work\\laravel\\api-ssc.edu\\vendor\\laravel\\framework\\src\\Illuminate\\Routing\\Router.php(662): Illuminate\\Routing\\Router->runRouteWithinStack(Object(Illuminate\\Routing\\Route), Object(Illuminate\\Http\\Request))
#40 C:\\Users\\admin\\OneDrive\\Code Work\\laravel\\api-ssc.edu\\vendor\\laravel\\framework\\src\\Illuminate\\Routing\\Router.php(628): Illuminate\\Routing\\Router->runRoute(Object(Illuminate\\Http\\Request), Object(Illuminate\\Routing\\Route))
#41 C:\\Users\\admin\\OneDrive\\Code Work\\laravel\\api-ssc.edu\\vendor\\laravel\\framework\\src\\Illuminate\\Routing\\Router.php(617): Illuminate\\Routing\\Router->dispatchToRoute(Object(Illuminate\\Http\\Request))
#42 C:\\Users\\admin\\OneDrive\\Code Work\\laravel\\api-ssc.edu\\vendor\\laravel\\framework\\src\\Illuminate\\Foundation\\Http\\Kernel.php(165): Illuminate\\Routing\\Router->dispatch(Object(Illuminate\\Http\\Request))
#43 C:\\Users\\admin\\OneDrive\\Code Work\\laravel\\api-ssc.edu\\vendor\\laravel\\framework\\src\\Illuminate\\Pipeline\\Pipeline.php(128): Illuminate\\Foundation\\Http\\Kernel->Illuminate\\Foundation\\Http\\{closure}(Object(Illuminate\\Http\\Request))
#44 C:\\Users\\admin\\OneDrive\\Code Work\\laravel\\api-ssc.edu\\app\\Http\\Middleware\\FilterParams.php(37): Illuminate\\Pipeline\\Pipeline->Illuminate\\Pipeline\\{closure}(Object(Illuminate\\Http\\Request))
#45 C:\\Users\\admin\\OneDrive\\Code Work\\laravel\\api-ssc.edu\\vendor\\laravel\\framework\\src\\Illuminate\\Pipeline\\Pipeline.php(167): App\\Http\\Middleware\\FilterParams->handle(Object(Illuminate\\Http\\Request), Object(Closure))
#46 C:\\Users\\admin\\OneDrive\\Code Work\\laravel\\api-ssc.edu\\app\\Http\\Middleware\\FilterOtp.php(44): Illuminate\\Pipeline\\Pipeline->Illuminate\\Pipeline\\{closure}(Object(Illuminate\\Http\\Request))
#47 C:\\Users\\admin\\OneDrive\\Code Work\\laravel\\api-ssc.edu\\vendor\\laravel\\framework\\src\\Illuminate\\Pipeline\\Pipeline.php(167): App\\Http\\Middleware\\FilterOtp->handle(Object(Illuminate\\Http\\Request), Object(Closure))
#48 C:\\Users\\admin\\OneDrive\\Code Work\\laravel\\api-ssc.edu\\app\\Http\\Middleware\\FilterPassword.php(72): Illuminate\\Pipeline\\Pipeline->Illuminate\\Pipeline\\{closure}(Object(Illuminate\\Http\\Request))
#49 C:\\Users\\admin\\OneDrive\\Code Work\\laravel\\api-ssc.edu\\vendor\\laravel\\framework\\src\\Illuminate\\Pipeline\\Pipeline.php(167): App\\Http\\Middleware\\FilterPassword->handle(Object(Illuminate\\Http\\Request), Object(Closure))
#50 C:\\Users\\admin\\OneDrive\\Code Work\\laravel\\api-ssc.edu\\vendor\\laravel\\framework\\src\\Illuminate\\Foundation\\Http\\Middleware\\TransformsRequest.php(21): Illuminate\\Pipeline\\Pipeline->Illuminate\\Pipeline\\{closure}(Object(Illuminate\\Http\\Request))
#51 C:\\Users\\admin\\OneDrive\\Code Work\\laravel\\api-ssc.edu\\vendor\\laravel\\framework\\src\\Illuminate\\Pipeline\\Pipeline.php(167): Illuminate\\Foundation\\Http\\Middleware\\TransformsRequest->handle(Object(Illuminate\\Http\\Request), Object(Closure))
#52 C:\\Users\\admin\\OneDrive\\Code Work\\laravel\\api-ssc.edu\\vendor\\laravel\\framework\\src\\Illuminate\\Foundation\\Http\\Middleware\\TransformsRequest.php(21): Illuminate\\Pipeline\\Pipeline->Illuminate\\Pipeline\\{closure}(Object(Illuminate\\Http\\Request))
#53 C:\\Users\\admin\\OneDrive\\Code Work\\laravel\\api-ssc.edu\\vendor\\laravel\\framework\\src\\Illuminate\\Pipeline\\Pipeline.php(167): Illuminate\\Foundation\\Http\\Middleware\\TransformsRequest->handle(Object(Illuminate\\Http\\Request), Object(Closure))
#54 C:\\Users\\admin\\OneDrive\\Code Work\\laravel\\api-ssc.edu\\vendor\\laravel\\framework\\src\\Illuminate\\Foundation\\Http\\Middleware\\ValidatePostSize.php(27): Illuminate\\Pipeline\\Pipeline->Illuminate\\Pipeline\\{closure}(Object(Illuminate\\Http\\Request))
#55 C:\\Users\\admin\\OneDrive\\Code Work\\laravel\\api-ssc.edu\\vendor\\laravel\\framework\\src\\Illuminate\\Pipeline\\Pipeline.php(167): Illuminate\\Foundation\\Http\\Middleware\\ValidatePostSize->handle(Object(Illuminate\\Http\\Request), Object(Closure))
#56 C:\\Users\\admin\\OneDrive\\Code Work\\laravel\\api-ssc.edu\\vendor\\laravel\\framework\\src\\Illuminate\\Foundation\\Http\\Middleware\\CheckForMaintenanceMode.php(63): Illuminate\\Pipeline\\Pipeline->Illuminate\\Pipeline\\{closure}(Object(Illuminate\\Http\\Request))
#57 C:\\Users\\admin\\OneDrive\\Code Work\\laravel\\api-ssc.edu\\app\\Http\\Middleware\\CheckForMaintenanceMode.php(29): Illuminate\\Foundation\\Http\\Middleware\\CheckForMaintenanceMode->handle(Object(Illuminate\\Http\\Request), Object(Closure))
#58 C:\\Users\\admin\\OneDrive\\Code Work\\laravel\\api-ssc.edu\\vendor\\laravel\\framework\\src\\Illuminate\\Pipeline\\Pipeline.php(167): App\\Http\\Middleware\\CheckForMaintenanceMode->handle(Object(Illuminate\\Http\\Request), Object(Closure))
#59 C:\\Users\\admin\\OneDrive\\Code Work\\laravel\\api-ssc.edu\\vendor\\fruitcake\\laravel-cors\\src\\HandleCors.php(52): Illuminate\\Pipeline\\Pipeline->Illuminate\\Pipeline\\{closure}(Object(Illuminate\\Http\\Request))
#60 C:\\Users\\admin\\OneDrive\\Code Work\\laravel\\api-ssc.edu\\vendor\\laravel\\framework\\src\\Illuminate\\Pipeline\\Pipeline.php(167): Fruitcake\\Cors\\HandleCors->handle(Object(Illuminate\\Http\\Request), Object(Closure))
#61 C:\\Users\\admin\\OneDrive\\Code Work\\laravel\\api-ssc.edu\\vendor\\fideloper\\proxy\\src\\TrustProxies.php(57): Illuminate\\Pipeline\\Pipeline->Illuminate\\Pipeline\\{closure}(Object(Illuminate\\Http\\Request))
#62 C:\\Users\\admin\\OneDrive\\Code Work\\laravel\\api-ssc.edu\\vendor\\laravel\\framework\\src\\Illuminate\\Pipeline\\Pipeline.php(167): Fideloper\\Proxy\\TrustProxies->handle(Object(Illuminate\\Http\\Request), Object(Closure))
#63 C:\\Users\\admin\\OneDrive\\Code Work\\laravel\\api-ssc.edu\\vendor\\laravel\\framework\\src\\Illuminate\\Pipeline\\Pipeline.php(103): Illuminate\\Pipeline\\Pipeline->Illuminate\\Pipeline\\{closure}(Object(Illuminate\\Http\\Request))
#64 C:\\Users\\admin\\OneDrive\\Code Work\\laravel\\api-ssc.edu\\vendor\\laravel\\framework\\src\\Illuminate\\Foundation\\Http\\Kernel.php(140): Illuminate\\Pipeline\\Pipeline->then(Object(Closure))
#65 C:\\Users\\admin\\OneDrive\\Code Work\\laravel\\api-ssc.edu\\vendor\\laravel\\framework\\src\\Illuminate\\Foundation\\Http\\Kernel.php(109): Illuminate\\Foundation\\Http\\Kernel->sendRequestThroughRouter(Object(Illuminate\\Http\\Request))
#66 C:\\Users\\admin\\OneDrive\\Code Work\\laravel\\api-ssc.edu\\public\\index.php(55): Illuminate\\Foundation\\Http\\Kernel->handle(Object(Illuminate\\Http\\Request))
#67 C:\\Users\\admin\\OneDrive\\Code Work\\laravel\\api-ssc.edu\\server.php(21): require_once('C:\\\\Users\\\\admin\\\\...')
#68 {main}
"} 
[2023-08-07 23:58:08] local.ERROR: SQLSTATE[HY000] [1045] Access denied for user 'ssc'@'localhost' (using password: YES) (SQL: select * from `users` where `account_type` = CUSTOMER and `username` = 1202112817000308 limit 1) {"exception":"[object] (Illuminate\\Database\\QueryException(code: 1045): SQLSTATE[HY000] [1045] Access denied for user 'ssc'@'localhost' (using password: YES) (SQL: select * from `users` where `account_type` = CUSTOMER and `username` = 1202112817000308 limit 1) at C:\\Users\\admin\\OneDrive\\Code Work\\laravel\\api-ssc.edu\\vendor\\laravel\\framework\\src\\Illuminate\\Database\\Connection.php:671)
[stacktrace]
#0 C:\\Users\\admin\\OneDrive\\Code Work\\laravel\\api-ssc.edu\\vendor\\laravel\\framework\\src\\Illuminate\\Database\\Connection.php(631): Illuminate\\Database\\Connection->runQueryCallback('select * from `...', Array, Object(Closure))
#1 C:\\Users\\admin\\OneDrive\\Code Work\\laravel\\api-ssc.edu\\vendor\\laravel\\framework\\src\\Illuminate\\Database\\Connection.php(339): Illuminate\\Database\\Connection->run('select * from `...', Array, Object(Closure))
#2 C:\\Users\\admin\\OneDrive\\Code Work\\laravel\\api-ssc.edu\\vendor\\laravel\\framework\\src\\Illuminate\\Database\\Query\\Builder.php(2270): Illuminate\\Database\\Connection->select('select * from `...', Array, true)
#3 C:\\Users\\admin\\OneDrive\\Code Work\\laravel\\api-ssc.edu\\vendor\\laravel\\framework\\src\\Illuminate\\Database\\Query\\Builder.php(2258): Illuminate\\Database\\Query\\Builder->runSelect()
#4 C:\\Users\\admin\\OneDrive\\Code Work\\laravel\\api-ssc.edu\\vendor\\laravel\\framework\\src\\Illuminate\\Database\\Query\\Builder.php(2753): Illuminate\\Database\\Query\\Builder->Illuminate\\Database\\Query\\{closure}()
#5 C:\\Users\\admin\\OneDrive\\Code Work\\laravel\\api-ssc.edu\\vendor\\laravel\\framework\\src\\Illuminate\\Database\\Query\\Builder.php(2259): Illuminate\\Database\\Query\\Builder->onceWithColumns(Array, Object(Closure))
#6 C:\\Users\\admin\\OneDrive\\Code Work\\laravel\\api-ssc.edu\\vendor\\laravel\\framework\\src\\Illuminate\\Database\\Eloquent\\Builder.php(548): Illuminate\\Database\\Query\\Builder->get(Array)
#7 C:\\Users\\admin\\OneDrive\\Code Work\\laravel\\api-ssc.edu\\vendor\\laravel\\framework\\src\\Illuminate\\Database\\Eloquent\\Builder.php(532): Illuminate\\Database\\Eloquent\\Builder->getModels(Array)
#8 C:\\Users\\admin\\OneDrive\\Code Work\\laravel\\api-ssc.edu\\vendor\\laravel\\framework\\src\\Illuminate\\Database\\Concerns\\BuildsQueries.php(143): Illuminate\\Database\\Eloquent\\Builder->get(Array)
#9 C:\\Users\\admin\\OneDrive\\Code Work\\laravel\\api-ssc.edu\\vendor\\laravel\\framework\\src\\Illuminate\\Auth\\EloquentUserProvider.php(131): Illuminate\\Database\\Eloquent\\Builder->first()
#10 C:\\Users\\admin\\OneDrive\\Code Work\\laravel\\api-ssc.edu\\vendor\\tymon\\jwt-auth\\src\\JWTGuard.php(124): Illuminate\\Auth\\EloquentUserProvider->retrieveByCredentials(Array)
#11 C:\\Users\\admin\\OneDrive\\Code Work\\laravel\\api-ssc.edu\\vendor\\tymon\\jwt-auth\\src\\JWTGuard.php(111): Tymon\\JWTAuth\\JWTGuard->attempt(Array, false)
#12 C:\\Users\\admin\\OneDrive\\Code Work\\laravel\\api-ssc.edu\\vendor\\tymon\\jwt-auth\\src\\JWTGuard.php(211): Tymon\\JWTAuth\\JWTGuard->validate(Array)
#13 C:\\Users\\admin\\OneDrive\\Code Work\\laravel\\api-ssc.edu\\vendor\\tymon\\jwt-auth\\src\\Providers\\Auth\\Illuminate.php(47): Tymon\\JWTAuth\\JWTGuard->once(Array)
#14 C:\\Users\\admin\\OneDrive\\Code Work\\laravel\\api-ssc.edu\\vendor\\tymon\\jwt-auth\\src\\JWTAuth.php(50): Tymon\\JWTAuth\\Providers\\Auth\\Illuminate->byCredentials(Array)
#15 C:\\Users\\admin\\OneDrive\\Code Work\\laravel\\api-ssc.edu\\vendor\\laravel\\framework\\src\\Illuminate\\Support\\Facades\\Facade.php(261): Tymon\\JWTAuth\\JWTAuth->attempt(Array)
#16 C:\\Users\\admin\\OneDrive\\Code Work\\laravel\\api-ssc.edu\\app\\Http\\Controllers\\Api\\AuthController.php(62): Illuminate\\Support\\Facades\\Facade::__callStatic('attempt', Array)
#17 C:\\Users\\admin\\OneDrive\\Code Work\\laravel\\api-ssc.edu\\vendor\\laravel\\framework\\src\\Illuminate\\Routing\\Controller.php(54): App\\Http\\Controllers\\Api\\AuthController->login(Object(App\\Http\\Requests\\Auth\\LoginRequest))
#18 C:\\Users\\admin\\OneDrive\\Code Work\\laravel\\api-ssc.edu\\vendor\\laravel\\framework\\src\\Illuminate\\Routing\\ControllerDispatcher.php(45): Illuminate\\Routing\\Controller->callAction('login', Array)
#19 C:\\Users\\admin\\OneDrive\\Code Work\\laravel\\api-ssc.edu\\vendor\\laravel\\framework\\src\\Illuminate\\Routing\\Route.php(239): Illuminate\\Routing\\ControllerDispatcher->dispatch(Object(Illuminate\\Routing\\Route), Object(App\\Http\\Controllers\\Api\\AuthController), 'login')
#20 C:\\Users\\admin\\OneDrive\\Code Work\\laravel\\api-ssc.edu\\vendor\\laravel\\framework\\src\\Illuminate\\Routing\\Route.php(196): Illuminate\\Routing\\Route->runController()
#21 C:\\Users\\admin\\OneDrive\\Code Work\\laravel\\api-ssc.edu\\vendor\\laravel\\framework\\src\\Illuminate\\Routing\\Router.php(685): Illuminate\\Routing\\Route->run()
#22 C:\\Users\\admin\\OneDrive\\Code Work\\laravel\\api-ssc.edu\\vendor\\laravel\\framework\\src\\Illuminate\\Pipeline\\Pipeline.php(128): Illuminate\\Routing\\Router->Illuminate\\Routing\\{closure}(Object(Illuminate\\Http\\Request))
#23 C:\\Users\\admin\\OneDrive\\Code Work\\laravel\\api-ssc.edu\\vendor\\laravel\\framework\\src\\Illuminate\\Routing\\Middleware\\SubstituteBindings.php(41): Illuminate\\Pipeline\\Pipeline->Illuminate\\Pipeline\\{closure}(Object(Illuminate\\Http\\Request))
#24 C:\\Users\\admin\\OneDrive\\Code Work\\laravel\\api-ssc.edu\\vendor\\laravel\\framework\\src\\Illuminate\\Pipeline\\Pipeline.php(167): Illuminate\\Routing\\Middleware\\SubstituteBindings->handle(Object(Illuminate\\Http\\Request), Object(Closure))
#25 C:\\Users\\admin\\OneDrive\\Code Work\\laravel\\api-ssc.edu\\vendor\\laravel\\framework\\src\\Illuminate\\Routing\\Middleware\\ThrottleRequests.php(59): Illuminate\\Pipeline\\Pipeline->Illuminate\\Pipeline\\{closure}(Object(Illuminate\\Http\\Request))
#26 C:\\Users\\admin\\OneDrive\\Code Work\\laravel\\api-ssc.edu\\vendor\\laravel\\framework\\src\\Illuminate\\Pipeline\\Pipeline.php(167): Illuminate\\Routing\\Middleware\\ThrottleRequests->handle(Object(Illuminate\\Http\\Request), Object(Closure), 60, '1')
#27 C:\\Users\\admin\\OneDrive\\Code Work\\laravel\\api-ssc.edu\\vendor\\laravel\\framework\\src\\Illuminate\\Pipeline\\Pipeline.php(103): Illuminate\\Pipeline\\Pipeline->Illuminate\\Pipeline\\{closure}(Object(Illuminate\\Http\\Request))
#28 C:\\Users\\admin\\OneDrive\\Code Work\\laravel\\api-ssc.edu\\vendor\\laravel\\framework\\src\\Illuminate\\Routing\\Router.php(687): Illuminate\\Pipeline\\Pipeline->then(Object(Closure))
#29 C:\\Users\\admin\\OneDrive\\Code Work\\laravel\\api-ssc.edu\\vendor\\laravel\\framework\\src\\Illuminate\\Routing\\Router.php(662): Illuminate\\Routing\\Router->runRouteWithinStack(Object(Illuminate\\Routing\\Route), Object(Illuminate\\Http\\Request))
#30 C:\\Users\\admin\\OneDrive\\Code Work\\laravel\\api-ssc.edu\\vendor\\laravel\\framework\\src\\Illuminate\\Routing\\Router.php(628): Illuminate\\Routing\\Router->runRoute(Object(Illuminate\\Http\\Request), Object(Illuminate\\Routing\\Route))
#31 C:\\Users\\admin\\OneDrive\\Code Work\\laravel\\api-ssc.edu\\vendor\\laravel\\framework\\src\\Illuminate\\Routing\\Router.php(617): Illuminate\\Routing\\Router->dispatchToRoute(Object(Illuminate\\Http\\Request))
#32 C:\\Users\\admin\\OneDrive\\Code Work\\laravel\\api-ssc.edu\\vendor\\laravel\\framework\\src\\Illuminate\\Foundation\\Http\\Kernel.php(165): Illuminate\\Routing\\Router->dispatch(Object(Illuminate\\Http\\Request))
#33 C:\\Users\\admin\\OneDrive\\Code Work\\laravel\\api-ssc.edu\\vendor\\laravel\\framework\\src\\Illuminate\\Pipeline\\Pipeline.php(128): Illuminate\\Foundation\\Http\\Kernel->Illuminate\\Foundation\\Http\\{closure}(Object(Illuminate\\Http\\Request))
#34 C:\\Users\\admin\\OneDrive\\Code Work\\laravel\\api-ssc.edu\\app\\Http\\Middleware\\FilterParams.php(37): Illuminate\\Pipeline\\Pipeline->Illuminate\\Pipeline\\{closure}(Object(Illuminate\\Http\\Request))
#35 C:\\Users\\admin\\OneDrive\\Code Work\\laravel\\api-ssc.edu\\vendor\\laravel\\framework\\src\\Illuminate\\Pipeline\\Pipeline.php(167): App\\Http\\Middleware\\FilterParams->handle(Object(Illuminate\\Http\\Request), Object(Closure))
#36 C:\\Users\\admin\\OneDrive\\Code Work\\laravel\\api-ssc.edu\\app\\Http\\Middleware\\FilterOtp.php(44): Illuminate\\Pipeline\\Pipeline->Illuminate\\Pipeline\\{closure}(Object(Illuminate\\Http\\Request))
#37 C:\\Users\\admin\\OneDrive\\Code Work\\laravel\\api-ssc.edu\\vendor\\laravel\\framework\\src\\Illuminate\\Pipeline\\Pipeline.php(167): App\\Http\\Middleware\\FilterOtp->handle(Object(Illuminate\\Http\\Request), Object(Closure))
#38 C:\\Users\\admin\\OneDrive\\Code Work\\laravel\\api-ssc.edu\\app\\Http\\Middleware\\FilterPassword.php(72): Illuminate\\Pipeline\\Pipeline->Illuminate\\Pipeline\\{closure}(Object(Illuminate\\Http\\Request))
#39 C:\\Users\\admin\\OneDrive\\Code Work\\laravel\\api-ssc.edu\\vendor\\laravel\\framework\\src\\Illuminate\\Pipeline\\Pipeline.php(167): App\\Http\\Middleware\\FilterPassword->handle(Object(Illuminate\\Http\\Request), Object(Closure))
#40 C:\\Users\\admin\\OneDrive\\Code Work\\laravel\\api-ssc.edu\\vendor\\laravel\\framework\\src\\Illuminate\\Foundation\\Http\\Middleware\\TransformsRequest.php(21): Illuminate\\Pipeline\\Pipeline->Illuminate\\Pipeline\\{closure}(Object(Illuminate\\Http\\Request))
#41 C:\\Users\\admin\\OneDrive\\Code Work\\laravel\\api-ssc.edu\\vendor\\laravel\\framework\\src\\Illuminate\\Pipeline\\Pipeline.php(167): Illuminate\\Foundation\\Http\\Middleware\\TransformsRequest->handle(Object(Illuminate\\Http\\Request), Object(Closure))
#42 C:\\Users\\admin\\OneDrive\\Code Work\\laravel\\api-ssc.edu\\vendor\\laravel\\framework\\src\\Illuminate\\Foundation\\Http\\Middleware\\TransformsRequest.php(21): Illuminate\\Pipeline\\Pipeline->Illuminate\\Pipeline\\{closure}(Object(Illuminate\\Http\\Request))
#43 C:\\Users\\admin\\OneDrive\\Code Work\\laravel\\api-ssc.edu\\vendor\\laravel\\framework\\src\\Illuminate\\Pipeline\\Pipeline.php(167): Illuminate\\Foundation\\Http\\Middleware\\TransformsRequest->handle(Object(Illuminate\\Http\\Request), Object(Closure))
#44 C:\\Users\\admin\\OneDrive\\Code Work\\laravel\\api-ssc.edu\\vendor\\laravel\\framework\\src\\Illuminate\\Foundation\\Http\\Middleware\\ValidatePostSize.php(27): Illuminate\\Pipeline\\Pipeline->Illuminate\\Pipeline\\{closure}(Object(Illuminate\\Http\\Request))
#45 C:\\Users\\admin\\OneDrive\\Code Work\\laravel\\api-ssc.edu\\vendor\\laravel\\framework\\src\\Illuminate\\Pipeline\\Pipeline.php(167): Illuminate\\Foundation\\Http\\Middleware\\ValidatePostSize->handle(Object(Illuminate\\Http\\Request), Object(Closure))
#46 C:\\Users\\admin\\OneDrive\\Code Work\\laravel\\api-ssc.edu\\vendor\\laravel\\framework\\src\\Illuminate\\Foundation\\Http\\Middleware\\CheckForMaintenanceMode.php(63): Illuminate\\Pipeline\\Pipeline->Illuminate\\Pipeline\\{closure}(Object(Illuminate\\Http\\Request))
#47 C:\\Users\\admin\\OneDrive\\Code Work\\laravel\\api-ssc.edu\\app\\Http\\Middleware\\CheckForMaintenanceMode.php(29): Illuminate\\Foundation\\Http\\Middleware\\CheckForMaintenanceMode->handle(Object(Illuminate\\Http\\Request), Object(Closure))
#48 C:\\Users\\admin\\OneDrive\\Code Work\\laravel\\api-ssc.edu\\vendor\\laravel\\framework\\src\\Illuminate\\Pipeline\\Pipeline.php(167): App\\Http\\Middleware\\CheckForMaintenanceMode->handle(Object(Illuminate\\Http\\Request), Object(Closure))
#49 C:\\Users\\admin\\OneDrive\\Code Work\\laravel\\api-ssc.edu\\vendor\\fruitcake\\laravel-cors\\src\\HandleCors.php(52): Illuminate\\Pipeline\\Pipeline->Illuminate\\Pipeline\\{closure}(Object(Illuminate\\Http\\Request))
#50 C:\\Users\\admin\\OneDrive\\Code Work\\laravel\\api-ssc.edu\\vendor\\laravel\\framework\\src\\Illuminate\\Pipeline\\Pipeline.php(167): Fruitcake\\Cors\\HandleCors->handle(Object(Illuminate\\Http\\Request), Object(Closure))
#51 C:\\Users\\admin\\OneDrive\\Code Work\\laravel\\api-ssc.edu\\vendor\\fideloper\\proxy\\src\\TrustProxies.php(57): Illuminate\\Pipeline\\Pipeline->Illuminate\\Pipeline\\{closure}(Object(Illuminate\\Http\\Request))
#52 C:\\Users\\admin\\OneDrive\\Code Work\\laravel\\api-ssc.edu\\vendor\\laravel\\framework\\src\\Illuminate\\Pipeline\\Pipeline.php(167): Fideloper\\Proxy\\TrustProxies->handle(Object(Illuminate\\Http\\Request), Object(Closure))
#53 C:\\Users\\admin\\OneDrive\\Code Work\\laravel\\api-ssc.edu\\vendor\\laravel\\framework\\src\\Illuminate\\Pipeline\\Pipeline.php(103): Illuminate\\Pipeline\\Pipeline->Illuminate\\Pipeline\\{closure}(Object(Illuminate\\Http\\Request))
#54 C:\\Users\\admin\\OneDrive\\Code Work\\laravel\\api-ssc.edu\\vendor\\laravel\\framework\\src\\Illuminate\\Foundation\\Http\\Kernel.php(140): Illuminate\\Pipeline\\Pipeline->then(Object(Closure))
#55 C:\\Users\\admin\\OneDrive\\Code Work\\laravel\\api-ssc.edu\\vendor\\laravel\\framework\\src\\Illuminate\\Foundation\\Http\\Kernel.php(109): Illuminate\\Foundation\\Http\\Kernel->sendRequestThroughRouter(Object(Illuminate\\Http\\Request))
#56 C:\\Users\\admin\\OneDrive\\Code Work\\laravel\\api-ssc.edu\\public\\index.php(55): Illuminate\\Foundation\\Http\\Kernel->handle(Object(Illuminate\\Http\\Request))
#57 C:\\Users\\admin\\OneDrive\\Code Work\\laravel\\api-ssc.edu\\server.php(21): require_once('C:\\\\Users\\\\admin\\\\...')
#58 {main}

[previous exception] [object] (PDOException(code: 1045): SQLSTATE[HY000] [1045] Access denied for user 'ssc'@'localhost' (using password: YES) at C:\\Users\\admin\\OneDrive\\Code Work\\laravel\\api-ssc.edu\\vendor\\laravel\\framework\\src\\Illuminate\\Database\\Connectors\\Connector.php:70)
[stacktrace]
#0 C:\\Users\\admin\\OneDrive\\Code Work\\laravel\\api-ssc.edu\\vendor\\laravel\\framework\\src\\Illuminate\\Database\\Connectors\\Connector.php(70): PDO->__construct('mysql:host=127....', 'ssc', 'Ssc$2021$', Array)
#1 C:\\Users\\admin\\OneDrive\\Code Work\\laravel\\api-ssc.edu\\vendor\\laravel\\framework\\src\\Illuminate\\Database\\Connectors\\Connector.php(46): Illuminate\\Database\\Connectors\\Connector->createPdoConnection('mysql:host=127....', 'ssc', 'Ssc$2021$', Array)
#2 C:\\Users\\admin\\OneDrive\\Code Work\\laravel\\api-ssc.edu\\vendor\\laravel\\framework\\src\\Illuminate\\Database\\Connectors\\MySqlConnector.php(24): Illuminate\\Database\\Connectors\\Connector->createConnection('mysql:host=127....', Array, Array)
#3 C:\\Users\\admin\\OneDrive\\Code Work\\laravel\\api-ssc.edu\\vendor\\laravel\\framework\\src\\Illuminate\\Database\\Connectors\\ConnectionFactory.php(184): Illuminate\\Database\\Connectors\\MySqlConnector->connect(Array)
#4 [internal function]: Illuminate\\Database\\Connectors\\ConnectionFactory->Illuminate\\Database\\Connectors\\{closure}()
#5 C:\\Users\\admin\\OneDrive\\Code Work\\laravel\\api-ssc.edu\\vendor\\laravel\\framework\\src\\Illuminate\\Database\\Connection.php(926): call_user_func(Object(Closure))
#6 C:\\Users\\admin\\OneDrive\\Code Work\\laravel\\api-ssc.edu\\vendor\\laravel\\framework\\src\\Illuminate\\Database\\Connection.php(961): Illuminate\\Database\\Connection->getPdo()
#7 C:\\Users\\admin\\OneDrive\\Code Work\\laravel\\api-ssc.edu\\vendor\\laravel\\framework\\src\\Illuminate\\Database\\Connection.php(405): Illuminate\\Database\\Connection->getReadPdo()
#8 C:\\Users\\admin\\OneDrive\\Code Work\\laravel\\api-ssc.edu\\vendor\\laravel\\framework\\src\\Illuminate\\Database\\Connection.php(331): Illuminate\\Database\\Connection->getPdoForSelect(true)
#9 C:\\Users\\admin\\OneDrive\\Code Work\\laravel\\api-ssc.edu\\vendor\\laravel\\framework\\src\\Illuminate\\Database\\Connection.php(664): Illuminate\\Database\\Connection->Illuminate\\Database\\{closure}('select * from `...', Array)
#10 C:\\Users\\admin\\OneDrive\\Code Work\\laravel\\api-ssc.edu\\vendor\\laravel\\framework\\src\\Illuminate\\Database\\Connection.php(631): Illuminate\\Database\\Connection->runQueryCallback('select * from `...', Array, Object(Closure))
#11 C:\\Users\\admin\\OneDrive\\Code Work\\laravel\\api-ssc.edu\\vendor\\laravel\\framework\\src\\Illuminate\\Database\\Connection.php(339): Illuminate\\Database\\Connection->run('select * from `...', Array, Object(Closure))
#12 C:\\Users\\admin\\OneDrive\\Code Work\\laravel\\api-ssc.edu\\vendor\\laravel\\framework\\src\\Illuminate\\Database\\Query\\Builder.php(2270): Illuminate\\Database\\Connection->select('select * from `...', Array, true)
#13 C:\\Users\\admin\\OneDrive\\Code Work\\laravel\\api-ssc.edu\\vendor\\laravel\\framework\\src\\Illuminate\\Database\\Query\\Builder.php(2258): Illuminate\\Database\\Query\\Builder->runSelect()
#14 C:\\Users\\admin\\OneDrive\\Code Work\\laravel\\api-ssc.edu\\vendor\\laravel\\framework\\src\\Illuminate\\Database\\Query\\Builder.php(2753): Illuminate\\Database\\Query\\Builder->Illuminate\\Database\\Query\\{closure}()
#15 C:\\Users\\admin\\OneDrive\\Code Work\\laravel\\api-ssc.edu\\vendor\\laravel\\framework\\src\\Illuminate\\Database\\Query\\Builder.php(2259): Illuminate\\Database\\Query\\Builder->onceWithColumns(Array, Object(Closure))
#16 C:\\Users\\admin\\OneDrive\\Code Work\\laravel\\api-ssc.edu\\vendor\\laravel\\framework\\src\\Illuminate\\Database\\Eloquent\\Builder.php(548): Illuminate\\Database\\Query\\Builder->get(Array)
#17 C:\\Users\\admin\\OneDrive\\Code Work\\laravel\\api-ssc.edu\\vendor\\laravel\\framework\\src\\Illuminate\\Database\\Eloquent\\Builder.php(532): Illuminate\\Database\\Eloquent\\Builder->getModels(Array)
#18 C:\\Users\\admin\\OneDrive\\Code Work\\laravel\\api-ssc.edu\\vendor\\laravel\\framework\\src\\Illuminate\\Database\\Concerns\\BuildsQueries.php(143): Illuminate\\Database\\Eloquent\\Builder->get(Array)
#19 C:\\Users\\admin\\OneDrive\\Code Work\\laravel\\api-ssc.edu\\vendor\\laravel\\framework\\src\\Illuminate\\Auth\\EloquentUserProvider.php(131): Illuminate\\Database\\Eloquent\\Builder->first()
#20 C:\\Users\\admin\\OneDrive\\Code Work\\laravel\\api-ssc.edu\\vendor\\tymon\\jwt-auth\\src\\JWTGuard.php(124): Illuminate\\Auth\\EloquentUserProvider->retrieveByCredentials(Array)
#21 C:\\Users\\admin\\OneDrive\\Code Work\\laravel\\api-ssc.edu\\vendor\\tymon\\jwt-auth\\src\\JWTGuard.php(111): Tymon\\JWTAuth\\JWTGuard->attempt(Array, false)
#22 C:\\Users\\admin\\OneDrive\\Code Work\\laravel\\api-ssc.edu\\vendor\\tymon\\jwt-auth\\src\\JWTGuard.php(211): Tymon\\JWTAuth\\JWTGuard->validate(Array)
#23 C:\\Users\\admin\\OneDrive\\Code Work\\laravel\\api-ssc.edu\\vendor\\tymon\\jwt-auth\\src\\Providers\\Auth\\Illuminate.php(47): Tymon\\JWTAuth\\JWTGuard->once(Array)
#24 C:\\Users\\admin\\OneDrive\\Code Work\\laravel\\api-ssc.edu\\vendor\\tymon\\jwt-auth\\src\\JWTAuth.php(50): Tymon\\JWTAuth\\Providers\\Auth\\Illuminate->byCredentials(Array)
#25 C:\\Users\\admin\\OneDrive\\Code Work\\laravel\\api-ssc.edu\\vendor\\laravel\\framework\\src\\Illuminate\\Support\\Facades\\Facade.php(261): Tymon\\JWTAuth\\JWTAuth->attempt(Array)
#26 C:\\Users\\admin\\OneDrive\\Code Work\\laravel\\api-ssc.edu\\app\\Http\\Controllers\\Api\\AuthController.php(62): Illuminate\\Support\\Facades\\Facade::__callStatic('attempt', Array)
#27 C:\\Users\\admin\\OneDrive\\Code Work\\laravel\\api-ssc.edu\\vendor\\laravel\\framework\\src\\Illuminate\\Routing\\Controller.php(54): App\\Http\\Controllers\\Api\\AuthController->login(Object(App\\Http\\Requests\\Auth\\LoginRequest))
#28 C:\\Users\\admin\\OneDrive\\Code Work\\laravel\\api-ssc.edu\\vendor\\laravel\\framework\\src\\Illuminate\\Routing\\ControllerDispatcher.php(45): Illuminate\\Routing\\Controller->callAction('login', Array)
#29 C:\\Users\\admin\\OneDrive\\Code Work\\laravel\\api-ssc.edu\\vendor\\laravel\\framework\\src\\Illuminate\\Routing\\Route.php(239): Illuminate\\Routing\\ControllerDispatcher->dispatch(Object(Illuminate\\Routing\\Route), Object(App\\Http\\Controllers\\Api\\AuthController), 'login')
#30 C:\\Users\\admin\\OneDrive\\Code Work\\laravel\\api-ssc.edu\\vendor\\laravel\\framework\\src\\Illuminate\\Routing\\Route.php(196): Illuminate\\Routing\\Route->runController()
#31 C:\\Users\\admin\\OneDrive\\Code Work\\laravel\\api-ssc.edu\\vendor\\laravel\\framework\\src\\Illuminate\\Routing\\Router.php(685): Illuminate\\Routing\\Route->run()
#32 C:\\Users\\admin\\OneDrive\\Code Work\\laravel\\api-ssc.edu\\vendor\\laravel\\framework\\src\\Illuminate\\Pipeline\\Pipeline.php(128): Illuminate\\Routing\\Router->Illuminate\\Routing\\{closure}(Object(Illuminate\\Http\\Request))
#33 C:\\Users\\admin\\OneDrive\\Code Work\\laravel\\api-ssc.edu\\vendor\\laravel\\framework\\src\\Illuminate\\Routing\\Middleware\\SubstituteBindings.php(41): Illuminate\\Pipeline\\Pipeline->Illuminate\\Pipeline\\{closure}(Object(Illuminate\\Http\\Request))
#34 C:\\Users\\admin\\OneDrive\\Code Work\\laravel\\api-ssc.edu\\vendor\\laravel\\framework\\src\\Illuminate\\Pipeline\\Pipeline.php(167): Illuminate\\Routing\\Middleware\\SubstituteBindings->handle(Object(Illuminate\\Http\\Request), Object(Closure))
#35 C:\\Users\\admin\\OneDrive\\Code Work\\laravel\\api-ssc.edu\\vendor\\laravel\\framework\\src\\Illuminate\\Routing\\Middleware\\ThrottleRequests.php(59): Illuminate\\Pipeline\\Pipeline->Illuminate\\Pipeline\\{closure}(Object(Illuminate\\Http\\Request))
#36 C:\\Users\\admin\\OneDrive\\Code Work\\laravel\\api-ssc.edu\\vendor\\laravel\\framework\\src\\Illuminate\\Pipeline\\Pipeline.php(167): Illuminate\\Routing\\Middleware\\ThrottleRequests->handle(Object(Illuminate\\Http\\Request), Object(Closure), 60, '1')
#37 C:\\Users\\admin\\OneDrive\\Code Work\\laravel\\api-ssc.edu\\vendor\\laravel\\framework\\src\\Illuminate\\Pipeline\\Pipeline.php(103): Illuminate\\Pipeline\\Pipeline->Illuminate\\Pipeline\\{closure}(Object(Illuminate\\Http\\Request))
#38 C:\\Users\\admin\\OneDrive\\Code Work\\laravel\\api-ssc.edu\\vendor\\laravel\\framework\\src\\Illuminate\\Routing\\Router.php(687): Illuminate\\Pipeline\\Pipeline->then(Object(Closure))
#39 C:\\Users\\admin\\OneDrive\\Code Work\\laravel\\api-ssc.edu\\vendor\\laravel\\framework\\src\\Illuminate\\Routing\\Router.php(662): Illuminate\\Routing\\Router->runRouteWithinStack(Object(Illuminate\\Routing\\Route), Object(Illuminate\\Http\\Request))
#40 C:\\Users\\admin\\OneDrive\\Code Work\\laravel\\api-ssc.edu\\vendor\\laravel\\framework\\src\\Illuminate\\Routing\\Router.php(628): Illuminate\\Routing\\Router->runRoute(Object(Illuminate\\Http\\Request), Object(Illuminate\\Routing\\Route))
#41 C:\\Users\\admin\\OneDrive\\Code Work\\laravel\\api-ssc.edu\\vendor\\laravel\\framework\\src\\Illuminate\\Routing\\Router.php(617): Illuminate\\Routing\\Router->dispatchToRoute(Object(Illuminate\\Http\\Request))
#42 C:\\Users\\admin\\OneDrive\\Code Work\\laravel\\api-ssc.edu\\vendor\\laravel\\framework\\src\\Illuminate\\Foundation\\Http\\Kernel.php(165): Illuminate\\Routing\\Router->dispatch(Object(Illuminate\\Http\\Request))
#43 C:\\Users\\admin\\OneDrive\\Code Work\\laravel\\api-ssc.edu\\vendor\\laravel\\framework\\src\\Illuminate\\Pipeline\\Pipeline.php(128): Illuminate\\Foundation\\Http\\Kernel->Illuminate\\Foundation\\Http\\{closure}(Object(Illuminate\\Http\\Request))
#44 C:\\Users\\admin\\OneDrive\\Code Work\\laravel\\api-ssc.edu\\app\\Http\\Middleware\\FilterParams.php(37): Illuminate\\Pipeline\\Pipeline->Illuminate\\Pipeline\\{closure}(Object(Illuminate\\Http\\Request))
#45 C:\\Users\\admin\\OneDrive\\Code Work\\laravel\\api-ssc.edu\\vendor\\laravel\\framework\\src\\Illuminate\\Pipeline\\Pipeline.php(167): App\\Http\\Middleware\\FilterParams->handle(Object(Illuminate\\Http\\Request), Object(Closure))
#46 C:\\Users\\admin\\OneDrive\\Code Work\\laravel\\api-ssc.edu\\app\\Http\\Middleware\\FilterOtp.php(44): Illuminate\\Pipeline\\Pipeline->Illuminate\\Pipeline\\{closure}(Object(Illuminate\\Http\\Request))
#47 C:\\Users\\admin\\OneDrive\\Code Work\\laravel\\api-ssc.edu\\vendor\\laravel\\framework\\src\\Illuminate\\Pipeline\\Pipeline.php(167): App\\Http\\Middleware\\FilterOtp->handle(Object(Illuminate\\Http\\Request), Object(Closure))
#48 C:\\Users\\admin\\OneDrive\\Code Work\\laravel\\api-ssc.edu\\app\\Http\\Middleware\\FilterPassword.php(72): Illuminate\\Pipeline\\Pipeline->Illuminate\\Pipeline\\{closure}(Object(Illuminate\\Http\\Request))
#49 C:\\Users\\admin\\OneDrive\\Code Work\\laravel\\api-ssc.edu\\vendor\\laravel\\framework\\src\\Illuminate\\Pipeline\\Pipeline.php(167): App\\Http\\Middleware\\FilterPassword->handle(Object(Illuminate\\Http\\Request), Object(Closure))
#50 C:\\Users\\admin\\OneDrive\\Code Work\\laravel\\api-ssc.edu\\vendor\\laravel\\framework\\src\\Illuminate\\Foundation\\Http\\Middleware\\TransformsRequest.php(21): Illuminate\\Pipeline\\Pipeline->Illuminate\\Pipeline\\{closure}(Object(Illuminate\\Http\\Request))
#51 C:\\Users\\admin\\OneDrive\\Code Work\\laravel\\api-ssc.edu\\vendor\\laravel\\framework\\src\\Illuminate\\Pipeline\\Pipeline.php(167): Illuminate\\Foundation\\Http\\Middleware\\TransformsRequest->handle(Object(Illuminate\\Http\\Request), Object(Closure))
#52 C:\\Users\\admin\\OneDrive\\Code Work\\laravel\\api-ssc.edu\\vendor\\laravel\\framework\\src\\Illuminate\\Foundation\\Http\\Middleware\\TransformsRequest.php(21): Illuminate\\Pipeline\\Pipeline->Illuminate\\Pipeline\\{closure}(Object(Illuminate\\Http\\Request))
#53 C:\\Users\\admin\\OneDrive\\Code Work\\laravel\\api-ssc.edu\\vendor\\laravel\\framework\\src\\Illuminate\\Pipeline\\Pipeline.php(167): Illuminate\\Foundation\\Http\\Middleware\\TransformsRequest->handle(Object(Illuminate\\Http\\Request), Object(Closure))
#54 C:\\Users\\admin\\OneDrive\\Code Work\\laravel\\api-ssc.edu\\vendor\\laravel\\framework\\src\\Illuminate\\Foundation\\Http\\Middleware\\ValidatePostSize.php(27): Illuminate\\Pipeline\\Pipeline->Illuminate\\Pipeline\\{closure}(Object(Illuminate\\Http\\Request))
#55 C:\\Users\\admin\\OneDrive\\Code Work\\laravel\\api-ssc.edu\\vendor\\laravel\\framework\\src\\Illuminate\\Pipeline\\Pipeline.php(167): Illuminate\\Foundation\\Http\\Middleware\\ValidatePostSize->handle(Object(Illuminate\\Http\\Request), Object(Closure))
#56 C:\\Users\\admin\\OneDrive\\Code Work\\laravel\\api-ssc.edu\\vendor\\laravel\\framework\\src\\Illuminate\\Foundation\\Http\\Middleware\\CheckForMaintenanceMode.php(63): Illuminate\\Pipeline\\Pipeline->Illuminate\\Pipeline\\{closure}(Object(Illuminate\\Http\\Request))
#57 C:\\Users\\admin\\OneDrive\\Code Work\\laravel\\api-ssc.edu\\app\\Http\\Middleware\\CheckForMaintenanceMode.php(29): Illuminate\\Foundation\\Http\\Middleware\\CheckForMaintenanceMode->handle(Object(Illuminate\\Http\\Request), Object(Closure))
#58 C:\\Users\\admin\\OneDrive\\Code Work\\laravel\\api-ssc.edu\\vendor\\laravel\\framework\\src\\Illuminate\\Pipeline\\Pipeline.php(167): App\\Http\\Middleware\\CheckForMaintenanceMode->handle(Object(Illuminate\\Http\\Request), Object(Closure))
#59 C:\\Users\\admin\\OneDrive\\Code Work\\laravel\\api-ssc.edu\\vendor\\fruitcake\\laravel-cors\\src\\HandleCors.php(52): Illuminate\\Pipeline\\Pipeline->Illuminate\\Pipeline\\{closure}(Object(Illuminate\\Http\\Request))
#60 C:\\Users\\admin\\OneDrive\\Code Work\\laravel\\api-ssc.edu\\vendor\\laravel\\framework\\src\\Illuminate\\Pipeline\\Pipeline.php(167): Fruitcake\\Cors\\HandleCors->handle(Object(Illuminate\\Http\\Request), Object(Closure))
#61 C:\\Users\\admin\\OneDrive\\Code Work\\laravel\\api-ssc.edu\\vendor\\fideloper\\proxy\\src\\TrustProxies.php(57): Illuminate\\Pipeline\\Pipeline->Illuminate\\Pipeline\\{closure}(Object(Illuminate\\Http\\Request))
#62 C:\\Users\\admin\\OneDrive\\Code Work\\laravel\\api-ssc.edu\\vendor\\laravel\\framework\\src\\Illuminate\\Pipeline\\Pipeline.php(167): Fideloper\\Proxy\\TrustProxies->handle(Object(Illuminate\\Http\\Request), Object(Closure))
#63 C:\\Users\\admin\\OneDrive\\Code Work\\laravel\\api-ssc.edu\\vendor\\laravel\\framework\\src\\Illuminate\\Pipeline\\Pipeline.php(103): Illuminate\\Pipeline\\Pipeline->Illuminate\\Pipeline\\{closure}(Object(Illuminate\\Http\\Request))
#64 C:\\Users\\admin\\OneDrive\\Code Work\\laravel\\api-ssc.edu\\vendor\\laravel\\framework\\src\\Illuminate\\Foundation\\Http\\Kernel.php(140): Illuminate\\Pipeline\\Pipeline->then(Object(Closure))
#65 C:\\Users\\admin\\OneDrive\\Code Work\\laravel\\api-ssc.edu\\vendor\\laravel\\framework\\src\\Illuminate\\Foundation\\Http\\Kernel.php(109): Illuminate\\Foundation\\Http\\Kernel->sendRequestThroughRouter(Object(Illuminate\\Http\\Request))
#66 C:\\Users\\admin\\OneDrive\\Code Work\\laravel\\api-ssc.edu\\public\\index.php(55): Illuminate\\Foundation\\Http\\Kernel->handle(Object(Illuminate\\Http\\Request))
#67 C:\\Users\\admin\\OneDrive\\Code Work\\laravel\\api-ssc.edu\\server.php(21): require_once('C:\\\\Users\\\\admin\\\\...')
#68 {main}
"} 
