[2024-07-16 20:30:59] local.ERROR: Call to a member function lte() on string {"userId":4,"exception":"[object] (Error(code: 0): Call to a member function lte() on string at D:\\OneDrive\\Code Work\\laravel\\work\\quanly-giaodich-live\\app\\Http\\Controllers\\Api\\MoneyComesBackController.php:751)
[stacktrace]
#0 D:\\OneDrive\\Code Work\\laravel\\work\\quanly-giaodich-live\\vendor\\laravel\\framework\\src\\Illuminate\\Routing\\Controller.php(54): App\\Http\\Controllers\\Api\\MoneyComesBackController->getProfit()
#1 D:\\OneDrive\\Code Work\\laravel\\work\\quanly-giaodich-live\\vendor\\laravel\\framework\\src\\Illuminate\\Routing\\ControllerDispatcher.php(45): Illuminate\\Routing\\Controller->callAction('getProfit', Array)
#2 D:\\OneDrive\\Code Work\\laravel\\work\\quanly-giaodich-live\\vendor\\laravel\\framework\\src\\Illuminate\\Routing\\Route.php(261): Illuminate\\Routing\\ControllerDispatcher->dispatch(Object(Illuminate\\Routing\\Route), Object(App\\Http\\Controllers\\Api\\MoneyComesBackController), 'getProfit')
#3 D:\\OneDrive\\Code Work\\laravel\\work\\quanly-giaodich-live\\vendor\\laravel\\framework\\src\\Illuminate\\Routing\\Route.php(205): Illuminate\\Routing\\Route->runController()
#4 D:\\OneDrive\\Code Work\\laravel\\work\\quanly-giaodich-live\\vendor\\laravel\\framework\\src\\Illuminate\\Routing\\Router.php(721): Illuminate\\Routing\\Route->run()
#5 D:\\OneDrive\\Code Work\\laravel\\work\\quanly-giaodich-live\\vendor\\laravel\\framework\\src\\Illuminate\\Pipeline\\Pipeline.php(128): Illuminate\\Routing\\Router->Illuminate\\Routing\\{closure}(Object(Illuminate\\Http\\Request))
#6 D:\\OneDrive\\Code Work\\laravel\\work\\quanly-giaodich-live\\vendor\\tymon\\jwt-auth\\src\\Http\\Middleware\\Authenticate.php(32): Illuminate\\Pipeline\\Pipeline->Illuminate\\Pipeline\\{closure}(Object(Illuminate\\Http\\Request))
#7 D:\\OneDrive\\Code Work\\laravel\\work\\quanly-giaodich-live\\vendor\\laravel\\framework\\src\\Illuminate\\Pipeline\\Pipeline.php(167): Tymon\\JWTAuth\\Http\\Middleware\\Authenticate->handle(Object(Illuminate\\Http\\Request), Object(Closure))
#8 D:\\OneDrive\\Code Work\\laravel\\work\\quanly-giaodich-live\\vendor\\laravel\\framework\\src\\Illuminate\\Routing\\Middleware\\SubstituteBindings.php(50): Illuminate\\Pipeline\\Pipeline->Illuminate\\Pipeline\\{closure}(Object(Illuminate\\Http\\Request))
#9 D:\\OneDrive\\Code Work\\laravel\\work\\quanly-giaodich-live\\vendor\\laravel\\framework\\src\\Illuminate\\Pipeline\\Pipeline.php(167): Illuminate\\Routing\\Middleware\\SubstituteBindings->handle(Object(Illuminate\\Http\\Request), Object(Closure))
#10 D:\\OneDrive\\Code Work\\laravel\\work\\quanly-giaodich-live\\vendor\\laravel\\framework\\src\\Illuminate\\Routing\\Middleware\\ThrottleRequests.php(127): Illuminate\\Pipeline\\Pipeline->Illuminate\\Pipeline\\{closure}(Object(Illuminate\\Http\\Request))
#11 D:\\OneDrive\\Code Work\\laravel\\work\\quanly-giaodich-live\\vendor\\laravel\\framework\\src\\Illuminate\\Routing\\Middleware\\ThrottleRequests.php(58): Illuminate\\Routing\\Middleware\\ThrottleRequests->handleRequest(Object(Illuminate\\Http\\Request), Object(Closure), Array)
#12 D:\\OneDrive\\Code Work\\laravel\\work\\quanly-giaodich-live\\vendor\\laravel\\framework\\src\\Illuminate\\Pipeline\\Pipeline.php(167): Illuminate\\Routing\\Middleware\\ThrottleRequests->handle(Object(Illuminate\\Http\\Request), Object(Closure), '300', '1')
#13 D:\\OneDrive\\Code Work\\laravel\\work\\quanly-giaodich-live\\vendor\\laravel\\framework\\src\\Illuminate\\Pipeline\\Pipeline.php(103): Illuminate\\Pipeline\\Pipeline->Illuminate\\Pipeline\\{closure}(Object(Illuminate\\Http\\Request))
#14 D:\\OneDrive\\Code Work\\laravel\\work\\quanly-giaodich-live\\vendor\\laravel\\framework\\src\\Illuminate\\Routing\\Router.php(719): Illuminate\\Pipeline\\Pipeline->then(Object(Closure))
#15 D:\\OneDrive\\Code Work\\laravel\\work\\quanly-giaodich-live\\vendor\\laravel\\framework\\src\\Illuminate\\Routing\\Router.php(698): Illuminate\\Routing\\Router->runRouteWithinStack(Object(Illuminate\\Routing\\Route), Object(Illuminate\\Http\\Request))
#16 D:\\OneDrive\\Code Work\\laravel\\work\\quanly-giaodich-live\\vendor\\laravel\\framework\\src\\Illuminate\\Routing\\Router.php(662): Illuminate\\Routing\\Router->runRoute(Object(Illuminate\\Http\\Request), Object(Illuminate\\Routing\\Route))
#17 D:\\OneDrive\\Code Work\\laravel\\work\\quanly-giaodich-live\\vendor\\laravel\\framework\\src\\Illuminate\\Routing\\Router.php(651): Illuminate\\Routing\\Router->dispatchToRoute(Object(Illuminate\\Http\\Request))
#18 D:\\OneDrive\\Code Work\\laravel\\work\\quanly-giaodich-live\\vendor\\laravel\\framework\\src\\Illuminate\\Foundation\\Http\\Kernel.php(167): Illuminate\\Routing\\Router->dispatch(Object(Illuminate\\Http\\Request))
#19 D:\\OneDrive\\Code Work\\laravel\\work\\quanly-giaodich-live\\vendor\\laravel\\framework\\src\\Illuminate\\Pipeline\\Pipeline.php(128): Illuminate\\Foundation\\Http\\Kernel->Illuminate\\Foundation\\Http\\{closure}(Object(Illuminate\\Http\\Request))
#20 D:\\OneDrive\\Code Work\\laravel\\work\\quanly-giaodich-live\\app\\Http\\Middleware\\FilterParams.php(37): Illuminate\\Pipeline\\Pipeline->Illuminate\\Pipeline\\{closure}(Object(Illuminate\\Http\\Request))
#21 D:\\OneDrive\\Code Work\\laravel\\work\\quanly-giaodich-live\\vendor\\laravel\\framework\\src\\Illuminate\\Pipeline\\Pipeline.php(167): App\\Http\\Middleware\\FilterParams->handle(Object(Illuminate\\Http\\Request), Object(Closure))
#22 D:\\OneDrive\\Code Work\\laravel\\work\\quanly-giaodich-live\\app\\Http\\Middleware\\FilterOtp.php(44): Illuminate\\Pipeline\\Pipeline->Illuminate\\Pipeline\\{closure}(Object(Illuminate\\Http\\Request))
#23 D:\\OneDrive\\Code Work\\laravel\\work\\quanly-giaodich-live\\vendor\\laravel\\framework\\src\\Illuminate\\Pipeline\\Pipeline.php(167): App\\Http\\Middleware\\FilterOtp->handle(Object(Illuminate\\Http\\Request), Object(Closure))
#24 D:\\OneDrive\\Code Work\\laravel\\work\\quanly-giaodich-live\\vendor\\laravel\\framework\\src\\Illuminate\\Foundation\\Http\\Middleware\\TransformsRequest.php(21): Illuminate\\Pipeline\\Pipeline->Illuminate\\Pipeline\\{closure}(Object(Illuminate\\Http\\Request))
#25 D:\\OneDrive\\Code Work\\laravel\\work\\quanly-giaodich-live\\vendor\\laravel\\framework\\src\\Illuminate\\Foundation\\Http\\Middleware\\ConvertEmptyStringsToNull.php(31): Illuminate\\Foundation\\Http\\Middleware\\TransformsRequest->handle(Object(Illuminate\\Http\\Request), Object(Closure))
#26 D:\\OneDrive\\Code Work\\laravel\\work\\quanly-giaodich-live\\vendor\\laravel\\framework\\src\\Illuminate\\Pipeline\\Pipeline.php(167): Illuminate\\Foundation\\Http\\Middleware\\ConvertEmptyStringsToNull->handle(Object(Illuminate\\Http\\Request), Object(Closure))
#27 D:\\OneDrive\\Code Work\\laravel\\work\\quanly-giaodich-live\\vendor\\laravel\\framework\\src\\Illuminate\\Foundation\\Http\\Middleware\\TransformsRequest.php(21): Illuminate\\Pipeline\\Pipeline->Illuminate\\Pipeline\\{closure}(Object(Illuminate\\Http\\Request))
#28 D:\\OneDrive\\Code Work\\laravel\\work\\quanly-giaodich-live\\vendor\\laravel\\framework\\src\\Illuminate\\Foundation\\Http\\Middleware\\TrimStrings.php(40): Illuminate\\Foundation\\Http\\Middleware\\TransformsRequest->handle(Object(Illuminate\\Http\\Request), Object(Closure))
#29 D:\\OneDrive\\Code Work\\laravel\\work\\quanly-giaodich-live\\vendor\\laravel\\framework\\src\\Illuminate\\Pipeline\\Pipeline.php(167): Illuminate\\Foundation\\Http\\Middleware\\TrimStrings->handle(Object(Illuminate\\Http\\Request), Object(Closure))
#30 D:\\OneDrive\\Code Work\\laravel\\work\\quanly-giaodich-live\\vendor\\laravel\\framework\\src\\Illuminate\\Foundation\\Http\\Middleware\\ValidatePostSize.php(27): Illuminate\\Pipeline\\Pipeline->Illuminate\\Pipeline\\{closure}(Object(Illuminate\\Http\\Request))
#31 D:\\OneDrive\\Code Work\\laravel\\work\\quanly-giaodich-live\\vendor\\laravel\\framework\\src\\Illuminate\\Pipeline\\Pipeline.php(167): Illuminate\\Foundation\\Http\\Middleware\\ValidatePostSize->handle(Object(Illuminate\\Http\\Request), Object(Closure))
#32 D:\\OneDrive\\Code Work\\laravel\\work\\quanly-giaodich-live\\vendor\\laravel\\framework\\src\\Illuminate\\Foundation\\Http\\Middleware\\PreventRequestsDuringMaintenance.php(86): Illuminate\\Pipeline\\Pipeline->Illuminate\\Pipeline\\{closure}(Object(Illuminate\\Http\\Request))
#33 D:\\OneDrive\\Code Work\\laravel\\work\\quanly-giaodich-live\\app\\Http\\Middleware\\CheckForMaintenanceMode.php(29): Illuminate\\Foundation\\Http\\Middleware\\PreventRequestsDuringMaintenance->handle(Object(Illuminate\\Http\\Request), Object(Closure))
#34 D:\\OneDrive\\Code Work\\laravel\\work\\quanly-giaodich-live\\vendor\\laravel\\framework\\src\\Illuminate\\Pipeline\\Pipeline.php(167): App\\Http\\Middleware\\CheckForMaintenanceMode->handle(Object(Illuminate\\Http\\Request), Object(Closure))
#35 D:\\OneDrive\\Code Work\\laravel\\work\\quanly-giaodich-live\\vendor\\fruitcake\\laravel-cors\\src\\HandleCors.php(52): Illuminate\\Pipeline\\Pipeline->Illuminate\\Pipeline\\{closure}(Object(Illuminate\\Http\\Request))
#36 D:\\OneDrive\\Code Work\\laravel\\work\\quanly-giaodich-live\\vendor\\laravel\\framework\\src\\Illuminate\\Pipeline\\Pipeline.php(167): Fruitcake\\Cors\\HandleCors->handle(Object(Illuminate\\Http\\Request), Object(Closure))
#37 D:\\OneDrive\\Code Work\\laravel\\work\\quanly-giaodich-live\\vendor\\fideloper\\proxy\\src\\TrustProxies.php(57): Illuminate\\Pipeline\\Pipeline->Illuminate\\Pipeline\\{closure}(Object(Illuminate\\Http\\Request))
#38 D:\\OneDrive\\Code Work\\laravel\\work\\quanly-giaodich-live\\vendor\\laravel\\framework\\src\\Illuminate\\Pipeline\\Pipeline.php(167): Fideloper\\Proxy\\TrustProxies->handle(Object(Illuminate\\Http\\Request), Object(Closure))
#39 D:\\OneDrive\\Code Work\\laravel\\work\\quanly-giaodich-live\\vendor\\laravel\\framework\\src\\Illuminate\\Pipeline\\Pipeline.php(103): Illuminate\\Pipeline\\Pipeline->Illuminate\\Pipeline\\{closure}(Object(Illuminate\\Http\\Request))
#40 D:\\OneDrive\\Code Work\\laravel\\work\\quanly-giaodich-live\\vendor\\laravel\\framework\\src\\Illuminate\\Foundation\\Http\\Kernel.php(142): Illuminate\\Pipeline\\Pipeline->then(Object(Closure))
#41 D:\\OneDrive\\Code Work\\laravel\\work\\quanly-giaodich-live\\vendor\\laravel\\framework\\src\\Illuminate\\Foundation\\Http\\Kernel.php(111): Illuminate\\Foundation\\Http\\Kernel->sendRequestThroughRouter(Object(Illuminate\\Http\\Request))
#42 D:\\OneDrive\\Code Work\\laravel\\work\\quanly-giaodich-live\\public\\index.php(54): Illuminate\\Foundation\\Http\\Kernel->handle(Object(Illuminate\\Http\\Request))
#43 D:\\OneDrive\\Code Work\\laravel\\work\\quanly-giaodich-live\\server.php(21): require_once('D:\\\\OneDrive\\\\Cod...')
#44 {main}
"} 
